<?xml version="1.0" encoding="UTF-8"?>
<coverage generated="1541238340102" clover="3.2.0">
  <project timestamp="1541238340102" name="All files">
    <metrics statements="802" coveredstatements="0" conditionals="3727" coveredconditionals="0" methods="578" coveredmethods="0" elements="5107" coveredelements="0" complexity="0" loc="802" ncloc="802" packages="24" files="42" classes="42">
      <package name="ssr-react-router-node-app">
        <metrics statements="4" coveredstatements="0" conditionals="0" coveredconditionals="0" methods="0" coveredmethods="0"/>
        <file name="webpack.config.js" path="/Users/janelthomas/reactJS/ssr-react-router-node-app/webpack.config.js">
          <metrics statements="4" coveredstatements="0" conditionals="0" coveredconditionals="0" methods="0" coveredmethods="0"/>
          <line num="1" count="0" type="stmt"/>
          <line num="2" count="0" type="stmt"/>
          <line num="3" count="0" type="stmt"/>
          <line num="5" count="0" type="stmt"/>
        </file>
      </package>
      <package name="ssr-react-router-node-app.app.components">
        <metrics statements="4" coveredstatements="0" conditionals="0" coveredconditionals="0" methods="3" coveredmethods="0"/>
        <file name="App.js" path="/Users/janelthomas/reactJS/ssr-react-router-node-app/app/components/App.js">
          <metrics statements="4" coveredstatements="0" conditionals="0" coveredconditionals="0" methods="3" coveredmethods="0"/>
          <line num="15" count="0" type="stmt"/>
          <line num="17" count="0" type="stmt"/>
          <line num="22" count="0" type="stmt"/>
          <line num="23" count="0" type="stmt"/>
        </file>
      </package>
      <package name="ssr-react-router-node-app.build.webpack:.app">
        <metrics statements="1" coveredstatements="0" conditionals="0" coveredconditionals="0" methods="0" coveredmethods="0"/>
        <file name="index.js" path="/Users/janelthomas/reactJS/ssr-react-router-node-app/build/webpack:/app/index.js">
          <metrics statements="1" coveredstatements="0" conditionals="0" coveredconditionals="0" methods="0" coveredmethods="0"/>
          <line num="7" count="0" type="stmt"/>
        </file>
      </package>
      <package name="ssr-react-router-node-app.build.webpack:.app.components">
        <metrics statements="10" coveredstatements="0" conditionals="0" coveredconditionals="0" methods="4" coveredmethods="0"/>
        <file name="App.js" path="/Users/janelthomas/reactJS/ssr-react-router-node-app/build/webpack:/app/components/App.js">
          <metrics statements="4" coveredstatements="0" conditionals="0" coveredconditionals="0" methods="2" coveredmethods="0"/>
          <line num="15" count="0" type="stmt"/>
          <line num="17" count="0" type="stmt"/>
          <line num="22" count="0" type="stmt"/>
          <line num="23" count="0" type="stmt"/>
        </file>
        <file name="Home.js" path="/Users/janelthomas/reactJS/ssr-react-router-node-app/build/webpack:/app/components/Home.js">
          <metrics statements="1" coveredstatements="0" conditionals="0" coveredconditionals="0" methods="0" coveredmethods="0"/>
          <line num="4" count="0" type="stmt"/>
        </file>
        <file name="List.js" path="/Users/janelthomas/reactJS/ssr-react-router-node-app/build/webpack:/app/components/List.js">
          <metrics statements="5" coveredstatements="0" conditionals="0" coveredconditionals="0" methods="2" coveredmethods="0"/>
          <line num="3" count="0" type="stmt"/>
          <line num="4" count="0" type="stmt"/>
          <line num="7" count="0" type="stmt"/>
          <line num="12" count="0" type="stmt"/>
          <line num="13" count="0" type="stmt"/>
        </file>
      </package>
      <package name="ssr-react-router-node-app.build.webpack:.node_modules.history.es">
        <metrics statements="138" coveredstatements="0" conditionals="175" coveredconditionals="0" methods="34" coveredmethods="0"/>
        <file name="DOMUtils.js" path="/Users/janelthomas/reactJS/ssr-react-router-node-app/build/webpack:/node_modules/history/es/DOMUtils.js">
          <metrics statements="6" coveredstatements="0" conditionals="16" coveredconditionals="0" methods="1" coveredmethods="0"/>
          <line num="4" count="0" type="cond" truecount="0" falsecount="2"/>
          <line num="8" count="0" type="cond" truecount="0" falsecount="2"/>
          <line num="12" count="0" type="stmt"/>
          <line num="23" count="0" type="stmt"/>
          <line num="25" count="0" type="cond" truecount="0" falsecount="7"/>
          <line num="51" count="0" type="cond" truecount="0" falsecount="2"/>
        </file>
        <file name="LocationUtils.js" path="/Users/janelthomas/reactJS/ssr-react-router-node-app/build/webpack:/node_modules/history/es/LocationUtils.js">
          <metrics statements="8" coveredstatements="0" conditionals="35" coveredconditionals="0" methods="0" coveredmethods="0"/>
          <line num="1" count="0" type="cond" truecount="0" falsecount="3"/>
          <line num="8" count="0" type="stmt"/>
          <line num="9" count="0" type="cond" truecount="0" falsecount="2"/>
          <line num="34" count="0" type="stmt"/>
          <line num="35" count="0" type="stmt"/>
          <line num="37" count="0" type="stmt"/>
          <line num="60" count="0" type="stmt"/>
          <line num="64" count="0" type="cond" truecount="0" falsecount="5"/>
        </file>
        <file name="PathUtils.js" path="/Users/janelthomas/reactJS/ssr-react-router-node-app/build/webpack:/node_modules/history/es/PathUtils.js">
          <metrics statements="15" coveredstatements="0" conditionals="28" coveredconditionals="0" methods="1" coveredmethods="0"/>
          <line num="2" count="0" type="cond" truecount="0" falsecount="2"/>
          <line num="10" count="0" type="stmt"/>
          <line num="14" count="0" type="cond" truecount="0" falsecount="2"/>
          <line num="18" count="0" type="cond" truecount="0" falsecount="2"/>
          <line num="22" count="0" type="cond" truecount="0" falsecount="2"/>
          <line num="23" count="0" type="stmt"/>
          <line num="24" count="0" type="stmt"/>
          <line num="26" count="0" type="cond" truecount="0" falsecount="2"/>
          <line num="32" count="0" type="stmt"/>
          <line num="38" count="0" type="cond" truecount="0" falsecount="2"/>
          <line num="46" count="0" type="stmt"/>
          <line num="47" count="0" type="stmt"/>
          <line num="48" count="0" type="stmt"/>
          <line num="51" count="0" type="cond" truecount="0" falsecount="2"/>
          <line num="57" count="0" type="stmt"/>
        </file>
        <file name="createBrowserHistory.js" path="/Users/janelthomas/reactJS/ssr-react-router-node-app/build/webpack:/node_modules/history/es/createBrowserHistory.js">
          <metrics statements="88" coveredstatements="0" conditionals="83" coveredconditionals="0" methods="22" coveredmethods="0"/>
          <line num="1" count="0" type="cond" truecount="0" falsecount="9"/>
          <line num="3" count="0" type="cond" truecount="0" falsecount="3"/>
          <line num="16" count="0" type="stmt"/>
          <line num="17" count="0" type="cond" truecount="0" falsecount="2"/>
          <line num="21" count="0" type="stmt"/>
          <line num="30" count="0" type="cond" truecount="0" falsecount="2"/>
          <line num="32" count="0" type="stmt"/>
          <line num="34" count="0" type="stmt"/>
          <line num="36" count="0" type="stmt"/>
          <line num="38" count="0" type="stmt"/>
          <line num="39" count="0" type="cond" truecount="0" falsecount="2"/>
          <line num="40" count="0" type="stmt"/>
          <line num="41" count="0" type="cond" truecount="0" falsecount="2"/>
          <line num="42" count="0" type="stmt"/>
          <line num="43" count="0" type="cond" truecount="0" falsecount="2"/>
          <line num="45" count="0" type="cond" truecount="0" falsecount="2"/>
          <line num="47" count="0" type="stmt"/>
          <line num="48" count="0" type="cond" truecount="0" falsecount="2"/>
          <line num="49" count="0" type="stmt"/>
          <line num="50" count="0" type="stmt"/>
          <line num="52" count="0" type="stmt"/>
          <line num="53" count="0" type="stmt"/>
          <line num="64" count="0" type="stmt"/>
          <line num="67" count="0" type="stmt"/>
          <line num="68" count="0" type="stmt"/>
          <line num="71" count="0" type="stmt"/>
          <line num="73" count="0" type="stmt"/>
          <line num="74" count="0" type="stmt"/>
          <line num="81" count="0" type="cond" truecount="0" falsecount="2"/>
          <line num="88" count="0" type="stmt"/>
          <line num="89" count="0" type="stmt"/>
          <line num="92" count="0" type="stmt"/>
          <line num="94" count="0" type="stmt"/>
          <line num="95" count="0" type="stmt"/>
          <line num="102" count="0" type="stmt"/>
          <line num="111" count="0" type="stmt"/>
          <line num="112" count="0" type="stmt"/>
          <line num="118" count="0" type="cond" truecount="0" falsecount="2"/>
          <line num="122" count="0" type="cond" truecount="0" falsecount="2"/>
          <line num="126" count="0" type="stmt"/>
          <line num="128" count="0" type="cond" truecount="0" falsecount="2"/>
          <line num="134" count="0" type="stmt"/>
          <line num="135" count="0" type="stmt"/>
          <line num="139" count="0" type="stmt"/>
          <line num="140" count="0" type="stmt"/>
          <line num="144" count="0" type="cond" truecount="0" falsecount="5"/>
          <line num="147" count="0" type="stmt"/>
          <line num="149" count="0" type="stmt"/>
          <line num="150" count="0" type="cond" truecount="0" falsecount="2"/>
          <line num="152" count="0" type="stmt"/>
          <line num="153" count="0" type="stmt"/>
          <line num="154" count="0" type="stmt"/>
          <line num="157" count="0" type="cond" truecount="0" falsecount="2"/>
          <line num="160" count="0" type="cond" truecount="0" falsecount="2"/>
          <line num="161" count="0" type="stmt"/>
          <line num="163" count="0" type="stmt"/>
          <line num="164" count="0" type="cond" truecount="0" falsecount="2"/>
          <line num="166" count="0" type="stmt"/>
          <line num="172" count="0" type="stmt"/>
          <line num="180" count="0" type="cond" truecount="0" falsecount="5"/>
          <line num="183" count="0" type="stmt"/>
          <line num="185" count="0" type="stmt"/>
          <line num="186" count="0" type="cond" truecount="0" falsecount="2"/>
          <line num="188" count="0" type="stmt"/>
          <line num="189" count="0" type="stmt"/>
          <line num="190" count="0" type="stmt"/>
          <line num="193" count="0" type="cond" truecount="0" falsecount="2"/>
          <line num="196" count="0" type="cond" truecount="0" falsecount="2"/>
          <line num="197" count="0" type="stmt"/>
          <line num="199" count="0" type="cond" truecount="0" falsecount="2"/>
          <line num="206" count="0" type="stmt"/>
          <line num="213" count="0" type="stmt"/>
          <line num="214" count="0" type="stmt"/>
          <line num="218" count="0" type="stmt"/>
          <line num="222" count="0" type="stmt"/>
          <line num="225" count="0" type="stmt"/>
          <line num="227" count="0" type="stmt"/>
          <line num="230" count="0" type="stmt"/>
          <line num="241" count="0" type="stmt"/>
          <line num="244" count="0" type="cond" truecount="0" falsecount="3"/>
          <line num="246" count="0" type="stmt"/>
          <line num="253" count="0" type="stmt"/>
          <line num="259" count="0" type="stmt"/>
          <line num="264" count="0" type="stmt"/>
          <line num="267" count="0" type="stmt"/>
          <line num="268" count="0" type="stmt"/>
          <line num="273" count="0" type="stmt"/>
          <line num="287" count="0" type="stmt"/>
        </file>
        <file name="createHashHistory.js" path="/Users/janelthomas/reactJS/ssr-react-router-node-app/build/webpack:/node_modules/history/es/createHashHistory.js">
          <metrics statements="1" coveredstatements="0" conditionals="0" coveredconditionals="0" methods="0" coveredmethods="0"/>
          <line num="1" count="0" type="stmt"/>
        </file>
        <file name="createMemoryHistory.js" path="/Users/janelthomas/reactJS/ssr-react-router-node-app/build/webpack:/node_modules/history/es/createMemoryHistory.js">
          <metrics statements="0" coveredstatements="0" conditionals="1" coveredconditionals="0" methods="0" coveredmethods="0"/>
        </file>
        <file name="createTransitionManager.js" path="/Users/janelthomas/reactJS/ssr-react-router-node-app/build/webpack:/node_modules/history/es/createTransitionManager.js">
          <metrics statements="19" coveredstatements="0" conditionals="12" coveredconditionals="0" methods="9" coveredmethods="0"/>
          <line num="4" count="0" type="stmt"/>
          <line num="11" count="0" type="stmt"/>
          <line num="12" count="0" type="cond" truecount="0" falsecount="2"/>
          <line num="20" count="0" type="cond" truecount="0" falsecount="2"/>
          <line num="21" count="0" type="cond" truecount="0" falsecount="2"/>
          <line num="23" count="0" type="stmt"/>
          <line num="36" count="0" type="stmt"/>
          <line num="40" count="0" type="stmt"/>
          <line num="43" count="0" type="stmt"/>
          <line num="45" count="0" type="stmt"/>
          <line num="46" count="0" type="cond" truecount="0" falsecount="2"/>
          <line num="51" count="0" type="stmt"/>
          <line num="52" count="0" type="stmt"/>
          <line num="54" count="0" type="stmt"/>
          <line num="60" count="0" type="stmt"/>
          <line num="61" count="0" type="stmt"/>
          <line num="64" count="0" type="stmt"/>
          <line num="65" count="0" type="stmt"/>
          <line num="69" count="0" type="stmt"/>
        </file>
        <file name="index.js" path="/Users/janelthomas/reactJS/ssr-react-router-node-app/build/webpack:/node_modules/history/es/index.js">
          <metrics statements="1" coveredstatements="0" conditionals="0" coveredconditionals="0" methods="1" coveredmethods="0"/>
          <line num="1" count="0" type="stmt"/>
        </file>
      </package>
      <package name="ssr-react-router-node-app.build.webpack:.node_modules.history.node_modules.warning">
        <metrics statements="1" coveredstatements="0" conditionals="0" coveredconditionals="0" methods="1" coveredmethods="0"/>
        <file name="browser.js" path="/Users/janelthomas/reactJS/ssr-react-router-node-app/build/webpack:/node_modules/history/node_modules/warning/browser.js">
          <metrics statements="1" coveredstatements="0" conditionals="0" coveredconditionals="0" methods="1" coveredmethods="0"/>
          <line num="60" count="0" type="stmt"/>
        </file>
      </package>
      <package name="ssr-react-router-node-app.build.webpack:.node_modules.invariant">
        <metrics statements="8" coveredstatements="0" conditionals="4" coveredconditionals="0" methods="2" coveredmethods="0"/>
        <file name="browser.js" path="/Users/janelthomas/reactJS/ssr-react-router-node-app/build/webpack:/node_modules/invariant/browser.js">
          <metrics statements="8" coveredstatements="0" conditionals="4" coveredconditionals="0" methods="2" coveredmethods="0"/>
          <line num="28" count="0" type="cond" truecount="0" falsecount="2"/>
          <line num="30" count="0" type="cond" truecount="0" falsecount="2"/>
          <line num="31" count="0" type="stmt"/>
          <line num="36" count="0" type="stmt"/>
          <line num="37" count="0" type="stmt"/>
          <line num="39" count="0" type="stmt"/>
          <line num="45" count="0" type="stmt"/>
          <line num="49" count="0" type="stmt"/>
        </file>
      </package>
      <package name="ssr-react-router-node-app.build.webpack:.node_modules.isarray">
        <metrics statements="2" coveredstatements="0" conditionals="2" coveredconditionals="0" methods="1" coveredmethods="0"/>
        <file name="index.js" path="/Users/janelthomas/reactJS/ssr-react-router-node-app/build/webpack:/node_modules/isarray/index.js">
          <metrics statements="2" coveredstatements="0" conditionals="2" coveredconditionals="0" methods="1" coveredmethods="0"/>
          <line num="1" count="0" type="cond" truecount="0" falsecount="2"/>
          <line num="2" count="0" type="stmt"/>
        </file>
      </package>
      <package name="ssr-react-router-node-app.build.webpack:.node_modules.object-assign">
        <metrics statements="27" coveredstatements="0" conditionals="14" coveredconditionals="0" methods="4" coveredmethods="0"/>
        <file name="index.js" path="/Users/janelthomas/reactJS/ssr-react-router-node-app/build/webpack:/node_modules/object-assign/index.js">
          <metrics statements="27" coveredstatements="0" conditionals="14" coveredconditionals="0" methods="4" coveredmethods="0"/>
          <line num="9" count="0" type="stmt"/>
          <line num="10" count="0" type="stmt"/>
          <line num="11" count="0" type="stmt"/>
          <line num="22" count="0" type="stmt"/>
          <line num="23" count="0" type="cond" truecount="0" falsecount="2"/>
          <line num="24" count="0" type="stmt"/>
          <line num="30" count="0" type="stmt"/>
          <line num="32" count="0" type="cond" truecount="0" falsecount="2"/>
          <line num="33" count="0" type="stmt"/>
          <line num="38" count="0" type="stmt"/>
          <line num="39" count="0" type="stmt"/>
          <line num="42" count="0" type="stmt"/>
          <line num="44" count="0" type="cond" truecount="0" falsecount="2"/>
          <line num="45" count="0" type="stmt"/>
          <line num="49" count="0" type="stmt"/>
          <line num="51" count="0" type="stmt"/>
          <line num="53" count="0" type="stmt"/>
          <line num="61" count="0" type="stmt"/>
          <line num="65" count="0" type="cond" truecount="0" falsecount="2"/>
          <line num="70" count="0" type="stmt"/>
          <line num="73" count="0" type="stmt"/>
          <line num="74" count="0" type="cond" truecount="0" falsecount="2"/>
          <line num="79" count="0" type="cond" truecount="0" falsecount="2"/>
          <line num="80" count="0" type="stmt"/>
          <line num="81" count="0" type="stmt"/>
          <line num="82" count="0" type="cond" truecount="0" falsecount="2"/>
          <line num="89" count="0" type="stmt"/>
        </file>
      </package>
      <package name="ssr-react-router-node-app.build.webpack:.node_modules.path-to-regexp">
        <metrics statements="83" coveredstatements="0" conditionals="89" coveredconditionals="0" methods="17" coveredmethods="0"/>
        <file name="index.js" path="/Users/janelthomas/reactJS/ssr-react-router-node-app/build/webpack:/node_modules/path-to-regexp/index.js">
          <metrics statements="83" coveredstatements="0" conditionals="89" coveredconditionals="0" methods="17" coveredmethods="0"/>
          <line num="1" count="0" type="stmt"/>
          <line num="6" count="0" type="stmt"/>
          <line num="17" count="0" type="stmt"/>
          <line num="45" count="0" type="stmt"/>
          <line num="46" count="0" type="stmt"/>
          <line num="47" count="0" type="stmt"/>
          <line num="48" count="0" type="stmt"/>
          <line num="53" count="0" type="cond" truecount="0" falsecount="2"/>
          <line num="54" count="0" type="stmt"/>
          <line num="58" count="0" type="stmt"/>
          <line num="59" count="0" type="stmt"/>
          <line num="60" count="0" type="stmt"/>
          <line num="61" count="0" type="stmt"/>
          <line num="62" count="0" type="stmt"/>
          <line num="63" count="0" type="stmt"/>
          <line num="64" count="0" type="stmt"/>
          <line num="67" count="0" type="cond" truecount="0" falsecount="2"/>
          <line num="72" count="0" type="cond" truecount="0" falsecount="3"/>
          <line num="73" count="0" type="cond" truecount="0" falsecount="2"/>
          <line num="74" count="0" type="cond" truecount="0" falsecount="2"/>
          <line num="75" count="0" type="cond" truecount="0" falsecount="2"/>
          <line num="76" count="0" type="cond" truecount="0" falsecount="2"/>
          <line num="78" count="0" type="stmt"/>
          <line num="100" count="0" type="stmt"/>
          <line num="111" count="0" type="stmt"/>
          <line num="121" count="0" type="stmt"/>
          <line num="122" count="0" type="stmt"/>
          <line num="133" count="0" type="stmt"/>
          <line num="134" count="0" type="stmt"/>
          <line num="146" count="0" type="stmt"/>
          <line num="147" count="0" type="cond" truecount="0" falsecount="2"/>
          <line num="152" count="0" type="stmt"/>
          <line num="158" count="0" type="stmt"/>
          <line num="159" count="0" type="stmt"/>
          <line num="161" count="0" type="cond" truecount="0" falsecount="2"/>
          <line num="162" count="0" type="stmt"/>
          <line num="167" count="0" type="stmt"/>
          <line num="170" count="0" type="cond" truecount="0" falsecount="2"/>
          <line num="171" count="0" type="cond" truecount="0" falsecount="2"/>
          <line num="173" count="0" type="cond" truecount="0" falsecount="2"/>
          <line num="177" count="0" type="stmt"/>
          <line num="179" count="0" type="stmt"/>
          <line num="183" count="0" type="cond" truecount="0" falsecount="2"/>
          <line num="184" count="0" type="cond" truecount="0" falsecount="2"/>
          <line num="185" count="0" type="stmt"/>
          <line num="188" count="0" type="cond" truecount="0" falsecount="2"/>
          <line num="189" count="0" type="cond" truecount="0" falsecount="2"/>
          <line num="190" count="0" type="stmt"/>
          <line num="192" count="0" type="stmt"/>
          <line num="196" count="0" type="stmt"/>
          <line num="199" count="0" type="cond" truecount="0" falsecount="2"/>
          <line num="200" count="0" type="stmt"/>
          <line num="203" count="0" type="cond" truecount="0" falsecount="2"/>
          <line num="211" count="0" type="cond" truecount="0" falsecount="2"/>
          <line num="212" count="0" type="stmt"/>
          <line num="215" count="0" type="stmt"/>
          <line num="218" count="0" type="stmt"/>
          <line num="229" count="0" type="stmt"/>
          <line num="239" count="0" type="stmt"/>
          <line num="251" count="0" type="stmt"/>
          <line num="261" count="0" type="cond" truecount="0" falsecount="2"/>
          <line num="273" count="0" type="stmt"/>
          <line num="275" count="0" type="cond" truecount="0" falsecount="2"/>
          <line num="276" count="0" type="stmt"/>
          <line num="277" count="0" type="stmt"/>
          <line num="290" count="0" type="stmt"/>
          <line num="304" count="0" type="stmt"/>
          <line num="305" count="0" type="stmt"/>
          <line num="310" count="0" type="stmt"/>
          <line num="322" count="0" type="stmt"/>
          <line num="334" count="0" type="cond" truecount="0" falsecount="2"/>
          <line num="346" count="0" type="stmt"/>
          <line num="347" count="0" type="stmt"/>
          <line num="349" count="0" type="cond" truecount="0" falsecount="2"/>
          <line num="350" count="0" type="stmt"/>
          <line num="352" count="0" type="stmt"/>
          <line num="353" count="0" type="stmt"/>
          <line num="355" count="0" type="stmt"/>
          <line num="375" count="0" type="cond" truecount="0" falsecount="2"/>
          <line num="376" count="0" type="stmt"/>
          <line num="394" count="0" type="stmt"/>
          <line num="417" count="0" type="stmt"/>
          <line num="425" count="0" type="stmt"/>
        </file>
      </package>
      <package name="ssr-react-router-node-app.build.webpack:.node_modules.prop-types">
        <metrics statements="10" coveredstatements="0" conditionals="2" coveredconditionals="0" methods="4" coveredmethods="0"/>
        <file name="factoryWithThrowingShims.js" path="/Users/janelthomas/reactJS/ssr-react-router-node-app/build/webpack:/node_modules/prop-types/factoryWithThrowingShims.js">
          <metrics statements="9" coveredstatements="0" conditionals="2" coveredconditionals="0" methods="4" coveredmethods="0"/>
          <line num="10" count="0" type="stmt"/>
          <line num="14" count="0" type="stmt"/>
          <line num="16" count="0" type="cond" truecount="0" falsecount="2"/>
          <line num="20" count="0" type="stmt"/>
          <line num="26" count="0" type="stmt"/>
          <line num="28" count="0" type="stmt"/>
          <line num="30" count="0" type="stmt"/>
          <line num="34" count="0" type="stmt"/>
          <line num="58" count="0" type="stmt"/>
        </file>
        <file name="index.js" path="/Users/janelthomas/reactJS/ssr-react-router-node-app/build/webpack:/node_modules/prop-types/index.js">
          <metrics statements="1" coveredstatements="0" conditionals="0" coveredconditionals="0" methods="0" coveredmethods="0"/>
          <line num="27" count="0" type="stmt"/>
        </file>
      </package>
      <package name="ssr-react-router-node-app.build.webpack:.node_modules.prop-types.lib">
        <metrics statements="1" coveredstatements="0" conditionals="0" coveredconditionals="0" methods="0" coveredmethods="0"/>
        <file name="ReactPropTypesSecret.js" path="/Users/janelthomas/reactJS/ssr-react-router-node-app/build/webpack:/node_modules/prop-types/lib/ReactPropTypesSecret.js">
          <metrics statements="1" coveredstatements="0" conditionals="0" coveredconditionals="0" methods="0" coveredmethods="0"/>
          <line num="12" count="0" type="stmt"/>
        </file>
      </package>
      <package name="ssr-react-router-node-app.build.webpack:.node_modules.react">
        <metrics statements="1" coveredstatements="0" conditionals="0" coveredconditionals="0" methods="0" coveredmethods="0"/>
        <file name="index.js" path="/Users/janelthomas/reactJS/ssr-react-router-node-app/build/webpack:/node_modules/react/index.js">
          <metrics statements="1" coveredstatements="0" conditionals="0" coveredconditionals="0" methods="0" coveredmethods="0"/>
          <line num="4" count="0" type="stmt"/>
        </file>
      </package>
      <package name="ssr-react-router-node-app.build.webpack:.node_modules.react-dom">
        <metrics statements="4" coveredstatements="0" conditionals="4" coveredconditionals="0" methods="1" coveredmethods="0"/>
        <file name="index.js" path="/Users/janelthomas/reactJS/ssr-react-router-node-app/build/webpack:/node_modules/react-dom/index.js">
          <metrics statements="4" coveredstatements="0" conditionals="4" coveredconditionals="0" methods="1" coveredmethods="0"/>
          <line num="5" count="0" type="cond" truecount="0" falsecount="2"/>
          <line num="21" count="0" type="stmt"/>
          <line num="23" count="0" type="stmt"/>
          <line num="27" count="0" type="stmt"/>
        </file>
      </package>
      <package name="ssr-react-router-node-app.build.webpack:.node_modules.react-dom.cjs">
        <metrics statements="234" coveredstatements="0" conditionals="2877" coveredconditionals="0" methods="365" coveredmethods="0"/>
        <file name="react-dom.production.min.js" path="/Users/janelthomas/reactJS/ssr-react-router-node-app/build/webpack:/node_modules/react-dom/cjs/react-dom.production.min.js">
          <metrics statements="234" coveredstatements="0" conditionals="2877" coveredconditionals="0" methods="365" coveredmethods="0"/>
          <line num="13" count="0" type="cond" truecount="0" falsecount="4"/>
          <line num="14" count="0" type="cond" truecount="0" falsecount="2"/>
          <line num="15" count="0" type="cond" truecount="0" falsecount="6"/>
          <line num="16" count="0" type="cond" truecount="0" falsecount="18"/>
          <line num="17" count="0" type="cond" truecount="0" falsecount="14"/>
          <line num="18" count="0" type="cond" truecount="0" falsecount="12"/>
          <line num="19" count="0" type="cond" truecount="0" falsecount="11"/>
          <line num="20" count="0" type="cond" truecount="0" falsecount="26"/>
          <line num="21" count="0" type="cond" truecount="0" falsecount="17"/>
          <line num="22" count="0" type="cond" truecount="0" falsecount="12"/>
          <line num="23" count="0" type="cond" truecount="0" falsecount="12"/>
          <line num="24" count="0" type="cond" truecount="0" falsecount="3"/>
          <line num="25" count="0" type="cond" truecount="0" falsecount="10"/>
          <line num="26" count="0" type="stmt"/>
          <line num="27" count="0" type="cond" truecount="0" falsecount="10"/>
          <line num="28" count="0" type="cond" truecount="0" falsecount="4"/>
          <line num="29" count="0" type="cond" truecount="0" falsecount="4"/>
          <line num="30" count="0" type="cond" truecount="0" falsecount="2"/>
          <line num="31" count="0" type="cond" truecount="0" falsecount="6"/>
          <line num="32" count="0" type="cond" truecount="0" falsecount="5"/>
          <line num="33" count="0" type="cond" truecount="0" falsecount="8"/>
          <line num="34" count="0" type="stmt"/>
          <line num="35" count="0" type="cond" truecount="0" falsecount="18"/>
          <line num="36" count="0" type="cond" truecount="0" falsecount="24"/>
          <line num="37" count="0" type="cond" truecount="0" falsecount="17"/>
          <line num="38" count="0" type="cond" truecount="0" falsecount="18"/>
          <line num="39" count="0" type="cond" truecount="0" falsecount="10"/>
          <line num="40" count="0" type="cond" truecount="0" falsecount="15"/>
          <line num="41" count="0" type="cond" truecount="0" falsecount="8"/>
          <line num="42" count="0" type="cond" truecount="0" falsecount="10"/>
          <line num="43" count="0" type="cond" truecount="0" falsecount="4"/>
          <line num="44" count="0" type="cond" truecount="0" falsecount="11"/>
          <line num="45" count="0" type="cond" truecount="0" falsecount="29"/>
          <line num="46" count="0" type="cond" truecount="0" falsecount="19"/>
          <line num="47" count="0" type="stmt"/>
          <line num="48" count="0" type="cond" truecount="0" falsecount="23"/>
          <line num="49" count="0" type="cond" truecount="0" falsecount="20"/>
          <line num="50" count="0" type="stmt"/>
          <line num="51" count="0" type="stmt"/>
          <line num="52" count="0" type="stmt"/>
          <line num="53" count="0" type="stmt"/>
          <line num="54" count="0" type="stmt"/>
          <line num="55" count="0" type="cond" truecount="0" falsecount="19"/>
          <line num="56" count="0" type="cond" truecount="0" falsecount="8"/>
          <line num="57" count="0" type="cond" truecount="0" falsecount="10"/>
          <line num="58" count="0" type="cond" truecount="0" falsecount="19"/>
          <line num="59" count="0" type="cond" truecount="0" falsecount="17"/>
          <line num="60" count="0" type="cond" truecount="0" falsecount="5"/>
          <line num="61" count="0" type="cond" truecount="0" falsecount="21"/>
          <line num="62" count="0" type="cond" truecount="0" falsecount="6"/>
          <line num="63" count="0" type="cond" truecount="0" falsecount="23"/>
          <line num="64" count="0" type="cond" truecount="0" falsecount="2"/>
          <line num="65" count="0" type="cond" truecount="0" falsecount="8"/>
          <line num="66" count="0" type="cond" truecount="0" falsecount="2"/>
          <line num="67" count="0" type="cond" truecount="0" falsecount="21"/>
          <line num="68" count="0" type="cond" truecount="0" falsecount="19"/>
          <line num="69" count="0" type="cond" truecount="0" falsecount="9"/>
          <line num="70" count="0" type="cond" truecount="0" falsecount="24"/>
          <line num="71" count="0" type="cond" truecount="0" falsecount="30"/>
          <line num="72" count="0" type="cond" truecount="0" falsecount="20"/>
          <line num="73" count="0" type="cond" truecount="0" falsecount="11"/>
          <line num="74" count="0" type="stmt"/>
          <line num="75" count="0" type="cond" truecount="0" falsecount="8"/>
          <line num="76" count="0" type="cond" truecount="0" falsecount="8"/>
          <line num="77" count="0" type="cond" truecount="0" falsecount="4"/>
          <line num="79" count="0" type="stmt"/>
          <line num="81" count="0" type="stmt"/>
          <line num="82" count="0" type="cond" truecount="0" falsecount="52"/>
          <line num="83" count="0" type="stmt"/>
          <line num="84" count="0" type="cond" truecount="0" falsecount="9"/>
          <line num="85" count="0" type="cond" truecount="0" falsecount="8"/>
          <line num="86" count="0" type="cond" truecount="0" falsecount="10"/>
          <line num="87" count="0" type="cond" truecount="0" falsecount="10"/>
          <line num="88" count="0" type="cond" truecount="0" falsecount="15"/>
          <line num="89" count="0" type="cond" truecount="0" falsecount="12"/>
          <line num="90" count="0" type="cond" truecount="0" falsecount="3"/>
          <line num="91" count="0" type="cond" truecount="0" falsecount="16"/>
          <line num="92" count="0" type="cond" truecount="0" falsecount="26"/>
          <line num="93" count="0" type="cond" truecount="0" falsecount="2"/>
          <line num="94" count="0" type="cond" truecount="0" falsecount="18"/>
          <line num="95" count="0" type="cond" truecount="0" falsecount="4"/>
          <line num="96" count="0" type="cond" truecount="0" falsecount="9"/>
          <line num="97" count="0" type="cond" truecount="0" falsecount="5"/>
          <line num="98" count="0" type="cond" truecount="0" falsecount="10"/>
          <line num="99" count="0" type="cond" truecount="0" falsecount="7"/>
          <line num="100" count="0" type="stmt"/>
          <line num="101" count="0" type="stmt"/>
          <line num="102" count="0" type="cond" truecount="0" falsecount="16"/>
          <line num="103" count="0" type="cond" truecount="0" falsecount="9"/>
          <line num="104" count="0" type="cond" truecount="0" falsecount="11"/>
          <line num="105" count="0" type="cond" truecount="0" falsecount="21"/>
          <line num="106" count="0" type="cond" truecount="0" falsecount="15"/>
          <line num="107" count="0" type="cond" truecount="0" falsecount="5"/>
          <line num="108" count="0" type="cond" truecount="0" falsecount="10"/>
          <line num="109" count="0" type="cond" truecount="0" falsecount="9"/>
          <line num="110" count="0" type="cond" truecount="0" falsecount="4"/>
          <line num="111" count="0" type="cond" truecount="0" falsecount="6"/>
          <line num="112" count="0" type="stmt"/>
          <line num="113" count="0" type="cond" truecount="0" falsecount="14"/>
          <line num="114" count="0" type="cond" truecount="0" falsecount="2"/>
          <line num="115" count="0" type="stmt"/>
          <line num="116" count="0" type="cond" truecount="0" falsecount="21"/>
          <line num="117" count="0" type="cond" truecount="0" falsecount="4"/>
          <line num="118" count="0" type="cond" truecount="0" falsecount="4"/>
          <line num="119" count="0" type="cond" truecount="0" falsecount="9"/>
          <line num="120" count="0" type="cond" truecount="0" falsecount="18"/>
          <line num="121" count="0" type="stmt"/>
          <line num="122" count="0" type="cond" truecount="0" falsecount="2"/>
          <line num="123" count="0" type="cond" truecount="0" falsecount="8"/>
          <line num="124" count="0" type="cond" truecount="0" falsecount="7"/>
          <line num="125" count="0" type="cond" truecount="0" falsecount="12"/>
          <line num="126" count="0" type="cond" truecount="0" falsecount="16"/>
          <line num="127" count="0" type="cond" truecount="0" falsecount="9"/>
          <line num="128" count="0" type="cond" truecount="0" falsecount="6"/>
          <line num="129" count="0" type="stmt"/>
          <line num="130" count="0" type="cond" truecount="0" falsecount="13"/>
          <line num="131" count="0" type="cond" truecount="0" falsecount="11"/>
          <line num="132" count="0" type="cond" truecount="0" falsecount="7"/>
          <line num="133" count="0" type="cond" truecount="0" falsecount="11"/>
          <line num="134" count="0" type="cond" truecount="0" falsecount="6"/>
          <line num="135" count="0" type="cond" truecount="0" falsecount="8"/>
          <line num="136" count="0" type="cond" truecount="0" falsecount="6"/>
          <line num="137" count="0" type="cond" truecount="0" falsecount="11"/>
          <line num="138" count="0" type="cond" truecount="0" falsecount="4"/>
          <line num="139" count="0" type="cond" truecount="0" falsecount="27"/>
          <line num="140" count="0" type="cond" truecount="0" falsecount="4"/>
          <line num="141" count="0" type="cond" truecount="0" falsecount="14"/>
          <line num="142" count="0" type="cond" truecount="0" falsecount="11"/>
          <line num="143" count="0" type="cond" truecount="0" falsecount="20"/>
          <line num="144" count="0" type="cond" truecount="0" falsecount="24"/>
          <line num="145" count="0" type="cond" truecount="0" falsecount="28"/>
          <line num="146" count="0" type="cond" truecount="0" falsecount="19"/>
          <line num="147" count="0" type="cond" truecount="0" falsecount="27"/>
          <line num="148" count="0" type="cond" truecount="0" falsecount="24"/>
          <line num="149" count="0" type="cond" truecount="0" falsecount="15"/>
          <line num="150" count="0" type="cond" truecount="0" falsecount="17"/>
          <line num="151" count="0" type="cond" truecount="0" falsecount="13"/>
          <line num="152" count="0" type="cond" truecount="0" falsecount="25"/>
          <line num="153" count="0" type="cond" truecount="0" falsecount="10"/>
          <line num="154" count="0" type="cond" truecount="0" falsecount="7"/>
          <line num="155" count="0" type="cond" truecount="0" falsecount="17"/>
          <line num="156" count="0" type="cond" truecount="0" falsecount="14"/>
          <line num="157" count="0" type="cond" truecount="0" falsecount="18"/>
          <line num="158" count="0" type="cond" truecount="0" falsecount="10"/>
          <line num="159" count="0" type="cond" truecount="0" falsecount="12"/>
          <line num="162" count="0" type="cond" truecount="0" falsecount="4"/>
          <line num="163" count="0" type="cond" truecount="0" falsecount="14"/>
          <line num="164" count="0" type="cond" truecount="0" falsecount="6"/>
          <line num="165" count="0" type="cond" truecount="0" falsecount="14"/>
          <line num="166" count="0" type="cond" truecount="0" falsecount="2"/>
          <line num="167" count="0" type="cond" truecount="0" falsecount="11"/>
          <line num="168" count="0" type="cond" truecount="0" falsecount="44"/>
          <line num="169" count="0" type="cond" truecount="0" falsecount="14"/>
          <line num="170" count="0" type="cond" truecount="0" falsecount="9"/>
          <line num="171" count="0" type="cond" truecount="0" falsecount="17"/>
          <line num="172" count="0" type="cond" truecount="0" falsecount="13"/>
          <line num="173" count="0" type="cond" truecount="0" falsecount="23"/>
          <line num="174" count="0" type="cond" truecount="0" falsecount="21"/>
          <line num="175" count="0" type="cond" truecount="0" falsecount="8"/>
          <line num="176" count="0" type="cond" truecount="0" falsecount="2"/>
          <line num="177" count="0" type="cond" truecount="0" falsecount="14"/>
          <line num="178" count="0" type="cond" truecount="0" falsecount="15"/>
          <line num="179" count="0" type="cond" truecount="0" falsecount="31"/>
          <line num="180" count="0" type="cond" truecount="0" falsecount="17"/>
          <line num="181" count="0" type="cond" truecount="0" falsecount="10"/>
          <line num="182" count="0" type="cond" truecount="0" falsecount="10"/>
          <line num="183" count="0" type="cond" truecount="0" falsecount="16"/>
          <line num="184" count="0" type="cond" truecount="0" falsecount="22"/>
          <line num="185" count="0" type="cond" truecount="0" falsecount="10"/>
          <line num="186" count="0" type="cond" truecount="0" falsecount="21"/>
          <line num="187" count="0" type="cond" truecount="0" falsecount="16"/>
          <line num="188" count="0" type="cond" truecount="0" falsecount="23"/>
          <line num="189" count="0" type="cond" truecount="0" falsecount="6"/>
          <line num="190" count="0" type="cond" truecount="0" falsecount="9"/>
          <line num="191" count="0" type="cond" truecount="0" falsecount="21"/>
          <line num="192" count="0" type="cond" truecount="0" falsecount="10"/>
          <line num="193" count="0" type="cond" truecount="0" falsecount="32"/>
          <line num="194" count="0" type="cond" truecount="0" falsecount="17"/>
          <line num="195" count="0" type="cond" truecount="0" falsecount="12"/>
          <line num="196" count="0" type="cond" truecount="0" falsecount="30"/>
          <line num="197" count="0" type="stmt"/>
          <line num="198" count="0" type="cond" truecount="0" falsecount="16"/>
          <line num="199" count="0" type="cond" truecount="0" falsecount="17"/>
          <line num="200" count="0" type="cond" truecount="0" falsecount="8"/>
          <line num="201" count="0" type="cond" truecount="0" falsecount="19"/>
          <line num="202" count="0" type="cond" truecount="0" falsecount="12"/>
          <line num="203" count="0" type="cond" truecount="0" falsecount="21"/>
          <line num="204" count="0" type="cond" truecount="0" falsecount="22"/>
          <line num="205" count="0" type="cond" truecount="0" falsecount="19"/>
          <line num="206" count="0" type="cond" truecount="0" falsecount="16"/>
          <line num="207" count="0" type="cond" truecount="0" falsecount="6"/>
          <line num="208" count="0" type="cond" truecount="0" falsecount="13"/>
          <line num="209" count="0" type="cond" truecount="0" falsecount="8"/>
          <line num="210" count="0" type="cond" truecount="0" falsecount="19"/>
          <line num="211" count="0" type="cond" truecount="0" falsecount="22"/>
          <line num="212" count="0" type="cond" truecount="0" falsecount="14"/>
          <line num="213" count="0" type="cond" truecount="0" falsecount="13"/>
          <line num="214" count="0" type="cond" truecount="0" falsecount="9"/>
          <line num="215" count="0" type="cond" truecount="0" falsecount="20"/>
          <line num="216" count="0" type="cond" truecount="0" falsecount="7"/>
          <line num="217" count="0" type="cond" truecount="0" falsecount="24"/>
          <line num="218" count="0" type="cond" truecount="0" falsecount="10"/>
          <line num="219" count="0" type="cond" truecount="0" falsecount="20"/>
          <line num="220" count="0" type="cond" truecount="0" falsecount="12"/>
          <line num="221" count="0" type="cond" truecount="0" falsecount="19"/>
          <line num="222" count="0" type="cond" truecount="0" falsecount="27"/>
          <line num="223" count="0" type="cond" truecount="0" falsecount="10"/>
          <line num="224" count="0" type="cond" truecount="0" falsecount="16"/>
          <line num="225" count="0" type="cond" truecount="0" falsecount="26"/>
          <line num="226" count="0" type="cond" truecount="0" falsecount="6"/>
          <line num="227" count="0" type="cond" truecount="0" falsecount="15"/>
          <line num="228" count="0" type="cond" truecount="0" falsecount="14"/>
          <line num="229" count="0" type="cond" truecount="0" falsecount="27"/>
          <line num="230" count="0" type="cond" truecount="0" falsecount="16"/>
          <line num="231" count="0" type="cond" truecount="0" falsecount="25"/>
          <line num="232" count="0" type="cond" truecount="0" falsecount="9"/>
          <line num="233" count="0" type="cond" truecount="0" falsecount="19"/>
          <line num="234" count="0" type="cond" truecount="0" falsecount="8"/>
          <line num="235" count="0" type="cond" truecount="0" falsecount="15"/>
          <line num="236" count="0" type="cond" truecount="0" falsecount="4"/>
          <line num="237" count="0" type="cond" truecount="0" falsecount="4"/>
          <line num="238" count="0" type="cond" truecount="0" falsecount="14"/>
          <line num="239" count="0" type="cond" truecount="0" falsecount="8"/>
          <line num="240" count="0" type="cond" truecount="0" falsecount="6"/>
          <line num="241" count="0" type="cond" truecount="0" falsecount="2"/>
          <line num="242" count="0" type="cond" truecount="0" falsecount="12"/>
          <line num="243" count="0" type="cond" truecount="0" falsecount="15"/>
          <line num="244" count="0" type="cond" truecount="0" falsecount="7"/>
          <line num="245" count="0" type="cond" truecount="0" falsecount="12"/>
          <line num="246" count="0" type="cond" truecount="0" falsecount="4"/>
          <line num="247" count="0" type="cond" truecount="0" falsecount="15"/>
          <line num="248" count="0" type="cond" truecount="0" falsecount="7"/>
          <line num="249" count="0" type="cond" truecount="0" falsecount="8"/>
          <line num="250" count="0" type="cond" truecount="0" falsecount="5"/>
        </file>
      </package>
      <package name="ssr-react-router-node-app.build.webpack:.node_modules.react-router-dom.es">
        <metrics statements="16" coveredstatements="0" conditionals="17" coveredconditionals="0" methods="7" coveredmethods="0"/>
        <file name="BrowserRouter.js" path="/Users/janelthomas/reactJS/ssr-react-router-node-app/build/webpack:/node_modules/react-router-dom/es/BrowserRouter.js">
          <metrics statements="13" coveredstatements="0" conditionals="17" coveredconditionals="0" methods="7" coveredmethods="0"/>
          <line num="1" count="0" type="cond" truecount="0" falsecount="2"/>
          <line num="3" count="0" type="cond" truecount="0" falsecount="7"/>
          <line num="5" count="0" type="cond" truecount="0" falsecount="8"/>
          <line num="17" count="0" type="stmt"/>
          <line num="21" count="0" type="stmt"/>
          <line num="25" count="0" type="stmt"/>
          <line num="26" count="0" type="stmt"/>
          <line num="29" count="0" type="stmt"/>
          <line num="33" count="0" type="stmt"/>
          <line num="37" count="0" type="stmt"/>
          <line num="40" count="0" type="stmt"/>
          <line num="43" count="0" type="stmt"/>
          <line num="52" count="0" type="stmt"/>
        </file>
        <file name="Redirect.js" path="/Users/janelthomas/reactJS/ssr-react-router-node-app/build/webpack:/node_modules/react-router-dom/es/Redirect.js">
          <metrics statements="1" coveredstatements="0" conditionals="0" coveredconditionals="0" methods="0" coveredmethods="0"/>
          <line num="4" count="0" type="stmt"/>
        </file>
        <file name="Route.js" path="/Users/janelthomas/reactJS/ssr-react-router-node-app/build/webpack:/node_modules/react-router-dom/es/Route.js">
          <metrics statements="1" coveredstatements="0" conditionals="0" coveredconditionals="0" methods="0" coveredmethods="0"/>
          <line num="4" count="0" type="stmt"/>
        </file>
        <file name="Switch.js" path="/Users/janelthomas/reactJS/ssr-react-router-node-app/build/webpack:/node_modules/react-router-dom/es/Switch.js">
          <metrics statements="1" coveredstatements="0" conditionals="0" coveredconditionals="0" methods="0" coveredmethods="0"/>
          <line num="4" count="0" type="stmt"/>
        </file>
      </package>
      <package name="ssr-react-router-node-app.build.webpack:.node_modules.react-router.es">
        <metrics statements="148" coveredstatements="0" conditionals="183" coveredconditionals="0" methods="48" coveredmethods="0"/>
        <file name="Redirect.js" path="/Users/janelthomas/reactJS/ssr-react-router-node-app/build/webpack:/node_modules/react-router/es/Redirect.js">
          <metrics statements="23" coveredstatements="0" conditionals="34" coveredconditionals="0" methods="12" coveredmethods="0"/>
          <line num="1" count="0" type="cond" truecount="0" falsecount="3"/>
          <line num="3" count="0" type="cond" truecount="0" falsecount="2"/>
          <line num="5" count="0" type="cond" truecount="0" falsecount="7"/>
          <line num="7" count="0" type="cond" truecount="0" falsecount="8"/>
          <line num="21" count="0" type="stmt"/>
          <line num="27" count="0" type="stmt"/>
          <line num="31" count="0" type="cond" truecount="0" falsecount="2"/>
          <line num="35" count="0" type="stmt"/>
          <line num="41" count="0" type="cond" truecount="0" falsecount="2"/>
          <line num="45" count="0" type="stmt"/>
          <line num="46" count="0" type="stmt"/>
          <line num="48" count="0" type="stmt"/>
          <line num="57" count="0" type="stmt"/>
          <line num="58" count="0" type="stmt"/>
          <line num="60" count="0" type="stmt"/>
          <line num="74" count="0" type="stmt"/>
          <line num="75" count="0" type="stmt"/>
          <line num="77" count="0" type="stmt"/>
          <line num="79" count="0" type="stmt"/>
          <line num="87" count="0" type="stmt"/>
          <line num="90" count="0" type="stmt"/>
          <line num="93" count="0" type="stmt"/>
          <line num="113" count="0" type="stmt"/>
        </file>
        <file name="Route.js" path="/Users/janelthomas/reactJS/ssr-react-router-node-app/build/webpack:/node_modules/react-router/es/Route.js">
          <metrics statements="39" coveredstatements="0" conditionals="54" coveredconditionals="0" methods="11" coveredmethods="0"/>
          <line num="1" count="0" type="cond" truecount="0" falsecount="3"/>
          <line num="3" count="0" type="cond" truecount="0" falsecount="2"/>
          <line num="5" count="0" type="cond" truecount="0" falsecount="7"/>
          <line num="7" count="0" type="cond" truecount="0" falsecount="8"/>
          <line num="15" count="0" type="stmt"/>
          <line num="16" count="0" type="stmt"/>
          <line num="23" count="0" type="stmt"/>
          <line num="27" count="0" type="stmt"/>
          <line num="31" count="0" type="stmt"/>
          <line num="32" count="0" type="stmt"/>
          <line num="35" count="0" type="stmt"/>
          <line num="41" count="0" type="stmt"/>
          <line num="52" count="0" type="stmt"/>
          <line num="53" count="0" type="stmt"/>
          <line num="54" count="0" type="stmt"/>
          <line num="55" count="0" type="stmt"/>
          <line num="56" count="0" type="stmt"/>
          <line num="57" count="0" type="stmt"/>
          <line num="59" count="0" type="cond" truecount="0" falsecount="2"/>
          <line num="61" count="0" type="stmt"/>
          <line num="63" count="0" type="stmt"/>
          <line num="65" count="0" type="cond" truecount="0" falsecount="2"/>
          <line num="67" count="0" type="stmt"/>
          <line num="71" count="0" type="cond" truecount="0" falsecount="2"/>
          <line num="79" count="0" type="cond" truecount="0" falsecount="2"/>
          <line num="89" count="0" type="stmt"/>
          <line num="90" count="0" type="stmt"/>
          <line num="91" count="0" type="stmt"/>
          <line num="92" count="0" type="stmt"/>
          <line num="93" count="0" type="stmt"/>
          <line num="94" count="0" type="stmt"/>
          <line num="95" count="0" type="stmt"/>
          <line num="96" count="0" type="stmt"/>
          <line num="97" count="0" type="stmt"/>
          <line num="100" count="0" type="stmt"/>
          <line num="102" count="0" type="cond" truecount="0" falsecount="4"/>
          <line num="113" count="0" type="stmt"/>
          <line num="116" count="0" type="stmt"/>
          <line num="139" count="0" type="stmt"/>
        </file>
        <file name="Router.js" path="/Users/janelthomas/reactJS/ssr-react-router-node-app/build/webpack:/node_modules/react-router/es/Router.js">
          <metrics statements="24" coveredstatements="0" conditionals="24" coveredconditionals="0" methods="12" coveredmethods="0"/>
          <line num="1" count="0" type="cond" truecount="0" falsecount="3"/>
          <line num="3" count="0" type="cond" truecount="0" falsecount="2"/>
          <line num="5" count="0" type="cond" truecount="0" falsecount="7"/>
          <line num="7" count="0" type="cond" truecount="0" falsecount="8"/>
          <line num="18" count="0" type="stmt"/>
          <line num="22" count="0" type="stmt"/>
          <line num="26" count="0" type="stmt"/>
          <line num="27" count="0" type="stmt"/>
          <line num="30" count="0" type="stmt"/>
          <line num="36" count="0" type="stmt"/>
          <line num="48" count="0" type="stmt"/>
          <line num="57" count="0" type="stmt"/>
          <line num="59" count="0" type="stmt"/>
          <line num="60" count="0" type="stmt"/>
          <line num="61" count="0" type="stmt"/>
          <line num="64" count="0" type="cond" truecount="0" falsecount="2"/>
          <line num="70" count="0" type="stmt"/>
          <line num="77" count="0" type="stmt"/>
          <line num="81" count="0" type="stmt"/>
          <line num="85" count="0" type="stmt"/>
          <line num="87" count="0" type="cond" truecount="0" falsecount="2"/>
          <line num="90" count="0" type="stmt"/>
          <line num="93" count="0" type="stmt"/>
          <line num="105" count="0" type="stmt"/>
        </file>
        <file name="Switch.js" path="/Users/janelthomas/reactJS/ssr-react-router-node-app/build/webpack:/node_modules/react-router/es/Switch.js">
          <metrics statements="25" coveredstatements="0" conditionals="31" coveredconditionals="0" methods="9" coveredmethods="0"/>
          <line num="1" count="0" type="cond" truecount="0" falsecount="2"/>
          <line num="3" count="0" type="cond" truecount="0" falsecount="7"/>
          <line num="5" count="0" type="cond" truecount="0" falsecount="8"/>
          <line num="17" count="0" type="stmt"/>
          <line num="23" count="0" type="stmt"/>
          <line num="27" count="0" type="stmt"/>
          <line num="31" count="0" type="cond" truecount="0" falsecount="2"/>
          <line num="37" count="0" type="stmt"/>
          <line num="38" count="0" type="stmt"/>
          <line num="40" count="0" type="cond" truecount="0" falsecount="2"/>
          <line num="42" count="0" type="stmt"/>
          <line num="43" count="0" type="stmt"/>
          <line num="45" count="0" type="cond" truecount="0" falsecount="4"/>
          <line num="46" count="0" type="stmt"/>
          <line num="47" count="0" type="stmt"/>
          <line num="48" count="0" type="stmt"/>
          <line num="49" count="0" type="stmt"/>
          <line num="50" count="0" type="stmt"/>
          <line num="51" count="0" type="stmt"/>
          <line num="53" count="0" type="cond" truecount="0" falsecount="2"/>
          <line num="55" count="0" type="stmt"/>
          <line num="60" count="0" type="cond" truecount="0" falsecount="2"/>
          <line num="63" count="0" type="stmt"/>
          <line num="66" count="0" type="stmt"/>
          <line num="77" count="0" type="stmt"/>
        </file>
        <file name="generatePath.js" path="/Users/janelthomas/reactJS/ssr-react-router-node-app/build/webpack:/node_modules/react-router/es/generatePath.js">
          <metrics statements="8" coveredstatements="0" conditionals="14" coveredconditionals="0" methods="1" coveredmethods="0"/>
          <line num="8" count="0" type="stmt"/>
          <line num="9" count="0" type="cond" truecount="0" falsecount="2"/>
          <line num="11" count="0" type="cond" truecount="0" falsecount="2"/>
          <line num="13" count="0" type="stmt"/>
          <line num="20" count="0" type="stmt"/>
          <line num="27" count="0" type="cond" truecount="0" falsecount="2"/>
          <line num="28" count="0" type="cond" truecount="0" falsecount="4"/>
          <line num="30" count="0" type="stmt"/>
        </file>
        <file name="matchPath.js" path="/Users/janelthomas/reactJS/ssr-react-router-node-app/build/webpack:/node_modules/react-router/es/matchPath.js">
          <metrics statements="29" coveredstatements="0" conditionals="26" coveredconditionals="0" methods="3" coveredmethods="0"/>
          <line num="7" count="0" type="stmt"/>
          <line num="8" count="0" type="stmt"/>
          <line num="9" count="0" type="cond" truecount="0" falsecount="2"/>
          <line num="11" count="0" type="cond" truecount="0" falsecount="2"/>
          <line num="13" count="0" type="stmt"/>
          <line num="15" count="0" type="stmt"/>
          <line num="22" count="0" type="stmt"/>
          <line num="29" count="0" type="cond" truecount="0" falsecount="2"/>
          <line num="30" count="0" type="stmt"/>
          <line num="32" count="0" type="cond" truecount="0" falsecount="2"/>
          <line num="34" count="0" type="stmt"/>
          <line num="35" count="0" type="stmt"/>
          <line num="36" count="0" type="stmt"/>
          <line num="37" count="0" type="cond" truecount="0" falsecount="2"/>
          <line num="38" count="0" type="stmt"/>
          <line num="39" count="0" type="cond" truecount="0" falsecount="2"/>
          <line num="40" count="0" type="stmt"/>
          <line num="41" count="0" type="cond" truecount="0" falsecount="2"/>
          <line num="44" count="0" type="cond" truecount="0" falsecount="2"/>
          <line num="47" count="0" type="stmt"/>
          <line num="48" count="0" type="stmt"/>
          <line num="50" count="0" type="stmt"/>
          <line num="52" count="0" type="cond" truecount="0" falsecount="2"/>
          <line num="54" count="0" type="stmt"/>
          <line num="55" count="0" type="stmt"/>
          <line num="57" count="0" type="stmt"/>
          <line num="59" count="0" type="cond" truecount="0" falsecount="2"/>
          <line num="67" count="0" type="stmt"/>
          <line num="72" count="0" type="stmt"/>
        </file>
      </package>
      <package name="ssr-react-router-node-app.build.webpack:.node_modules.react.cjs">
        <metrics statements="15" coveredstatements="0" conditionals="121" coveredconditionals="0" methods="40" coveredmethods="0"/>
        <file name="react.production.min.js" path="/Users/janelthomas/reactJS/ssr-react-router-node-app/build/webpack:/node_modules/react/cjs/react.production.min.js">
          <metrics statements="15" coveredstatements="0" conditionals="121" coveredconditionals="0" methods="40" coveredmethods="0"/>
          <line num="10" count="0" type="cond" truecount="0" falsecount="4"/>
          <line num="11" count="0" type="cond" truecount="0" falsecount="6"/>
          <line num="12" count="0" type="stmt"/>
          <line num="13" count="0" type="cond" truecount="0" falsecount="8"/>
          <line num="14" count="0" type="stmt"/>
          <line num="15" count="0" type="cond" truecount="0" falsecount="15"/>
          <line num="16" count="0" type="cond" truecount="0" falsecount="7"/>
          <line num="17" count="0" type="cond" truecount="0" falsecount="2"/>
          <line num="18" count="0" type="cond" truecount="0" falsecount="25"/>
          <line num="19" count="0" type="cond" truecount="0" falsecount="9"/>
          <line num="20" count="0" type="cond" truecount="0" falsecount="9"/>
          <line num="21" count="0" type="cond" truecount="0" falsecount="6"/>
          <line num="22" count="0" type="cond" truecount="0" falsecount="7"/>
          <line num="23" count="0" type="cond" truecount="0" falsecount="18"/>
          <line num="24" count="0" type="cond" truecount="0" falsecount="5"/>
        </file>
      </package>
      <package name="ssr-react-router-node-app.build.webpack:.node_modules.resolve-pathname">
        <metrics statements="24" coveredstatements="0" conditionals="43" coveredconditionals="0" methods="3" coveredmethods="0"/>
        <file name="index.js" path="/Users/janelthomas/reactJS/ssr-react-router-node-app/build/webpack:/node_modules/resolve-pathname/index.js">
          <metrics statements="24" coveredstatements="0" conditionals="43" coveredconditionals="0" methods="3" coveredmethods="0"/>
          <line num="2" count="0" type="stmt"/>
          <line num="7" count="0" type="stmt"/>
          <line num="8" count="0" type="stmt"/>
          <line num="11" count="0" type="stmt"/>
          <line num="15" count="0" type="stmt"/>
          <line num="16" count="0" type="cond" truecount="0" falsecount="2"/>
          <line num="18" count="0" type="cond" truecount="0" falsecount="3"/>
          <line num="19" count="0" type="cond" truecount="0" falsecount="3"/>
          <line num="21" count="0" type="cond" truecount="0" falsecount="2"/>
          <line num="22" count="0" type="cond" truecount="0" falsecount="2"/>
          <line num="23" count="0" type="cond" truecount="0" falsecount="2"/>
          <line num="34" count="0" type="cond" truecount="0" falsecount="2"/>
          <line num="36" count="0" type="stmt"/>
          <line num="37" count="0" type="cond" truecount="0" falsecount="2"/>
          <line num="38" count="0" type="stmt"/>
          <line num="39" count="0" type="cond" truecount="0" falsecount="3"/>
          <line num="41" count="0" type="stmt"/>
          <line num="45" count="0" type="stmt"/>
          <line num="46" count="0" type="stmt"/>
          <line num="48" count="0" type="stmt"/>
          <line num="59" count="0" type="cond" truecount="0" falsecount="2"/>
          <line num="60" count="0" type="cond" truecount="0" falsecount="5"/>
          <line num="63" count="0" type="stmt"/>
          <line num="67" count="0" type="stmt"/>
        </file>
      </package>
      <package name="ssr-react-router-node-app.build.webpack:.node_modules.scheduler">
        <metrics statements="1" coveredstatements="0" conditionals="0" coveredconditionals="0" methods="0" coveredmethods="0"/>
        <file name="index.js" path="/Users/janelthomas/reactJS/ssr-react-router-node-app/build/webpack:/node_modules/scheduler/index.js">
          <metrics statements="1" coveredstatements="0" conditionals="0" coveredconditionals="0" methods="0" coveredmethods="0"/>
          <line num="4" count="0" type="stmt"/>
        </file>
      </package>
      <package name="ssr-react-router-node-app.build.webpack:.node_modules.scheduler.cjs">
        <metrics statements="10" coveredstatements="0" conditionals="125" coveredconditionals="0" methods="27" coveredmethods="0"/>
        <file name="scheduler.production.min.js" path="/Users/janelthomas/reactJS/ssr-react-router-node-app/build/webpack:/node_modules/scheduler/cjs/scheduler.production.min.js">
          <metrics statements="10" coveredstatements="0" conditionals="125" coveredconditionals="0" methods="27" coveredmethods="0"/>
          <line num="10" count="0" type="cond" truecount="0" falsecount="20"/>
          <line num="11" count="0" type="cond" truecount="0" falsecount="8"/>
          <line num="12" count="0" type="cond" truecount="0" falsecount="21"/>
          <line num="13" count="0" type="cond" truecount="0" falsecount="4"/>
          <line num="14" count="0" type="cond" truecount="0" falsecount="16"/>
          <line num="15" count="0" type="cond" truecount="0" falsecount="4"/>
          <line num="16" count="0" type="cond" truecount="0" falsecount="24"/>
          <line num="17" count="0" type="cond" truecount="0" falsecount="5"/>
          <line num="18" count="0" type="cond" truecount="0" falsecount="17"/>
          <line num="19" count="0" type="cond" truecount="0" falsecount="6"/>
        </file>
      </package>
      <package name="ssr-react-router-node-app.build.webpack:.node_modules.value-equal">
        <metrics statements="18" coveredstatements="0" conditionals="34" coveredconditionals="0" methods="4" coveredmethods="0"/>
        <file name="index.js" path="/Users/janelthomas/reactJS/ssr-react-router-node-app/build/webpack:/node_modules/value-equal/index.js">
          <metrics statements="18" coveredstatements="0" conditionals="34" coveredconditionals="0" methods="4" coveredmethods="0"/>
          <line num="1" count="0" type="cond" truecount="0" falsecount="9"/>
          <line num="3" count="0" type="stmt"/>
          <line num="4" count="0" type="cond" truecount="0" falsecount="2"/>
          <line num="6" count="0" type="cond" truecount="0" falsecount="4"/>
          <line num="8" count="0" type="cond" truecount="0" falsecount="2"/>
          <line num="9" count="0" type="cond" truecount="0" falsecount="3"/>
          <line num="10" count="0" type="stmt"/>
          <line num="14" count="0" type="cond" truecount="0" falsecount="2"/>
          <line num="17" count="0" type="cond" truecount="0" falsecount="2"/>
          <line num="19" count="0" type="cond" truecount="0" falsecount="2"/>
          <line num="20" count="0" type="stmt"/>
          <line num="21" count="0" type="stmt"/>
          <line num="23" count="0" type="cond" truecount="0" falsecount="4"/>
          <line num="25" count="0" type="stmt"/>
          <line num="26" count="0" type="stmt"/>
          <line num="28" count="0" type="cond" truecount="0" falsecount="2"/>
          <line num="31" count="0" type="stmt"/>
          <line num="35" count="0" type="stmt"/>
        </file>
      </package>
      <package name="ssr-react-router-node-app.build.webpack:.node_modules.warning">
        <metrics statements="2" coveredstatements="0" conditionals="0" coveredconditionals="0" methods="1" coveredmethods="0"/>
        <file name="warning.js" path="/Users/janelthomas/reactJS/ssr-react-router-node-app/build/webpack:/node_modules/warning/warning.js">
          <metrics statements="2" coveredstatements="0" conditionals="0" coveredconditionals="0" methods="1" coveredmethods="0"/>
          <line num="19" count="0" type="stmt"/>
          <line num="62" count="0" type="stmt"/>
        </file>
      </package>
      <package name="ssr-react-router-node-app.build.webpack:.webpack">
        <metrics statements="40" coveredstatements="0" conditionals="37" coveredconditionals="0" methods="12" coveredmethods="0"/>
        <file name="bootstrap" path="/Users/janelthomas/reactJS/ssr-react-router-node-app/build/webpack:/webpack/bootstrap">
          <metrics statements="40" coveredstatements="0" conditionals="37" coveredconditionals="0" methods="12" coveredmethods="0"/>
          <line num="10" count="0" type="stmt"/>
          <line num="11" count="0" type="stmt"/>
          <line num="17" count="0" type="stmt"/>
          <line num="18" count="0" type="cond" truecount="0" falsecount="2"/>
          <line num="24" count="0" type="stmt"/>
          <line num="25" count="0" type="stmt"/>
          <line num="32" count="0" type="stmt"/>
          <line num="36" count="0" type="stmt"/>
          <line num="39" count="0" type="stmt"/>
          <line num="40" count="0" type="stmt"/>
          <line num="41" count="0" type="cond" truecount="0" falsecount="2"/>
          <line num="43" count="0" type="cond" truecount="0" falsecount="2"/>
          <line num="48" count="0" type="stmt"/>
          <line num="52" count="0" type="stmt"/>
          <line num="57" count="0" type="stmt"/>
          <line num="61" count="0" type="stmt"/>
          <line num="67" count="0" type="cond" truecount="0" falsecount="2"/>
          <line num="68" count="0" type="stmt"/>
          <line num="71" count="0" type="stmt"/>
          <line num="84" count="0" type="stmt"/>
          <line num="89" count="0" type="stmt"/>
          <line num="96" count="0" type="cond" truecount="0" falsecount="2"/>
          <line num="103" count="0" type="cond" truecount="0" falsecount="3"/>
          <line num="116" count="0" type="cond" truecount="0" falsecount="2"/>
          <line num="117" count="0" type="cond" truecount="0" falsecount="6"/>
          <line num="118" count="0" type="stmt"/>
          <line num="121" count="0" type="cond" truecount="0" falsecount="4"/>
          <line num="122" count="0" type="stmt"/>
          <line num="127" count="0" type="cond" truecount="0" falsecount="2"/>
          <line num="128" count="0" type="cond" truecount="0" falsecount="2"/>
          <line num="129" count="0" type="stmt"/>
          <line num="131" count="0" type="stmt"/>
          <line num="135" count="0" type="stmt"/>
          <line num="140" count="0" type="cond" truecount="0" falsecount="2"/>
          <line num="141" count="0" type="stmt"/>
          <line num="142" count="0" type="stmt"/>
          <line num="144" count="0" type="stmt"/>
          <line num="145" count="0" type="stmt"/>
          <line num="149" count="0" type="stmt"/>
          <line num="151" count="0" type="stmt"/>
        </file>
      </package>
    </metrics>
  </project>
</coverage>
