{"/Users/janelthomas/reactJS/ssr-react-router-node-app/webpack.config.js": {"path":"/Users/janelthomas/reactJS/ssr-react-router-node-app/webpack.config.js","statementMap":{"0":{"start":{"line":1,"column":13},"end":{"line":1,"column":0}},"1":{"start":{"line":2,"column":16},"end":{"line":2,"column":0}},"2":{"start":{"line":3,"column":22},"end":{"line":3,"column":0}},"3":{"start":{"line":5,"column":0},"end":{"line":null,"column":-1}}},"fnMap":{},"branchMap":{},"s":{"0":0,"1":0,"2":0,"3":0},"f":{},"b":{}}
,"/Users/janelthomas/reactJS/ssr-react-router-node-app/app/components/App.js": {"path":"/Users/janelthomas/reactJS/ssr-react-router-node-app/app/components/App.js","statementMap":{"0":{"start":{"line":15,"column":24},"end":{"line":15,"column":29}},"1":{"start":{"line":17,"column":4},"end":{"line":26,"column":5}},"2":{"start":{"line":22,"column":60},"end":{"line":22,"column":104}},"3":{"start":{"line":23,"column":79},"end":{"line":23,"column":130}}},"fnMap":{"0":{"name":"App","decl":{"start":{"line":13,"column":24},"end":{"line":13,"column":27}},"loc":{"start":{"line":13,"column":35},"end":{"line":27,"column":1}},"line":13},"1":{"name":"(anonymous_1)","decl":{"start":{"line":22,"column":53},"end":{"line":22,"column":54}},"loc":{"start":{"line":22,"column":60},"end":{"line":22,"column":104}},"line":22},"2":{"name":"(anonymous_2)","decl":{"start":{"line":23,"column":64},"end":{"line":23,"column":65}},"loc":{"start":{"line":23,"column":79},"end":{"line":23,"column":130}},"line":23}},"branchMap":{},"s":{"0":0,"1":0,"2":0,"3":0},"f":{"0":0,"1":0,"2":0},"b":{},"_coverageSchema":"332fd63041d2c1bcb487cc26dd0d5f7d97098a6c","hash":"1555d56fade1e7930c2e4156c287124fbc4d6a12"}
,"/Users/janelthomas/reactJS/ssr-react-router-node-app/build/webpack:/app/index.js": {"path":"/Users/janelthomas/reactJS/ssr-react-router-node-app/build/webpack:/app/index.js","statementMap":{"0":{"start":{"line":7,"column":0},"end":{"line":null,"column":-1}}},"fnMap":{},"branchMap":{},"s":{"0":0},"f":{},"b":{}}
,"/Users/janelthomas/reactJS/ssr-react-router-node-app/build/webpack:/app/components/App.js": {"path":"/Users/janelthomas/reactJS/ssr-react-router-node-app/build/webpack:/app/components/App.js","statementMap":{"0":{"start":{"line":15,"column":24},"end":{"line":13,"column":35}},"1":{"start":{"line":17,"column":4},"end":{"line":null,"column":-1}},"2":{"start":{"line":22,"column":53},"end":{"line":null,"column":-1}},"3":{"start":{"line":23,"column":64},"end":{"line":null,"column":-1}}},"fnMap":{"0":{"name":"render","decl":{"start":{"line":22,"column":53},"end":{"line":22,"column":52}},"loc":{"start":{"line":22,"column":53},"end":{"line":22,"column":73}}},"1":{"name":"render","decl":{"start":{"line":23,"column":64},"end":{"line":23,"column":64}},"loc":{"start":{"line":23,"column":65},"end":{"line":23,"column":118}}}},"branchMap":{},"s":{"0":0,"1":0,"2":0,"3":0},"f":{"0":0,"1":0},"b":{}}
,"/Users/janelthomas/reactJS/ssr-react-router-node-app/build/webpack:/app/components/Home.js": {"path":"/Users/janelthomas/reactJS/ssr-react-router-node-app/build/webpack:/app/components/Home.js","statementMap":{"0":{"start":{"line":4,"column":4},"end":{"line":null,"column":-1}}},"fnMap":{},"branchMap":{},"s":{"0":0},"f":{},"b":{}}
,"/Users/janelthomas/reactJS/ssr-react-router-node-app/build/webpack:/app/components/List.js": {"path":"/Users/janelthomas/reactJS/ssr-react-router-node-app/build/webpack:/app/components/List.js","statementMap":{"0":{"start":{"line":3,"column":0},"end":{"line":20,"column":15}},"1":{"start":{"line":4,"column":34},"end":{"line":3,"column":21}},"2":{"start":{"line":7,"column":4},"end":{"line":null,"column":-1}},"3":{"start":{"line":12,"column":40},"end":{"line":11,"column":38}},"4":{"start":{"line":13,"column":20},"end":{"line":null,"column":-1}}},"fnMap":{"0":{"name":"p","decl":{"start":{"line":20,"column":15},"end":{"line":3,"column":0}},"loc":{"start":{"line":3,"column":14},"end":{"line":20,"column":15}}},"1":{"name":"(anonymous_18)","decl":{"start":{"line":11,"column":30},"end":{"line":11,"column":29}},"loc":{"start":{"line":11,"column":30},"end":{"line":11,"column":18}}}},"branchMap":{},"s":{"0":0,"1":0,"2":0,"3":0,"4":0},"f":{"0":0,"1":0},"b":{}}
,"/Users/janelthomas/reactJS/ssr-react-router-node-app/build/webpack:/node_modules/history/es/DOMUtils.js": {"path":"/Users/janelthomas/reactJS/ssr-react-router-node-app/build/webpack:/node_modules/history/es/DOMUtils.js","statementMap":{"0":{"start":{"line":4,"column":0},"end":{"line":null,"column":-1}},"1":{"start":{"line":8,"column":0},"end":{"line":null,"column":-1}},"2":{"start":{"line":12,"column":0},"end":{"line":null,"column":-1}},"3":{"start":{"line":23,"column":0},"end":{"line":23,"column":-1}},"4":{"start":{"line":25,"column":0},"end":{"line":null,"column":-1}},"5":{"start":{"line":51,"column":0},"end":{"line":null,"column":-1}}},"fnMap":{"0":{"name":"(anonymous_48)","decl":{"start":{"line":22,"column":7},"end":{"line":22,"column":6}},"loc":{"start":{"line":22,"column":7},"end":{"line":22,"column":6}}}},"branchMap":{"0":{"loc":{"start":{"line":1,"column":7},"end":{"line":1,"column":6}},"type":"binary-expr","locations":[{"start":{"line":1,"column":7},"end":{"line":1,"column":6}},{"start":{"line":1,"column":7},"end":{"line":1,"column":6}},{"start":{"line":1,"column":7},"end":{"line":1,"column":6}}]},"1":{"loc":{"start":{"line":4,"column":0},"end":{"line":4,"column":-1}},"type":"cond-expr","locations":[{"start":{"line":4,"column":0},"end":{"line":4,"column":-1}},{"start":{"line":4,"column":0},"end":{"line":4,"column":-1}}]},"2":{"loc":{"start":{"line":8,"column":0},"end":{"line":8,"column":-1}},"type":"cond-expr","locations":[{"start":{"line":8,"column":0},"end":{"line":8,"column":-1}},{"start":{"line":8,"column":0},"end":{"line":8,"column":-1}}]},"3":{"loc":{"start":{"line":25,"column":0},"end":{"line":25,"column":-1}},"type":"binary-expr","locations":[{"start":{"line":25,"column":0},"end":{"line":25,"column":-1}},{"start":{"line":25,"column":0},"end":{"line":25,"column":-1}},{"start":{"line":25,"column":0},"end":{"line":25,"column":-1}},{"start":{"line":25,"column":0},"end":{"line":25,"column":-1}},{"start":{"line":25,"column":0},"end":{"line":25,"column":-1}},{"start":{"line":27,"column":0},"end":{"line":25,"column":0}},{"start":{"line":27,"column":0},"end":{"line":25,"column":0}}]},"4":{"loc":{"start":{"line":51,"column":0},"end":{"line":51,"column":-1}},"type":"binary-expr","locations":[{"start":{"line":51,"column":0},"end":{"line":51,"column":-1}},{"start":{"line":51,"column":0},"end":{"line":51,"column":-1}}]}},"s":{"0":0,"1":0,"2":0,"3":0,"4":0,"5":0},"f":{"0":0},"b":{"0":[0,0,0],"1":[0,0],"2":[0,0],"3":[0,0,0,0,0,0,0],"4":[0,0]}}
,"/Users/janelthomas/reactJS/ssr-react-router-node-app/build/webpack:/node_modules/history/es/LocationUtils.js": {"path":"/Users/janelthomas/reactJS/ssr-react-router-node-app/build/webpack:/node_modules/history/es/LocationUtils.js","statementMap":{"0":{"start":{"line":1,"column":51},"end":{"line":1,"column":239}},"1":{"start":{"line":1,"column":96},"end":{"line":1,"column":95}},"2":{"start":{"line":1,"column":123},"end":{"line":null,"column":-1}},"3":{"start":{"line":1,"column":149},"end":{"line":null,"column":-1}},"4":{"start":{"line":1,"column":239},"end":{"line":null,"column":-1}},"5":{"start":{"line":8,"column":0},"end":{"line":8,"column":-1}},"6":{"start":{"line":9,"column":0},"end":{"line":null,"column":-1}},"7":{"start":{"line":34,"column":0},"end":{"line":60,"column":0}},"8":{"start":{"line":35,"column":0},"end":{"line":null,"column":-1}},"9":{"start":{"line":37,"column":0},"end":{"line":null,"column":-1}},"10":{"start":{"line":60,"column":0},"end":{"line":null,"column":-1}},"11":{"start":{"line":64,"column":0},"end":{"line":null,"column":-1}}},"fnMap":{},"branchMap":{"0":{"loc":{"start":{"line":1,"column":0},"end":{"line":1,"column":-1}},"type":"binary-expr","locations":[{"start":{"line":1,"column":0},"end":{"line":1,"column":-1}}]},"1":{"loc":{"start":{"line":1,"column":149},"end":{"line":1,"column":205}},"type":"binary-expr","locations":[{"start":{"line":1,"column":149},"end":{"line":1,"column":205}},{"start":{"line":1,"column":206},"end":{"line":1,"column":149}}]},"2":{"loc":{"start":{"line":9,"column":0},"end":{"line":9,"column":-1}},"type":"cond-expr","locations":[{"start":{"line":9,"column":0},"end":{"line":9,"column":-1}},{"start":{"line":12,"column":0},"end":{"line":9,"column":0}}]},"3":{"loc":{"start":{"line":12,"column":0},"end":{"line":12,"column":-1}},"type":"binary-expr","locations":[{"start":{"line":12,"column":0},"end":{"line":12,"column":-1}},{"start":{"line":17,"column":0},"end":{"line":12,"column":0}}]},"4":{"loc":{"start":{"line":20,"column":0},"end":{"line":19,"column":0}},"type":"cond-expr","locations":[{"start":{"line":20,"column":0},"end":{"line":19,"column":0}},{"start":{"line":22,"column":0},"end":{"line":12,"column":0}}]},"5":{"loc":{"start":{"line":20,"column":0},"end":{"line":20,"column":-1}},"type":"binary-expr","locations":[{"start":{"line":20,"column":0},"end":{"line":20,"column":-1}},{"start":{"line":20,"column":0},"end":{"line":20,"column":-1}}]},"6":{"loc":{"start":{"line":26,"column":0},"end":{"line":25,"column":0}},"type":"cond-expr","locations":[{"start":{"line":26,"column":0},"end":{"line":25,"column":0}},{"start":{"line":28,"column":0},"end":{"line":12,"column":0}}]},"7":{"loc":{"start":{"line":26,"column":0},"end":{"line":26,"column":-1}},"type":"binary-expr","locations":[{"start":{"line":26,"column":0},"end":{"line":26,"column":-1}},{"start":{"line":26,"column":0},"end":{"line":26,"column":-1}}]},"8":{"loc":{"start":{"line":28,"column":0},"end":{"line":28,"column":-1}},"type":"binary-expr","locations":[{"start":{"line":28,"column":0},"end":{"line":28,"column":-1}},{"start":{"line":31,"column":0},"end":{"line":28,"column":0}},{"start":{"line":31,"column":0},"end":{"line":28,"column":0}}]},"9":{"loc":{"start":{"line":38,"column":0},"end":{"line":37,"column":0}},"type":"cond-expr","locations":[{"start":{"line":38,"column":0},"end":{"line":37,"column":0}},{"start":{"line":40,"column":0},"end":{"line":37,"column":0}}]},"10":{"loc":{"start":{"line":44,"column":0},"end":{"line":44,"column":-1}},"type":"binary-expr","locations":[{"start":{"line":44,"column":0},"end":{"line":44,"column":-1}},{"start":{"line":44,"column":0},"end":{"line":44,"column":-1}}]},"11":{"loc":{"start":{"line":48,"column":0},"end":{"line":46,"column":0}},"type":"cond-expr","locations":[{"start":{"line":48,"column":0},"end":{"line":46,"column":0}},{"start":{"line":55,"column":0},"end":{"line":44,"column":0}}]},"12":{"loc":{"start":{"line":50,"column":5},"end":{"line":48,"column":0}},"type":"cond-expr","locations":[{"start":{"line":50,"column":5},"end":{"line":48,"column":0}},{"start":{"line":49,"column":0},"end":{"line":46,"column":0}}]},"13":{"loc":{"start":{"line":50,"column":5},"end":{"line":50,"column":4}},"type":"binary-expr","locations":[{"start":{"line":50,"column":5},"end":{"line":50,"column":4}},{"start":{"line":51,"column":0},"end":{"line":50,"column":5}}]},"14":{"loc":{"start":{"line":55,"column":0},"end":{"line":55,"column":-1}},"type":"binary-expr","locations":[{"start":{"line":55,"column":0},"end":{"line":55,"column":-1}},{"start":{"line":56,"column":0},"end":{"line":55,"column":0}}]},"15":{"loc":{"start":{"line":64,"column":0},"end":{"line":64,"column":-1}},"type":"binary-expr","locations":[{"start":{"line":64,"column":0},"end":{"line":64,"column":-1}},{"start":{"line":64,"column":0},"end":{"line":64,"column":-1}},{"start":{"line":64,"column":0},"end":{"line":64,"column":-1}},{"start":{"line":64,"column":0},"end":{"line":64,"column":-1}},{"start":{"line":64,"column":103},"end":{"line":64,"column":0}}]}},"s":{"0":0,"1":0,"2":0,"3":0,"4":0,"5":0,"6":0,"7":0,"8":0,"9":0,"10":0,"11":0},"f":{},"b":{"0":[0],"1":[0,0],"2":[0,0],"3":[0,0],"4":[0,0],"5":[0,0],"6":[0,0],"7":[0,0],"8":[0,0,0],"9":[0,0],"10":[0,0],"11":[0,0],"12":[0,0],"13":[0,0],"14":[0,0],"15":[0,0,0,0,0]}}
,"/Users/janelthomas/reactJS/ssr-react-router-node-app/build/webpack:/node_modules/history/es/PathUtils.js": {"path":"/Users/janelthomas/reactJS/ssr-react-router-node-app/build/webpack:/node_modules/history/es/PathUtils.js","statementMap":{"0":{"start":{"line":2,"column":0},"end":{"line":null,"column":-1}},"1":{"start":{"line":10,"column":0},"end":{"line":null,"column":-1}},"2":{"start":{"line":14,"column":0},"end":{"line":null,"column":-1}},"3":{"start":{"line":18,"column":0},"end":{"line":null,"column":-1}},"4":{"start":{"line":46,"column":0},"end":{"line":46,"column":-1}},"5":{"start":{"line":47,"column":0},"end":{"line":46,"column":0}},"6":{"start":{"line":48,"column":0},"end":{"line":46,"column":0}},"7":{"start":{"line":51,"column":0},"end":{"line":46,"column":0}},"8":{"start":{"line":57,"column":0},"end":{"line":null,"column":-1}},"9":{"start":{"line":22,"column":0},"end":{"line":22,"column":-1}},"10":{"start":{"line":23,"column":0},"end":{"line":22,"column":0}},"11":{"start":{"line":24,"column":0},"end":{"line":22,"column":0}},"12":{"start":{"line":26,"column":0},"end":{"line":22,"column":0}},"13":{"start":{"line":26,"column":0},"end":{"line":null,"column":-1}},"14":{"start":{"line":32,"column":0},"end":{"line":32,"column":-1}},"15":{"start":{"line":38,"column":0},"end":{"line":null,"column":-1}}},"fnMap":{"0":{"name":"(anonymous_28)","decl":{"start":{"line":21,"column":7},"end":{"line":21,"column":6}},"loc":{"start":{"line":21,"column":7},"end":{"line":21,"column":6}}}},"branchMap":{"0":{"loc":{"start":{"line":2,"column":0},"end":{"line":2,"column":-1}},"type":"cond-expr","locations":[{"start":{"line":2,"column":0},"end":{"line":2,"column":-1}},{"start":{"line":2,"column":0},"end":{"line":2,"column":-1}}]},"1":{"loc":{"start":{"line":14,"column":0},"end":{"line":14,"column":-1}},"type":"cond-expr","locations":[{"start":{"line":14,"column":0},"end":{"line":14,"column":-1}},{"start":{"line":14,"column":0},"end":{"line":14,"column":-1}}]},"2":{"loc":{"start":{"line":18,"column":0},"end":{"line":18,"column":-1}},"type":"cond-expr","locations":[{"start":{"line":18,"column":0},"end":{"line":18,"column":-1}},{"start":{"line":18,"column":0},"end":{"line":18,"column":-1}}]},"3":{"loc":{"start":{"line":51,"column":0},"end":{"line":51,"column":-1}},"type":"binary-expr","locations":[{"start":{"line":51,"column":0},"end":{"line":51,"column":-1}},{"start":{"line":51,"column":0},"end":{"line":46,"column":0}}]},"4":{"loc":{"start":{"line":53,"column":0},"end":{"line":53,"column":-1}},"type":"binary-expr","locations":[{"start":{"line":53,"column":0},"end":{"line":53,"column":-1}},{"start":{"line":53,"column":0},"end":{"line":53,"column":-1}},{"start":{"line":53,"column":0},"end":{"line":53,"column":-1}}]},"5":{"loc":{"start":{"line":53,"column":0},"end":{"line":53,"column":-1}},"type":"cond-expr","locations":[{"start":{"line":53,"column":0},"end":{"line":53,"column":-1}},{"start":{"line":53,"column":0},"end":{"line":53,"column":-1}}]},"6":{"loc":{"start":{"line":55,"column":0},"end":{"line":55,"column":-1}},"type":"binary-expr","locations":[{"start":{"line":55,"column":0},"end":{"line":55,"column":-1}},{"start":{"line":55,"column":0},"end":{"line":55,"column":-1}},{"start":{"line":55,"column":0},"end":{"line":55,"column":-1}}]},"7":{"loc":{"start":{"line":55,"column":0},"end":{"line":55,"column":-1}},"type":"cond-expr","locations":[{"start":{"line":55,"column":0},"end":{"line":55,"column":-1}},{"start":{"line":55,"column":0},"end":{"line":55,"column":-1}}]},"8":{"loc":{"start":{"line":22,"column":0},"end":{"line":22,"column":-1}},"type":"binary-expr","locations":[{"start":{"line":22,"column":0},"end":{"line":22,"column":-1}},{"start":{"line":22,"column":0},"end":{"line":22,"column":-1}}]},"9":{"loc":{"start":{"line":26,"column":0},"end":{"line":26,"column":-1}},"type":"binary-expr","locations":[{"start":{"line":26,"column":0},"end":{"line":26,"column":-1}},{"start":{"line":28,"column":0},"end":{"line":26,"column":0}}]},"10":{"loc":{"start":{"line":38,"column":0},"end":{"line":38,"column":-1}},"type":"binary-expr","locations":[{"start":{"line":38,"column":0},"end":{"line":38,"column":-1}},{"start":{"line":34,"column":0},"end":{"line":38,"column":0}}]},"11":{"loc":{"start":{"line":40,"column":0},"end":{"line":40,"column":-1}},"type":"cond-expr","locations":[{"start":{"line":40,"column":0},"end":{"line":40,"column":-1}},{"start":{"line":40,"column":0},"end":{"line":35,"column":0}}]},"12":{"loc":{"start":{"line":41,"column":0},"end":{"line":41,"column":-1}},"type":"cond-expr","locations":[{"start":{"line":41,"column":0},"end":{"line":41,"column":-1}},{"start":{"line":41,"column":0},"end":{"line":null,"column":-1}}]}},"s":{"0":0,"1":0,"2":0,"3":0,"4":0,"5":0,"6":0,"7":0,"8":0,"9":0,"10":0,"11":0,"12":0,"13":0,"14":0,"15":0},"f":{"0":0},"b":{"0":[0,0],"1":[0,0],"2":[0,0],"3":[0,0],"4":[0,0,0],"5":[0,0],"6":[0,0,0],"7":[0,0],"8":[0,0],"9":[0,0],"10":[0,0],"11":[0,0],"12":[0,0]}}
,"/Users/janelthomas/reactJS/ssr-react-router-node-app/build/webpack:/node_modules/history/es/createBrowserHistory.js": {"path":"/Users/janelthomas/reactJS/ssr-react-router-node-app/build/webpack:/node_modules/history/es/createBrowserHistory.js","statementMap":{"0":{"start":{"line":1,"column":100},"end":{"line":null,"column":-1}},"1":{"start":{"line":1,"column":140},"end":{"line":null,"column":-1}},"2":{"start":{"line":3,"column":51},"end":{"line":3,"column":239}},"3":{"start":{"line":3,"column":96},"end":{"line":3,"column":95}},"4":{"start":{"line":3,"column":123},"end":{"line":null,"column":-1}},"5":{"start":{"line":3,"column":149},"end":{"line":null,"column":-1}},"6":{"start":{"line":3,"column":239},"end":{"line":null,"column":-1}},"7":{"start":{"line":16,"column":0},"end":{"line":21,"column":0}},"8":{"start":{"line":17,"column":0},"end":{"line":null,"column":-1}},"9":{"start":{"line":21,"column":0},"end":{"line":null,"column":-1}},"10":{"start":{"line":30,"column":0},"end":{"line":30,"column":-1}},"11":{"start":{"line":32,"column":2},"end":{"line":null,"column":-1}},"12":{"start":{"line":34,"column":0},"end":{"line":34,"column":-1}},"13":{"start":{"line":36,"column":0},"end":{"line":34,"column":0}},"14":{"start":{"line":38,"column":0},"end":{"line":34,"column":0}},"15":{"start":{"line":39,"column":0},"end":{"line":34,"column":0}},"16":{"start":{"line":40,"column":0},"end":{"line":34,"column":0}},"17":{"start":{"line":41,"column":0},"end":{"line":34,"column":0}},"18":{"start":{"line":42,"column":0},"end":{"line":34,"column":0}},"19":{"start":{"line":43,"column":0},"end":{"line":34,"column":0}},"20":{"start":{"line":45,"column":0},"end":{"line":34,"column":0}},"21":{"start":{"line":47,"column":0},"end":{"line":34,"column":0}},"22":{"start":{"line":48,"column":0},"end":{"line":48,"column":-1}},"23":{"start":{"line":49,"column":0},"end":{"line":48,"column":0}},"24":{"start":{"line":50,"column":0},"end":{"line":48,"column":0}},"25":{"start":{"line":52,"column":0},"end":{"line":48,"column":0}},"26":{"start":{"line":53,"column":0},"end":{"line":48,"column":0}},"27":{"start":{"line":64,"column":0},"end":{"line":null,"column":-1}},"28":{"start":{"line":67,"column":0},"end":{"line":34,"column":0}},"29":{"start":{"line":68,"column":0},"end":{"line":null,"column":-1}},"30":{"start":{"line":71,"column":26},"end":{"line":34,"column":0}},"31":{"start":{"line":73,"column":0},"end":{"line":34,"column":0}},"32":{"start":{"line":74,"column":4},"end":{"line":null,"column":-1}},"33":{"start":{"line":81,"column":0},"end":{"line":34,"column":0}},"34":{"start":{"line":81,"column":0},"end":{"line":null,"column":-1}},"35":{"start":{"line":88,"column":0},"end":{"line":34,"column":0}},"36":{"start":{"line":89,"column":0},"end":{"line":null,"column":-1}},"37":{"start":{"line":92,"column":0},"end":{"line":34,"column":0}},"38":{"start":{"line":94,"column":0},"end":{"line":34,"column":0}},"39":{"start":{"line":95,"column":0},"end":{"line":null,"column":-1}},"40":{"start":{"line":102,"column":0},"end":{"line":null,"column":-1}},"41":{"start":{"line":111,"column":0},"end":{"line":34,"column":0}},"42":{"start":{"line":112,"column":0},"end":{"line":112,"column":-1}},"43":{"start":{"line":118,"column":0},"end":{"line":112,"column":0}},"44":{"start":{"line":118,"column":0},"end":{"line":null,"column":-1}},"45":{"start":{"line":122,"column":0},"end":{"line":122,"column":-1}},"46":{"start":{"line":122,"column":0},"end":{"line":null,"column":-1}},"47":{"start":{"line":126,"column":0},"end":{"line":126,"column":-1}},"48":{"start":{"line":128,"column":0},"end":{"line":null,"column":-1}},"49":{"start":{"line":134,"column":0},"end":{"line":34,"column":0}},"50":{"start":{"line":135,"column":0},"end":{"line":34,"column":0}},"51":{"start":{"line":139,"column":0},"end":{"line":34,"column":0}},"52":{"start":{"line":140,"column":0},"end":{"line":null,"column":-1}},"53":{"start":{"line":213,"column":0},"end":{"line":34,"column":0}},"54":{"start":{"line":214,"column":0},"end":{"line":null,"column":-1}},"55":{"start":{"line":225,"column":0},"end":{"line":34,"column":0}},"56":{"start":{"line":227,"column":0},"end":{"line":34,"column":0}},"57":{"start":{"line":230,"column":0},"end":{"line":null,"column":-1}},"58":{"start":{"line":241,"column":0},"end":{"line":34,"column":0}},"59":{"start":{"line":273,"column":0},"end":{"line":34,"column":0}},"60":{"start":{"line":144,"column":4},"end":{"line":null,"column":-1}},"61":{"start":{"line":147,"column":19},"end":{"line":146,"column":0}},"62":{"start":{"line":149,"column":0},"end":{"line":null,"column":-1}},"63":{"start":{"line":150,"column":0},"end":{"line":174,"column":0}},"64":{"start":{"line":152,"column":0},"end":{"line":152,"column":-1}},"65":{"start":{"line":153,"column":0},"end":{"line":152,"column":0}},"66":{"start":{"line":154,"column":0},"end":{"line":152,"column":0}},"67":{"start":{"line":157,"column":0},"end":{"line":172,"column":8}},"68":{"start":{"line":160,"column":0},"end":{"line":169,"column":20}},"69":{"start":{"line":161,"column":0},"end":{"line":160,"column":0}},"70":{"start":{"line":163,"column":0},"end":{"line":163,"column":-1}},"71":{"start":{"line":164,"column":0},"end":{"line":163,"column":0}},"72":{"start":{"line":166,"column":0},"end":{"line":null,"column":-1}},"73":{"start":{"line":172,"column":8},"end":{"line":null,"column":-1}},"74":{"start":{"line":180,"column":4},"end":{"line":null,"column":-1}},"75":{"start":{"line":183,"column":19},"end":{"line":182,"column":0}},"76":{"start":{"line":185,"column":0},"end":{"line":null,"column":-1}},"77":{"start":{"line":186,"column":0},"end":{"line":208,"column":0}},"78":{"start":{"line":188,"column":0},"end":{"line":188,"column":-1}},"79":{"start":{"line":189,"column":0},"end":{"line":188,"column":0}},"80":{"start":{"line":190,"column":0},"end":{"line":188,"column":0}},"81":{"start":{"line":193,"column":0},"end":{"line":206,"column":8}},"82":{"start":{"line":196,"column":0},"end":{"line":203,"column":20}},"83":{"start":{"line":197,"column":0},"end":{"line":196,"column":0}},"84":{"start":{"line":199,"column":0},"end":{"line":199,"column":-1}},"85":{"start":{"line":199,"column":0},"end":{"line":null,"column":-1}},"86":{"start":{"line":206,"column":8},"end":{"line":null,"column":-1}},"87":{"start":{"line":218,"column":0},"end":{"line":null,"column":-1}},"88":{"start":{"line":222,"column":0},"end":{"line":null,"column":-1}},"89":{"start":{"line":244,"column":0},"end":{"line":244,"column":-1}},"90":{"start":{"line":246,"column":0},"end":{"line":244,"column":0}},"91":{"start":{"line":253,"column":0},"end":{"line":null,"column":-1}},"92":{"start":{"line":259,"column":0},"end":{"line":null,"column":-1}},"93":{"start":{"line":264,"column":0},"end":{"line":264,"column":-1}},"94":{"start":{"line":267,"column":0},"end":{"line":null,"column":-1}},"95":{"start":{"line":268,"column":0},"end":{"line":null,"column":-1}},"96":{"start":{"line":287,"column":0},"end":{"line":null,"column":-1}}},"fnMap":{"0":{"name":"(anonymous_43)","decl":{"start":{"line":1,"column":11},"end":{"line":1,"column":10}},"loc":{"start":{"line":1,"column":11},"end":{"line":1,"column":10}}},"1":{"name":"b","decl":{"start":{"line":47,"column":0},"end":{"line":47,"column":-1}},"loc":{"start":{"line":47,"column":0},"end":{"line":34,"column":0}}},"2":{"name":"P","decl":{"start":{"line":67,"column":0},"end":{"line":67,"column":-1}},"loc":{"start":{"line":67,"column":0},"end":{"line":34,"column":0}}},"3":{"name":"N","decl":{"start":{"line":73,"column":0},"end":{"line":73,"column":-1}},"loc":{"start":{"line":73,"column":0},"end":{"line":34,"column":0}}},"4":{"name":"R","decl":{"start":{"line":81,"column":0},"end":{"line":81,"column":-1}},"loc":{"start":{"line":81,"column":0},"end":{"line":34,"column":0}}},"5":{"name":"M","decl":{"start":{"line":88,"column":0},"end":{"line":88,"column":-1}},"loc":{"start":{"line":88,"column":0},"end":{"line":34,"column":0}}},"6":{"name":"U","decl":{"start":{"line":94,"column":0},"end":{"line":94,"column":-1}},"loc":{"start":{"line":94,"column":0},"end":{"line":34,"column":0}}},"7":{"name":"(anonymous_56)","decl":{"start":{"line":101,"column":0},"end":{"line":101,"column":-1}},"loc":{"start":{"line":101,"column":0},"end":{"line":101,"column":-1}}},"8":{"name":"I","decl":{"start":{"line":111,"column":0},"end":{"line":111,"column":-1}},"loc":{"start":{"line":111,"column":0},"end":{"line":34,"column":0}}},"9":{"name":"F","decl":{"start":{"line":139,"column":0},"end":{"line":139,"column":-1}},"loc":{"start":{"line":139,"column":0},"end":{"line":34,"column":0}}},"10":{"name":"L","decl":{"start":{"line":213,"column":0},"end":{"line":213,"column":-1}},"loc":{"start":{"line":213,"column":0},"end":{"line":34,"column":0}}},"11":{"name":"W","decl":{"start":{"line":227,"column":0},"end":{"line":227,"column":-1}},"loc":{"start":{"line":227,"column":0},"end":{"line":34,"column":0}}},"12":{"name":"push","decl":{"start":{"line":143,"column":0},"end":{"line":143,"column":-1}},"loc":{"start":{"line":143,"column":0},"end":{"line":273,"column":0}}},"13":{"name":"(anonymous_62)","decl":{"start":{"line":149,"column":0},"end":{"line":149,"column":-1}},"loc":{"start":{"line":149,"column":0},"end":{"line":149,"column":-1}}},"14":{"name":"replace","decl":{"start":{"line":179,"column":0},"end":{"line":179,"column":-1}},"loc":{"start":{"line":179,"column":0},"end":{"line":273,"column":0}}},"15":{"name":"(anonymous_64)","decl":{"start":{"line":185,"column":0},"end":{"line":185,"column":-1}},"loc":{"start":{"line":185,"column":0},"end":{"line":185,"column":-1}}},"16":{"name":"goBack","decl":{"start":{"line":217,"column":0},"end":{"line":217,"column":-1}},"loc":{"start":{"line":217,"column":0},"end":{"line":273,"column":0}}},"17":{"name":"goForward","decl":{"start":{"line":221,"column":0},"end":{"line":221,"column":-1}},"loc":{"start":{"line":221,"column":0},"end":{"line":273,"column":0}}},"18":{"name":"block","decl":{"start":{"line":243,"column":0},"end":{"line":243,"column":-1}},"loc":{"start":{"line":243,"column":0},"end":{"line":273,"column":0}}},"19":{"name":"(anonymous_68)","decl":{"start":{"line":253,"column":0},"end":{"line":253,"column":-1}},"loc":{"start":{"line":253,"column":0},"end":{"line":253,"column":-1}}},"20":{"name":"listen","decl":{"start":{"line":263,"column":0},"end":{"line":263,"column":-1}},"loc":{"start":{"line":263,"column":0},"end":{"line":269,"column":0}}},"21":{"name":"(anonymous_70)","decl":{"start":{"line":267,"column":0},"end":{"line":267,"column":-1}},"loc":{"start":{"line":267,"column":0},"end":{"line":267,"column":-1}}}},"branchMap":{"0":{"loc":{"start":{"line":1,"column":11},"end":{"line":1,"column":10}},"type":"cond-expr","locations":[{"start":{"line":1,"column":11},"end":{"line":1,"column":10}}]},"1":{"loc":{"start":{"line":1,"column":11},"end":{"line":1,"column":10}},"type":"binary-expr","locations":[{"start":{"line":1,"column":11},"end":{"line":1,"column":10}},{"start":{"line":1,"column":11},"end":{"line":1,"column":10}}]},"2":{"loc":{"start":{"line":1,"column":140},"end":{"line":1,"column":139}},"type":"cond-expr","locations":[{"start":{"line":1,"column":140},"end":{"line":1,"column":139}},{"start":{"line":1,"column":140},"end":{"line":1,"column":139}}]},"3":{"loc":{"start":{"line":1,"column":140},"end":{"line":1,"column":139}},"type":"binary-expr","locations":[{"start":{"line":1,"column":140},"end":{"line":1,"column":139}},{"start":{"line":1,"column":140},"end":{"line":1,"column":139}},{"start":{"line":1,"column":140},"end":{"line":1,"column":139}},{"start":{"line":1,"column":140},"end":{"line":1,"column":139}}]},"4":{"loc":{"start":{"line":3,"column":12},"end":{"line":3,"column":11}},"type":"binary-expr","locations":[{"start":{"line":3,"column":12},"end":{"line":3,"column":11}}]},"5":{"loc":{"start":{"line":3,"column":149},"end":{"line":3,"column":205}},"type":"binary-expr","locations":[{"start":{"line":3,"column":149},"end":{"line":3,"column":205}},{"start":{"line":3,"column":206},"end":{"line":3,"column":149}}]},"6":{"loc":{"start":{"line":17,"column":0},"end":{"line":17,"column":-1}},"type":"binary-expr","locations":[{"start":{"line":17,"column":0},"end":{"line":17,"column":-1}},{"start":{"line":17,"column":0},"end":{"line":17,"column":-1}}]},"7":{"loc":{"start":{"line":30,"column":0},"end":{"line":30,"column":-1}},"type":"cond-expr","locations":[{"start":{"line":30,"column":0},"end":{"line":30,"column":-1}},{"start":{"line":30,"column":0},"end":{"line":30,"column":-1}}]},"8":{"loc":{"start":{"line":39,"column":0},"end":{"line":39,"column":-1}},"type":"binary-expr","locations":[{"start":{"line":39,"column":0},"end":{"line":39,"column":-1}},{"start":{"line":39,"column":0},"end":{"line":34,"column":0}}]},"9":{"loc":{"start":{"line":41,"column":66},"end":{"line":41,"column":0}},"type":"cond-expr","locations":[{"start":{"line":41,"column":66},"end":{"line":41,"column":0}},{"start":{"line":41,"column":81},"end":{"line":34,"column":0}}]},"10":{"loc":{"start":{"line":43,"column":0},"end":{"line":43,"column":-1}},"type":"cond-expr","locations":[{"start":{"line":43,"column":0},"end":{"line":43,"column":-1}},{"start":{"line":43,"column":0},"end":{"line":34,"column":0}}]},"11":{"loc":{"start":{"line":45,"column":34},"end":{"line":45,"column":0}},"type":"cond-expr","locations":[{"start":{"line":45,"column":34},"end":{"line":45,"column":0}},{"start":{"line":45,"column":68},"end":{"line":34,"column":0}}]},"12":{"loc":{"start":{"line":48,"column":0},"end":{"line":48,"column":-1}},"type":"binary-expr","locations":[{"start":{"line":48,"column":0},"end":{"line":48,"column":-1}},{"start":{"line":48,"column":0},"end":{"line":48,"column":-1}}]},"13":{"loc":{"start":{"line":60,"column":4},"end":{"line":60,"column":3}},"type":"binary-expr","locations":[{"start":{"line":60,"column":4},"end":{"line":60,"column":3}},{"start":{"line":60,"column":25},"end":{"line":60,"column":4}}]},"14":{"loc":{"start":{"line":62,"column":0},"end":{"line":62,"column":-1}},"type":"binary-expr","locations":[{"start":{"line":62,"column":0},"end":{"line":62,"column":-1}},{"start":{"line":62,"column":0},"end":{"line":62,"column":-1}}]},"15":{"loc":{"start":{"line":81,"column":0},"end":{"line":85,"column":-1}},"type":"binary-expr","locations":[{"start":{"line":81,"column":0},"end":{"line":85,"column":-1}},{"start":{"line":85,"column":0},"end":{"line":81,"column":0}}]},"16":{"loc":{"start":{"line":96,"column":0},"end":{"line":95,"column":0}},"type":"cond-expr","locations":[{"start":{"line":96,"column":0},"end":{"line":95,"column":0}},{"start":{"line":101,"column":0},"end":{"line":95,"column":0}}]},"17":{"loc":{"start":{"line":103,"column":0},"end":{"line":102,"column":0}},"type":"cond-expr","locations":[{"start":{"line":103,"column":0},"end":{"line":102,"column":0}},{"start":{"line":105,"column":0},"end":{"line":102,"column":0}}]},"18":{"loc":{"start":{"line":118,"column":0},"end":{"line":118,"column":-1}},"type":"binary-expr","locations":[{"start":{"line":118,"column":0},"end":{"line":118,"column":-1}},{"start":{"line":120,"column":0},"end":{"line":118,"column":0}}]},"19":{"loc":{"start":{"line":122,"column":0},"end":{"line":122,"column":-1}},"type":"binary-expr","locations":[{"start":{"line":122,"column":0},"end":{"line":122,"column":-1}},{"start":{"line":124,"column":0},"end":{"line":122,"column":0}}]},"20":{"loc":{"start":{"line":128,"column":0},"end":{"line":128,"column":-1}},"type":"binary-expr","locations":[{"start":{"line":128,"column":0},"end":{"line":128,"column":-1}},{"start":{"line":129,"column":0},"end":{"line":128,"column":0}}]},"21":{"loc":{"start":{"line":231,"column":6},"end":{"line":230,"column":0}},"type":"cond-expr","locations":[{"start":{"line":231,"column":6},"end":{"line":230,"column":0}},{"start":{"line":234,"column":5},"end":{"line":230,"column":0}}]},"22":{"loc":{"start":{"line":233,"column":0},"end":{"line":233,"column":-1}},"type":"binary-expr","locations":[{"start":{"line":233,"column":0},"end":{"line":233,"column":-1}},{"start":{"line":233,"column":35},"end":{"line":230,"column":0}}]},"23":{"loc":{"start":{"line":234,"column":5},"end":{"line":234,"column":4}},"type":"binary-expr","locations":[{"start":{"line":234,"column":5},"end":{"line":234,"column":4}},{"start":{"line":235,"column":6},"end":{"line":234,"column":5}}]},"24":{"loc":{"start":{"line":237,"column":0},"end":{"line":237,"column":-1}},"type":"binary-expr","locations":[{"start":{"line":237,"column":0},"end":{"line":237,"column":-1}},{"start":{"line":237,"column":35},"end":{"line":234,"column":5}}]},"25":{"loc":{"start":{"line":144,"column":66},"end":{"line":144,"column":65}},"type":"binary-expr","locations":[{"start":{"line":144,"column":66},"end":{"line":144,"column":65}},{"start":{"line":144,"column":66},"end":{"line":144,"column":65}},{"start":{"line":144,"column":66},"end":{"line":144,"column":4}}]},"26":{"loc":{"start":{"line":144,"column":11},"end":{"line":144,"column":66}},"type":"cond-expr","locations":[{"start":{"line":144,"column":11},"end":{"line":144,"column":66}},{"start":{"line":144,"column":59},"end":{"line":144,"column":66}}]},"27":{"loc":{"start":{"line":150,"column":0},"end":{"line":174,"column":0}},"type":"if","locations":[{"start":{"line":150,"column":0},"end":{"line":174,"column":0}},{"start":{"line":150,"column":0},"end":{"line":174,"column":0}}]},"28":{"loc":{"start":{"line":157,"column":0},"end":{"line":172,"column":8}},"type":"if","locations":[{"start":{"line":157,"column":0},"end":{"line":172,"column":8}},{"start":{"line":157,"column":0},"end":{"line":172,"column":8}}]},"29":{"loc":{"start":{"line":160,"column":0},"end":{"line":169,"column":20}},"type":"if","locations":[{"start":{"line":160,"column":0},"end":{"line":169,"column":20}},{"start":{"line":160,"column":0},"end":{"line":169,"column":20}}]},"30":{"loc":{"start":{"line":164,"column":0},"end":{"line":164,"column":-1}},"type":"cond-expr","locations":[{"start":{"line":164,"column":0},"end":{"line":164,"column":-1}},{"start":{"line":164,"column":0},"end":{"line":164,"column":-1}}]},"31":{"loc":{"start":{"line":180,"column":66},"end":{"line":180,"column":65}},"type":"binary-expr","locations":[{"start":{"line":180,"column":66},"end":{"line":180,"column":65}},{"start":{"line":180,"column":66},"end":{"line":180,"column":65}},{"start":{"line":180,"column":66},"end":{"line":180,"column":4}}]},"32":{"loc":{"start":{"line":180,"column":11},"end":{"line":180,"column":66}},"type":"cond-expr","locations":[{"start":{"line":180,"column":11},"end":{"line":180,"column":66}},{"start":{"line":180,"column":59},"end":{"line":180,"column":66}}]},"33":{"loc":{"start":{"line":186,"column":0},"end":{"line":208,"column":0}},"type":"if","locations":[{"start":{"line":186,"column":0},"end":{"line":208,"column":0}},{"start":{"line":186,"column":0},"end":{"line":208,"column":0}}]},"34":{"loc":{"start":{"line":193,"column":0},"end":{"line":206,"column":8}},"type":"if","locations":[{"start":{"line":193,"column":0},"end":{"line":206,"column":8}},{"start":{"line":193,"column":0},"end":{"line":206,"column":8}}]},"35":{"loc":{"start":{"line":196,"column":0},"end":{"line":203,"column":20}},"type":"if","locations":[{"start":{"line":196,"column":0},"end":{"line":203,"column":20}},{"start":{"line":196,"column":0},"end":{"line":203,"column":20}}]},"36":{"loc":{"start":{"line":199,"column":0},"end":{"line":199,"column":-1}},"type":"binary-expr","locations":[{"start":{"line":199,"column":0},"end":{"line":199,"column":-1}},{"start":{"line":201,"column":0},"end":{"line":199,"column":0}}]},"37":{"loc":{"start":{"line":244,"column":0},"end":{"line":244,"column":-1}},"type":"binary-expr","locations":[{"start":{"line":244,"column":0},"end":{"line":244,"column":-1}},{"start":{"line":244,"column":0},"end":{"line":244,"column":-1}},{"start":{"line":244,"column":0},"end":{"line":244,"column":-1}}]},"38":{"loc":{"start":{"line":248,"column":0},"end":{"line":248,"column":-1}},"type":"binary-expr","locations":[{"start":{"line":248,"column":0},"end":{"line":248,"column":-1}},{"start":{"line":249,"column":0},"end":{"line":248,"column":0}}]},"39":{"loc":{"start":{"line":254,"column":0},"end":{"line":254,"column":-1}},"type":"binary-expr","locations":[{"start":{"line":254,"column":0},"end":{"line":254,"column":-1}},{"start":{"line":255,"column":0},"end":{"line":254,"column":0}}]}},"s":{"0":0,"1":0,"2":0,"3":0,"4":0,"5":0,"6":0,"7":0,"8":0,"9":0,"10":0,"11":0,"12":0,"13":0,"14":0,"15":0,"16":0,"17":0,"18":0,"19":0,"20":0,"21":0,"22":0,"23":0,"24":0,"25":0,"26":0,"27":0,"28":0,"29":0,"30":0,"31":0,"32":0,"33":0,"34":0,"35":0,"36":0,"37":0,"38":0,"39":0,"40":0,"41":0,"42":0,"43":0,"44":0,"45":0,"46":0,"47":0,"48":0,"49":0,"50":0,"51":0,"52":0,"53":0,"54":0,"55":0,"56":0,"57":0,"58":0,"59":0,"60":0,"61":0,"62":0,"63":0,"64":0,"65":0,"66":0,"67":0,"68":0,"69":0,"70":0,"71":0,"72":0,"73":0,"74":0,"75":0,"76":0,"77":0,"78":0,"79":0,"80":0,"81":0,"82":0,"83":0,"84":0,"85":0,"86":0,"87":0,"88":0,"89":0,"90":0,"91":0,"92":0,"93":0,"94":0,"95":0,"96":0},"f":{"0":0,"1":0,"2":0,"3":0,"4":0,"5":0,"6":0,"7":0,"8":0,"9":0,"10":0,"11":0,"12":0,"13":0,"14":0,"15":0,"16":0,"17":0,"18":0,"19":0,"20":0,"21":0},"b":{"0":[0],"1":[0,0],"2":[0,0],"3":[0,0,0,0],"4":[0],"5":[0,0],"6":[0,0],"7":[0,0],"8":[0,0],"9":[0,0],"10":[0,0],"11":[0,0],"12":[0,0],"13":[0,0],"14":[0,0],"15":[0,0],"16":[0,0],"17":[0,0],"18":[0,0],"19":[0,0],"20":[0,0],"21":[0,0],"22":[0,0],"23":[0,0],"24":[0,0],"25":[0,0,0],"26":[0,0],"27":[0,0],"28":[0,0],"29":[0,0],"30":[0,0],"31":[0,0,0],"32":[0,0],"33":[0,0],"34":[0,0],"35":[0,0],"36":[0,0],"37":[0,0,0],"38":[0,0],"39":[0,0]}}
,"/Users/janelthomas/reactJS/ssr-react-router-node-app/build/webpack:/node_modules/history/es/createHashHistory.js": {"path":"/Users/janelthomas/reactJS/ssr-react-router-node-app/build/webpack:/node_modules/history/es/createHashHistory.js","statementMap":{"0":{"start":{"line":1,"column":12},"end":{"line":null,"column":-1}}},"fnMap":{},"branchMap":{},"s":{"0":0},"f":{},"b":{}}
,"/Users/janelthomas/reactJS/ssr-react-router-node-app/build/webpack:/node_modules/history/es/createMemoryHistory.js": {"path":"/Users/janelthomas/reactJS/ssr-react-router-node-app/build/webpack:/node_modules/history/es/createMemoryHistory.js","statementMap":{},"fnMap":{},"branchMap":{"0":{"loc":{"start":{"line":1,"column":11},"end":{"line":1,"column":10}},"type":"binary-expr","locations":[{"start":{"line":1,"column":11},"end":{"line":1,"column":10}}]}},"s":{},"f":{},"b":{"0":[0]}}
,"/Users/janelthomas/reactJS/ssr-react-router-node-app/build/webpack:/node_modules/history/es/createTransitionManager.js": {"path":"/Users/janelthomas/reactJS/ssr-react-router-node-app/build/webpack:/node_modules/history/es/createTransitionManager.js","statementMap":{"0":{"start":{"line":4,"column":0},"end":{"line":4,"column":-1}},"1":{"start":{"line":40,"column":0},"end":{"line":4,"column":0}},"2":{"start":{"line":69,"column":0},"end":{"line":null,"column":-1}},"3":{"start":{"line":11,"column":0},"end":{"line":null,"column":-1}},"4":{"start":{"line":12,"column":0},"end":{"line":null,"column":-1}},"5":{"start":{"line":20,"column":0},"end":{"line":36,"column":0}},"6":{"start":{"line":21,"column":0},"end":{"line":21,"column":-1}},"7":{"start":{"line":23,"column":0},"end":{"line":null,"column":-1}},"8":{"start":{"line":36,"column":0},"end":{"line":null,"column":-1}},"9":{"start":{"line":43,"column":0},"end":{"line":43,"column":-1}},"10":{"start":{"line":45,"column":0},"end":{"line":43,"column":0}},"11":{"start":{"line":46,"column":0},"end":{"line":null,"column":-1}},"12":{"start":{"line":51,"column":0},"end":{"line":null,"column":-1}},"13":{"start":{"line":52,"column":0},"end":{"line":null,"column":-1}},"14":{"start":{"line":54,"column":0},"end":{"line":null,"column":-1}},"15":{"start":{"line":60,"column":0},"end":{"line":null,"column":-1}},"16":{"start":{"line":61,"column":0},"end":{"line":null,"column":-1}},"17":{"start":{"line":64,"column":0},"end":{"line":null,"column":-1}},"18":{"start":{"line":65,"column":0},"end":{"line":null,"column":-1}}},"fnMap":{"0":{"name":"setPrompt","decl":{"start":{"line":6,"column":0},"end":{"line":6,"column":-1}},"loc":{"start":{"line":6,"column":0},"end":{"line":69,"column":0}}},"1":{"name":"(anonymous_32)","decl":{"start":{"line":11,"column":0},"end":{"line":11,"column":-1}},"loc":{"start":{"line":11,"column":0},"end":{"line":11,"column":-1}}},"2":{"name":"confirmTransitionTo","decl":{"start":{"line":16,"column":0},"end":{"line":16,"column":-1}},"loc":{"start":{"line":16,"column":0},"end":{"line":69,"column":0}}},"3":{"name":"appendListener","decl":{"start":{"line":42,"column":0},"end":{"line":42,"column":-1}},"loc":{"start":{"line":42,"column":0},"end":{"line":69,"column":0}}},"4":{"name":"r","decl":{"start":{"line":45,"column":0},"end":{"line":45,"column":-1}},"loc":{"start":{"line":45,"column":0},"end":{"line":43,"column":0}}},"5":{"name":"(anonymous_36)","decl":{"start":{"line":51,"column":0},"end":{"line":51,"column":-1}},"loc":{"start":{"line":51,"column":0},"end":{"line":51,"column":-1}}},"6":{"name":"(anonymous_37)","decl":{"start":{"line":53,"column":0},"end":{"line":53,"column":-1}},"loc":{"start":{"line":53,"column":0},"end":{"line":53,"column":-1}}},"7":{"name":"notifyListeners","decl":{"start":{"line":59,"column":0},"end":{"line":59,"column":-1}},"loc":{"start":{"line":59,"column":0},"end":{"line":65,"column":0}}},"8":{"name":"(anonymous_39)","decl":{"start":{"line":64,"column":0},"end":{"line":64,"column":-1}},"loc":{"start":{"line":64,"column":0},"end":{"line":64,"column":-1}}}},"branchMap":{"0":{"loc":{"start":{"line":12,"column":0},"end":{"line":12,"column":-1}},"type":"binary-expr","locations":[{"start":{"line":12,"column":0},"end":{"line":12,"column":-1}},{"start":{"line":12,"column":0},"end":{"line":12,"column":-1}}]},"1":{"loc":{"start":{"line":20,"column":0},"end":{"line":36,"column":0}},"type":"if","locations":[{"start":{"line":20,"column":0},"end":{"line":36,"column":0}},{"start":{"line":20,"column":0},"end":{"line":36,"column":0}}]},"2":{"loc":{"start":{"line":21,"column":0},"end":{"line":21,"column":-1}},"type":"cond-expr","locations":[{"start":{"line":21,"column":0},"end":{"line":21,"column":-1}},{"start":{"line":21,"column":0},"end":{"line":21,"column":-1}}]},"3":{"loc":{"start":{"line":24,"column":0},"end":{"line":23,"column":0}},"type":"cond-expr","locations":[{"start":{"line":24,"column":0},"end":{"line":23,"column":0}},{"start":{"line":33,"column":0},"end":{"line":23,"column":0}}]},"4":{"loc":{"start":{"line":25,"column":0},"end":{"line":24,"column":0}},"type":"cond-expr","locations":[{"start":{"line":25,"column":0},"end":{"line":24,"column":0}},{"start":{"line":27,"column":10},"end":{"line":24,"column":0}}]},"5":{"loc":{"start":{"line":46,"column":0},"end":{"line":46,"column":-1}},"type":"binary-expr","locations":[{"start":{"line":46,"column":0},"end":{"line":46,"column":-1}},{"start":{"line":46,"column":0},"end":{"line":46,"column":-1}}]}},"s":{"0":0,"1":0,"2":0,"3":0,"4":0,"5":0,"6":0,"7":0,"8":0,"9":0,"10":0,"11":0,"12":0,"13":0,"14":0,"15":0,"16":0,"17":0,"18":0},"f":{"0":0,"1":0,"2":0,"3":0,"4":0,"5":0,"6":0,"7":0,"8":0},"b":{"0":[0,0],"1":[0,0],"2":[0,0],"3":[0,0],"4":[0,0],"5":[0,0]}}
,"/Users/janelthomas/reactJS/ssr-react-router-node-app/build/webpack:/node_modules/history/es/index.js": {"path":"/Users/janelthomas/reactJS/ssr-react-router-node-app/build/webpack:/node_modules/history/es/index.js","statementMap":{"0":{"start":{"line":1,"column":0},"end":{"line":null,"column":-1}},"1":{"start":{"line":1,"column":0},"end":{"line":1,"column":-1}}},"fnMap":{"0":{"name":"(anonymous_71)","decl":{"start":{"line":1,"column":0},"end":{"line":1,"column":-1}},"loc":{"start":{"line":1,"column":0},"end":{"line":1,"column":-1}}}},"branchMap":{},"s":{"0":0,"1":0},"f":{"0":0},"b":{}}
,"/Users/janelthomas/reactJS/ssr-react-router-node-app/build/webpack:/node_modules/history/node_modules/warning/browser.js": {"path":"/Users/janelthomas/reactJS/ssr-react-router-node-app/build/webpack:/node_modules/history/node_modules/warning/browser.js","statementMap":{"0":{"start":{"line":60,"column":0},"end":{"line":null,"column":-1}}},"fnMap":{"0":{"name":"(anonymous_6)","decl":{"start":{"line":19,"column":0},"end":{"line":19,"column":-1}},"loc":{"start":{"line":19,"column":0},"end":{"line":60,"column":0}}}},"branchMap":{},"s":{"0":0},"f":{"0":0},"b":{}}
,"/Users/janelthomas/reactJS/ssr-react-router-node-app/build/webpack:/node_modules/invariant/browser.js": {"path":"/Users/janelthomas/reactJS/ssr-react-router-node-app/build/webpack:/node_modules/invariant/browser.js","statementMap":{"0":{"start":{"line":49,"column":0},"end":{"line":null,"column":-1}},"1":{"start":{"line":28,"column":0},"end":{"line":45,"column":0}},"2":{"start":{"line":30,"column":0},"end":{"line":45,"column":0}},"3":{"start":{"line":31,"column":0},"end":{"line":30,"column":0}},"4":{"start":{"line":36,"column":0},"end":{"line":36,"column":-1}},"5":{"start":{"line":37,"column":0},"end":{"line":36,"column":0}},"6":{"start":{"line":37,"column":0},"end":{"line":null,"column":-1}},"7":{"start":{"line":39,"column":42},"end":{"line":null,"column":-1}},"8":{"start":{"line":45,"column":0},"end":{"line":null,"column":-1}},"9":{"start":{"line":45,"column":0},"end":{"line":45,"column":-1}}},"fnMap":{"0":{"name":"(anonymous_10)","decl":{"start":{"line":21,"column":0},"end":{"line":21,"column":-1}},"loc":{"start":{"line":21,"column":0},"end":{"line":49,"column":0}}},"1":{"name":"(anonymous_11)","decl":{"start":{"line":39,"column":0},"end":{"line":39,"column":-1}},"loc":{"start":{"line":39,"column":0},"end":{"line":39,"column":-1}}}},"branchMap":{"0":{"loc":{"start":{"line":28,"column":0},"end":{"line":45,"column":0}},"type":"if","locations":[{"start":{"line":28,"column":0},"end":{"line":45,"column":0}},{"start":{"line":28,"column":0},"end":{"line":45,"column":0}}]},"1":{"loc":{"start":{"line":30,"column":0},"end":{"line":45,"column":0}},"type":"if","locations":[{"start":{"line":30,"column":0},"end":{"line":45,"column":0}},{"start":{"line":30,"column":0},"end":{"line":45,"column":0}}]}},"s":{"0":0,"1":0,"2":0,"3":0,"4":0,"5":0,"6":0,"7":0,"8":0,"9":0},"f":{"0":0,"1":0},"b":{"0":[0,0],"1":[0,0]}}
,"/Users/janelthomas/reactJS/ssr-react-router-node-app/build/webpack:/node_modules/isarray/index.js": {"path":"/Users/janelthomas/reactJS/ssr-react-router-node-app/build/webpack:/node_modules/isarray/index.js","statementMap":{"0":{"start":{"line":1,"column":0},"end":{"line":null,"column":-1}},"1":{"start":{"line":2,"column":0},"end":{"line":null,"column":-1}},"2":{"start":{"line":2,"column":0},"end":{"line":2,"column":-1}}},"fnMap":{"0":{"name":"(anonymous_546)","decl":{"start":{"line":1,"column":0},"end":{"line":1,"column":-1}},"loc":{"start":{"line":1,"column":0},"end":{"line":1,"column":-1}}}},"branchMap":{"0":{"loc":{"start":{"line":1,"column":0},"end":{"line":1,"column":-1}},"type":"binary-expr","locations":[{"start":{"line":1,"column":0},"end":{"line":1,"column":-1}},{"start":{"line":1,"column":0},"end":{"line":1,"column":-1}}]}},"s":{"0":0,"1":0,"2":0},"f":{"0":0},"b":{"0":[0,0]}}
,"/Users/janelthomas/reactJS/ssr-react-router-node-app/build/webpack:/node_modules/object-assign/index.js": {"path":"/Users/janelthomas/reactJS/ssr-react-router-node-app/build/webpack:/node_modules/object-assign/index.js","statementMap":{"0":{"start":{"line":9,"column":0},"end":{"line":9,"column":-1}},"1":{"start":{"line":10,"column":0},"end":{"line":9,"column":0}},"2":{"start":{"line":11,"column":0},"end":{"line":9,"column":0}},"3":{"start":{"line":65,"column":0},"end":{"line":null,"column":-1}},"4":{"start":{"line":22,"column":0},"end":{"line":61,"column":0}},"5":{"start":{"line":23,"column":0},"end":{"line":24,"column":0}},"6":{"start":{"line":24,"column":0},"end":{"line":null,"column":-1}},"7":{"start":{"line":30,"column":0},"end":{"line":30,"column":-1}},"8":{"start":{"line":32,"column":0},"end":{"line":33,"column":0}},"9":{"start":{"line":33,"column":0},"end":{"line":null,"column":-1}},"10":{"start":{"line":38,"column":0},"end":{"line":null,"column":-1}},"11":{"start":{"line":39,"column":0},"end":{"line":null,"column":-1}},"12":{"start":{"line":44,"column":0},"end":{"line":45,"column":0}},"13":{"start":{"line":42,"column":0},"end":{"line":null,"column":-1}},"14":{"start":{"line":45,"column":0},"end":{"line":null,"column":-1}},"15":{"start":{"line":49,"column":0},"end":{"line":49,"column":-1}},"16":{"start":{"line":53,"column":0},"end":{"line":null,"column":-1}},"17":{"start":{"line":51,"column":0},"end":{"line":null,"column":-1}},"18":{"start":{"line":61,"column":0},"end":{"line":null,"column":-1}},"19":{"start":{"line":70,"column":0},"end":{"line":89,"column":0}},"20":{"start":{"line":73,"column":0},"end":{"line":null,"column":-1}},"21":{"start":{"line":74,"column":0},"end":{"line":null,"column":-1}},"22":{"start":{"line":79,"column":0},"end":{"line":83,"column":0}},"23":{"start":{"line":80,"column":0},"end":{"line":null,"column":-1}},"24":{"start":{"line":81,"column":0},"end":{"line":null,"column":-1}},"25":{"start":{"line":82,"column":0},"end":{"line":null,"column":-1}},"26":{"start":{"line":89,"column":0},"end":{"line":null,"column":-1}}},"fnMap":{"0":{"name":"(anonymous_99)","decl":{"start":{"line":21,"column":0},"end":{"line":21,"column":-1}},"loc":{"start":{"line":21,"column":0},"end":{"line":21,"column":-1}}},"1":{"name":"(anonymous_100)","decl":{"start":{"line":41,"column":0},"end":{"line":41,"column":-1}},"loc":{"start":{"line":41,"column":0},"end":{"line":41,"column":-1}}},"2":{"name":"(anonymous_101)","decl":{"start":{"line":50,"column":0},"end":{"line":50,"column":-1}},"loc":{"start":{"line":50,"column":0},"end":{"line":50,"column":-1}}},"3":{"name":"(anonymous_102)","decl":{"start":{"line":65,"column":0},"end":{"line":65,"column":-1}},"loc":{"start":{"line":65,"column":0},"end":{"line":65,"column":-1}}}},"branchMap":{"0":{"loc":{"start":{"line":65,"column":0},"end":{"line":21,"column":0}},"type":"cond-expr","locations":[{"start":{"line":65,"column":0},"end":{"line":21,"column":0}},{"start":{"line":65,"column":0},"end":{"line":65,"column":-1}}]},"1":{"loc":{"start":{"line":23,"column":0},"end":{"line":24,"column":0}},"type":"if","locations":[{"start":{"line":23,"column":0},"end":{"line":24,"column":0}},{"start":{"line":23,"column":0},"end":{"line":24,"column":0}}]},"2":{"loc":{"start":{"line":32,"column":0},"end":{"line":33,"column":0}},"type":"if","locations":[{"start":{"line":32,"column":0},"end":{"line":33,"column":0}},{"start":{"line":32,"column":0},"end":{"line":33,"column":0}}]},"3":{"loc":{"start":{"line":44,"column":0},"end":{"line":45,"column":0}},"type":"if","locations":[{"start":{"line":44,"column":0},"end":{"line":45,"column":0}},{"start":{"line":44,"column":0},"end":{"line":45,"column":0}}]},"4":{"loc":{"start":{"line":74,"column":0},"end":{"line":75,"column":-1}},"type":"binary-expr","locations":[{"start":{"line":74,"column":0},"end":{"line":75,"column":-1}},{"start":{"line":75,"column":0},"end":{"line":74,"column":0}}]},"5":{"loc":{"start":{"line":79,"column":0},"end":{"line":83,"column":0}},"type":"if","locations":[{"start":{"line":79,"column":0},"end":{"line":83,"column":0}},{"start":{"line":79,"column":0},"end":{"line":83,"column":0}}]},"6":{"loc":{"start":{"line":82,"column":0},"end":{"line":83,"column":-1}},"type":"binary-expr","locations":[{"start":{"line":82,"column":0},"end":{"line":83,"column":-1}},{"start":{"line":83,"column":0},"end":{"line":82,"column":0}}]}},"s":{"0":0,"1":0,"2":0,"3":0,"4":0,"5":0,"6":0,"7":0,"8":0,"9":0,"10":0,"11":0,"12":0,"13":0,"14":0,"15":0,"16":0,"17":0,"18":0,"19":0,"20":0,"21":0,"22":0,"23":0,"24":0,"25":0,"26":0},"f":{"0":0,"1":0,"2":0,"3":0},"b":{"0":[0,0],"1":[0,0],"2":[0,0],"3":[0,0],"4":[0,0],"5":[0,0],"6":[0,0]}}
,"/Users/janelthomas/reactJS/ssr-react-router-node-app/build/webpack:/node_modules/path-to-regexp/index.js": {"path":"/Users/janelthomas/reactJS/ssr-react-router-node-app/build/webpack:/node_modules/path-to-regexp/index.js","statementMap":{"0":{"start":{"line":1,"column":14},"end":{"line":1,"column":0}},"1":{"start":{"line":6,"column":0},"end":{"line":null,"column":-1}},"2":{"start":{"line":111,"column":0},"end":{"line":null,"column":-1}},"3":{"start":{"line":17,"column":0},"end":{"line":17,"column":-1}},"4":{"start":{"line":45,"column":0},"end":{"line":100,"column":0}},"5":{"start":{"line":46,"column":0},"end":{"line":46,"column":-1}},"6":{"start":{"line":47,"column":0},"end":{"line":46,"column":0}},"7":{"start":{"line":48,"column":0},"end":{"line":46,"column":0}},"8":{"start":{"line":53,"column":0},"end":{"line":86,"column":0}},"9":{"start":{"line":54,"column":0},"end":{"line":53,"column":0}},"10":{"start":{"line":58,"column":0},"end":{"line":58,"column":-1}},"11":{"start":{"line":59,"column":0},"end":{"line":58,"column":0}},"12":{"start":{"line":60,"column":0},"end":{"line":58,"column":0}},"13":{"start":{"line":61,"column":0},"end":{"line":58,"column":0}},"14":{"start":{"line":62,"column":0},"end":{"line":58,"column":0}},"15":{"start":{"line":63,"column":0},"end":{"line":58,"column":0}},"16":{"start":{"line":64,"column":0},"end":{"line":58,"column":0}},"17":{"start":{"line":67,"column":0},"end":{"line":null,"column":-1}},"18":{"start":{"line":72,"column":0},"end":{"line":72,"column":-1}},"19":{"start":{"line":73,"column":0},"end":{"line":72,"column":0}},"20":{"start":{"line":74,"column":0},"end":{"line":72,"column":0}},"21":{"start":{"line":75,"column":0},"end":{"line":72,"column":0}},"22":{"start":{"line":76,"column":0},"end":{"line":72,"column":0}},"23":{"start":{"line":78,"column":0},"end":{"line":null,"column":-1}},"24":{"start":{"line":100,"column":0},"end":{"line":null,"column":-1}},"25":{"start":{"line":121,"column":0},"end":{"line":null,"column":-1}},"26":{"start":{"line":122,"column":0},"end":{"line":null,"column":-1}},"27":{"start":{"line":133,"column":0},"end":{"line":null,"column":-1}},"28":{"start":{"line":134,"column":0},"end":{"line":null,"column":-1}},"29":{"start":{"line":146,"column":0},"end":{"line":null,"column":-1}},"30":{"start":{"line":147,"column":0},"end":{"line":null,"column":-1}},"31":{"start":{"line":152,"column":0},"end":{"line":null,"column":-1}},"32":{"start":{"line":158,"column":0},"end":{"line":218,"column":0}},"33":{"start":{"line":159,"column":0},"end":{"line":159,"column":-1}},"34":{"start":{"line":161,"column":0},"end":{"line":162,"column":0}},"35":{"start":{"line":167,"column":0},"end":{"line":167,"column":-1}},"36":{"start":{"line":170,"column":0},"end":{"line":183,"column":0}},"37":{"start":{"line":171,"column":0},"end":{"line":179,"column":0}},"38":{"start":{"line":173,"column":0},"end":{"line":null,"column":-1}},"39":{"start":{"line":177,"column":0},"end":{"line":null,"column":-1}},"40":{"start":{"line":179,"column":0},"end":{"line":null,"column":-1}},"41":{"start":{"line":183,"column":0},"end":{"line":215,"column":0}},"42":{"start":{"line":184,"column":0},"end":{"line":185,"column":0}},"43":{"start":{"line":185,"column":0},"end":{"line":null,"column":-1}},"44":{"start":{"line":188,"column":0},"end":{"line":196,"column":0}},"45":{"start":{"line":189,"column":0},"end":{"line":190,"column":0}},"46":{"start":{"line":190,"column":0},"end":{"line":null,"column":-1}},"47":{"start":{"line":192,"column":0},"end":{"line":null,"column":-1}},"48":{"start":{"line":196,"column":0},"end":{"line":203,"column":0}},"49":{"start":{"line":199,"column":0},"end":{"line":200,"column":0}},"50":{"start":{"line":200,"column":0},"end":{"line":null,"column":-1}},"51":{"start":{"line":203,"column":0},"end":{"line":null,"column":-1}},"52":{"start":{"line":211,"column":0},"end":{"line":212,"column":0}},"53":{"start":{"line":212,"column":0},"end":{"line":null,"column":-1}},"54":{"start":{"line":215,"column":0},"end":{"line":null,"column":-1}},"55":{"start":{"line":162,"column":0},"end":{"line":null,"column":-1}},"56":{"start":{"line":218,"column":0},"end":{"line":null,"column":-1}},"57":{"start":{"line":229,"column":0},"end":{"line":null,"column":-1}},"58":{"start":{"line":239,"column":0},"end":{"line":null,"column":-1}},"59":{"start":{"line":251,"column":0},"end":{"line":null,"column":-1}},"60":{"start":{"line":261,"column":0},"end":{"line":null,"column":-1}},"61":{"start":{"line":334,"column":0},"end":{"line":null,"column":-1}},"62":{"start":{"line":346,"column":0},"end":{"line":375,"column":0}},"63":{"start":{"line":347,"column":0},"end":{"line":347,"column":-1}},"64":{"start":{"line":349,"column":0},"end":{"line":368,"column":0}},"65":{"start":{"line":350,"column":0},"end":{"line":349,"column":0}},"66":{"start":{"line":352,"column":0},"end":{"line":352,"column":-1}},"67":{"start":{"line":353,"column":0},"end":{"line":352,"column":0}},"68":{"start":{"line":355,"column":0},"end":{"line":null,"column":-1}},"69":{"start":{"line":375,"column":0},"end":{"line":375,"column":-1}},"70":{"start":{"line":376,"column":0},"end":{"line":375,"column":0}},"71":{"start":{"line":394,"column":0},"end":{"line":null,"column":-1}},"72":{"start":{"line":417,"column":0},"end":{"line":null,"column":-1}},"73":{"start":{"line":273,"column":0},"end":{"line":273,"column":-1}},"74":{"start":{"line":275,"column":0},"end":{"line":276,"column":0}},"75":{"start":{"line":276,"column":0},"end":{"line":null,"column":-1}},"76":{"start":{"line":277,"column":0},"end":{"line":null,"column":-1}},"77":{"start":{"line":290,"column":0},"end":{"line":null,"column":-1}},"78":{"start":{"line":304,"column":0},"end":{"line":null,"column":-1}},"79":{"start":{"line":305,"column":0},"end":{"line":null,"column":-1}},"80":{"start":{"line":310,"column":0},"end":{"line":null,"column":-1}},"81":{"start":{"line":322,"column":0},"end":{"line":null,"column":-1}},"82":{"start":{"line":425,"column":72},"end":{"line":null,"column":-1}}},"fnMap":{"0":{"name":"(anonymous_79)","decl":{"start":{"line":110,"column":0},"end":{"line":110,"column":-1}},"loc":{"start":{"line":110,"column":0},"end":{"line":6,"column":0}}},"1":{"name":"i","decl":{"start":{"line":37,"column":0},"end":{"line":37,"column":-1}},"loc":{"start":{"line":37,"column":0},"end":{"line":120,"column":0}}},"2":{"name":"a","decl":{"start":{"line":120,"column":0},"end":{"line":120,"column":-1}},"loc":{"start":{"line":120,"column":0},"end":{"line":132,"column":0}}},"3":{"name":"(anonymous_82)","decl":{"start":{"line":121,"column":0},"end":{"line":121,"column":-1}},"loc":{"start":{"line":121,"column":0},"end":{"line":121,"column":-1}}},"4":{"name":"l","decl":{"start":{"line":132,"column":0},"end":{"line":132,"column":-1}},"loc":{"start":{"line":132,"column":0},"end":{"line":141,"column":0}}},"5":{"name":"(anonymous_84)","decl":{"start":{"line":133,"column":0},"end":{"line":133,"column":-1}},"loc":{"start":{"line":133,"column":0},"end":{"line":133,"column":-1}}},"6":{"name":"u","decl":{"start":{"line":141,"column":0},"end":{"line":141,"column":-1}},"loc":{"start":{"line":141,"column":0},"end":{"line":228,"column":0}}},"7":{"name":"(anonymous_86)","decl":{"start":{"line":152,"column":0},"end":{"line":152,"column":-1}},"loc":{"start":{"line":152,"column":0},"end":{"line":152,"column":-1}}},"8":{"name":"c","decl":{"start":{"line":228,"column":0},"end":{"line":228,"column":-1}},"loc":{"start":{"line":228,"column":0},"end":{"line":238,"column":0}}},"9":{"name":"s","decl":{"start":{"line":238,"column":0},"end":{"line":238,"column":-1}},"loc":{"start":{"line":238,"column":0},"end":{"line":249,"column":0}}},"10":{"name":"f","decl":{"start":{"line":249,"column":0},"end":{"line":249,"column":-1}},"loc":{"start":{"line":249,"column":0},"end":{"line":260,"column":0}}},"11":{"name":"p","decl":{"start":{"line":260,"column":0},"end":{"line":260,"column":-1}},"loc":{"start":{"line":260,"column":0},"end":{"line":333,"column":0}}},"12":{"name":"d","decl":{"start":{"line":333,"column":0},"end":{"line":333,"column":-1}},"loc":{"start":{"line":333,"column":0},"end":{"line":409,"column":0}}},"13":{"name":"h","decl":{"start":{"line":409,"column":0},"end":{"line":409,"column":-1}},"loc":{"start":{"line":409,"column":0},"end":{"line":425,"column":72}}},"14":{"name":"(anonymous_93)","decl":{"start":{"line":271,"column":0},"end":{"line":271,"column":-1}},"loc":{"start":{"line":271,"column":0},"end":{"line":271,"column":-1}}},"15":{"name":"(anonymous_94)","decl":{"start":{"line":301,"column":0},"end":{"line":301,"column":-1}},"loc":{"start":{"line":301,"column":0},"end":{"line":301,"column":-1}}},"16":{"name":"(anonymous_95)","decl":{"start":{"line":321,"column":0},"end":{"line":321,"column":-1}},"loc":{"start":{"line":321,"column":0},"end":{"line":321,"column":-1}}}},"branchMap":{"0":{"loc":{"start":{"line":53,"column":0},"end":{"line":86,"column":0}},"type":"if","locations":[{"start":{"line":53,"column":0},"end":{"line":86,"column":0}},{"start":{"line":53,"column":0},"end":{"line":86,"column":0}}]},"1":{"loc":{"start":{"line":67,"column":0},"end":{"line":67,"column":-1}},"type":"binary-expr","locations":[{"start":{"line":67,"column":0},"end":{"line":67,"column":-1}},{"start":{"line":68,"column":0},"end":{"line":67,"column":0}}]},"2":{"loc":{"start":{"line":72,"column":0},"end":{"line":72,"column":-1}},"type":"binary-expr","locations":[{"start":{"line":72,"column":0},"end":{"line":72,"column":-1}},{"start":{"line":72,"column":0},"end":{"line":72,"column":-1}},{"start":{"line":72,"column":0},"end":{"line":72,"column":-1}}]},"3":{"loc":{"start":{"line":73,"column":0},"end":{"line":73,"column":-1}},"type":"binary-expr","locations":[{"start":{"line":73,"column":0},"end":{"line":73,"column":-1}},{"start":{"line":73,"column":0},"end":{"line":72,"column":0}}]},"4":{"loc":{"start":{"line":74,"column":0},"end":{"line":74,"column":-1}},"type":"binary-expr","locations":[{"start":{"line":74,"column":0},"end":{"line":74,"column":-1}},{"start":{"line":74,"column":0},"end":{"line":72,"column":0}}]},"5":{"loc":{"start":{"line":75,"column":0},"end":{"line":75,"column":-1}},"type":"binary-expr","locations":[{"start":{"line":75,"column":0},"end":{"line":75,"column":-1}},{"start":{"line":75,"column":0},"end":{"line":72,"column":0}}]},"6":{"loc":{"start":{"line":76,"column":0},"end":{"line":76,"column":-1}},"type":"binary-expr","locations":[{"start":{"line":76,"column":0},"end":{"line":76,"column":-1}},{"start":{"line":76,"column":0},"end":{"line":72,"column":0}}]},"7":{"loc":{"start":{"line":79,"column":0},"end":{"line":79,"column":-1}},"type":"binary-expr","locations":[{"start":{"line":79,"column":0},"end":{"line":79,"column":-1}},{"start":{"line":79,"column":0},"end":{"line":78,"column":0}}]},"8":{"loc":{"start":{"line":80,"column":0},"end":{"line":80,"column":-1}},"type":"binary-expr","locations":[{"start":{"line":80,"column":0},"end":{"line":80,"column":-1}},{"start":{"line":80,"column":0},"end":{"line":78,"column":0}}]},"9":{"loc":{"start":{"line":86,"column":0},"end":{"line":86,"column":-1}},"type":"cond-expr","locations":[{"start":{"line":86,"column":0},"end":{"line":86,"column":-1}},{"start":{"line":86,"column":0},"end":{"line":null,"column":-1}}]},"10":{"loc":{"start":{"line":91,"column":0},"end":{"line":91,"column":-1}},"type":"binary-expr","locations":[{"start":{"line":91,"column":0},"end":{"line":91,"column":-1}},{"start":{"line":92,"column":0},"end":{"line":91,"column":0}}]},"11":{"loc":{"start":{"line":96,"column":0},"end":{"line":96,"column":-1}},"type":"binary-expr","locations":[{"start":{"line":96,"column":0},"end":{"line":96,"column":-1}},{"start":{"line":97,"column":0},"end":{"line":91,"column":0}}]},"12":{"loc":{"start":{"line":147,"column":0},"end":{"line":148,"column":-1}},"type":"binary-expr","locations":[{"start":{"line":147,"column":0},"end":{"line":148,"column":-1}},{"start":{"line":148,"column":0},"end":{"line":147,"column":0}}]},"13":{"loc":{"start":{"line":161,"column":0},"end":{"line":162,"column":0}},"type":"if","locations":[{"start":{"line":161,"column":0},"end":{"line":162,"column":0}},{"start":{"line":161,"column":0},"end":{"line":162,"column":0}}]},"14":{"loc":{"start":{"line":170,"column":0},"end":{"line":183,"column":0}},"type":"if","locations":[{"start":{"line":170,"column":0},"end":{"line":183,"column":0}},{"start":{"line":170,"column":0},"end":{"line":183,"column":0}}]},"15":{"loc":{"start":{"line":171,"column":0},"end":{"line":179,"column":0}},"type":"if","locations":[{"start":{"line":171,"column":0},"end":{"line":179,"column":0}},{"start":{"line":171,"column":0},"end":{"line":179,"column":0}}]},"16":{"loc":{"start":{"line":173,"column":0},"end":{"line":173,"column":-1}},"type":"binary-expr","locations":[{"start":{"line":173,"column":0},"end":{"line":173,"column":-1}},{"start":{"line":174,"column":0},"end":{"line":173,"column":0}}]},"17":{"loc":{"start":{"line":183,"column":0},"end":{"line":215,"column":0}},"type":"if","locations":[{"start":{"line":183,"column":0},"end":{"line":215,"column":0}},{"start":{"line":183,"column":0},"end":{"line":215,"column":0}}]},"18":{"loc":{"start":{"line":184,"column":0},"end":{"line":185,"column":0}},"type":"if","locations":[{"start":{"line":184,"column":0},"end":{"line":185,"column":0}},{"start":{"line":184,"column":0},"end":{"line":185,"column":0}}]},"19":{"loc":{"start":{"line":188,"column":0},"end":{"line":196,"column":0}},"type":"if","locations":[{"start":{"line":188,"column":0},"end":{"line":196,"column":0}},{"start":{"line":188,"column":0},"end":{"line":196,"column":0}}]},"20":{"loc":{"start":{"line":189,"column":0},"end":{"line":190,"column":0}},"type":"if","locations":[{"start":{"line":189,"column":0},"end":{"line":190,"column":0}},{"start":{"line":189,"column":0},"end":{"line":190,"column":0}}]},"21":{"loc":{"start":{"line":199,"column":0},"end":{"line":200,"column":0}},"type":"if","locations":[{"start":{"line":199,"column":0},"end":{"line":200,"column":0}},{"start":{"line":199,"column":0},"end":{"line":200,"column":0}}]},"22":{"loc":{"start":{"line":203,"column":0},"end":{"line":203,"column":-1}},"type":"cond-expr","locations":[{"start":{"line":203,"column":0},"end":{"line":203,"column":-1}},{"start":{"line":203,"column":0},"end":{"line":203,"column":-1}}]},"23":{"loc":{"start":{"line":211,"column":0},"end":{"line":212,"column":0}},"type":"if","locations":[{"start":{"line":211,"column":0},"end":{"line":212,"column":0}},{"start":{"line":211,"column":0},"end":{"line":212,"column":0}}]},"24":{"loc":{"start":{"line":209,"column":0},"end":{"line":209,"column":-1}},"type":"cond-expr","locations":[{"start":{"line":209,"column":0},"end":{"line":209,"column":-1}},{"start":{"line":209,"column":0},"end":{"line":209,"column":-1}}]},"25":{"loc":{"start":{"line":261,"column":0},"end":{"line":261,"column":-1}},"type":"cond-expr","locations":[{"start":{"line":261,"column":0},"end":{"line":261,"column":-1}},{"start":{"line":261,"column":0},"end":{"line":261,"column":-1}}]},"26":{"loc":{"start":{"line":334,"column":0},"end":{"line":334,"column":-1}},"type":"binary-expr","locations":[{"start":{"line":334,"column":0},"end":{"line":334,"column":-1}},{"start":{"line":335,"column":0},"end":{"line":334,"column":0}}]},"27":{"loc":{"start":{"line":335,"column":33},"end":{"line":335,"column":32}},"type":"binary-expr","locations":[{"start":{"line":335,"column":33},"end":{"line":335,"column":32}},{"start":{"line":335,"column":33},"end":{"line":335,"column":0}}]},"28":{"loc":{"start":{"line":349,"column":0},"end":{"line":368,"column":0}},"type":"if","locations":[{"start":{"line":349,"column":0},"end":{"line":368,"column":0}},{"start":{"line":349,"column":0},"end":{"line":368,"column":0}}]},"29":{"loc":{"start":{"line":357,"column":0},"end":{"line":357,"column":-1}},"type":"binary-expr","locations":[{"start":{"line":357,"column":0},"end":{"line":357,"column":-1}},{"start":{"line":358,"column":0},"end":{"line":357,"column":0}}]},"30":{"loc":{"start":{"line":362,"column":0},"end":{"line":361,"column":0}},"type":"cond-expr","locations":[{"start":{"line":362,"column":0},"end":{"line":361,"column":0}},{"start":{"line":368,"column":0},"end":{"line":355,"column":0}}]},"31":{"loc":{"start":{"line":365,"column":0},"end":{"line":362,"column":0}},"type":"cond-expr","locations":[{"start":{"line":365,"column":0},"end":{"line":362,"column":0}},{"start":{"line":363,"column":0},"end":{"line":361,"column":0}}]},"32":{"loc":{"start":{"line":375,"column":0},"end":{"line":375,"column":-1}},"type":"binary-expr","locations":[{"start":{"line":375,"column":0},"end":{"line":375,"column":-1}},{"start":{"line":375,"column":0},"end":{"line":375,"column":-1}}]},"33":{"loc":{"start":{"line":382,"column":0},"end":{"line":382,"column":-1}},"type":"binary-expr","locations":[{"start":{"line":382,"column":0},"end":{"line":382,"column":-1}},{"start":{"line":383,"column":0},"end":{"line":382,"column":0}}]},"34":{"loc":{"start":{"line":383,"column":0},"end":{"line":383,"column":-1}},"type":"cond-expr","locations":[{"start":{"line":383,"column":0},"end":{"line":383,"column":-1}},{"start":{"line":383,"column":0},"end":{"line":383,"column":-1}}]},"35":{"loc":{"start":{"line":387,"column":0},"end":{"line":386,"column":0}},"type":"cond-expr","locations":[{"start":{"line":387,"column":0},"end":{"line":386,"column":0}},{"start":{"line":391,"column":0},"end":{"line":382,"column":0}}]},"36":{"loc":{"start":{"line":391,"column":0},"end":{"line":391,"column":-1}},"type":"cond-expr","locations":[{"start":{"line":391,"column":0},"end":{"line":391,"column":-1}},{"start":{"line":391,"column":0},"end":{"line":382,"column":0}}]},"37":{"loc":{"start":{"line":391,"column":0},"end":{"line":391,"column":-1}},"type":"binary-expr","locations":[{"start":{"line":391,"column":0},"end":{"line":391,"column":-1}},{"start":{"line":391,"column":0},"end":{"line":391,"column":-1}}]},"38":{"loc":{"start":{"line":410,"column":0},"end":{"line":410,"column":-1}},"type":"binary-expr","locations":[{"start":{"line":410,"column":0},"end":{"line":410,"column":-1}},{"start":{"line":411,"column":0},"end":{"line":410,"column":0}}]},"39":{"loc":{"start":{"line":411,"column":33},"end":{"line":411,"column":32}},"type":"binary-expr","locations":[{"start":{"line":411,"column":33},"end":{"line":411,"column":32}},{"start":{"line":411,"column":33},"end":{"line":411,"column":0}}]},"40":{"loc":{"start":{"line":415,"column":0},"end":{"line":415,"column":-1}},"type":"binary-expr","locations":[{"start":{"line":415,"column":0},"end":{"line":415,"column":-1}},{"start":{"line":415,"column":0},"end":{"line":410,"column":0}}]},"41":{"loc":{"start":{"line":271,"column":0},"end":{"line":417,"column":0}},"type":"cond-expr","locations":[{"start":{"line":271,"column":0},"end":{"line":417,"column":0}},{"start":{"line":421,"column":0},"end":{"line":417,"column":0}}]},"42":{"loc":{"start":{"line":275,"column":0},"end":{"line":276,"column":0}},"type":"if","locations":[{"start":{"line":275,"column":0},"end":{"line":276,"column":0}},{"start":{"line":275,"column":0},"end":{"line":276,"column":0}}]},"43":{"loc":{"start":{"line":301,"column":0},"end":{"line":421,"column":0}},"type":"cond-expr","locations":[{"start":{"line":301,"column":0},"end":{"line":421,"column":0}},{"start":{"line":321,"column":0},"end":{"line":417,"column":0}}]}},"s":{"0":0,"1":0,"2":0,"3":0,"4":0,"5":0,"6":0,"7":0,"8":0,"9":0,"10":0,"11":0,"12":0,"13":0,"14":0,"15":0,"16":0,"17":0,"18":0,"19":0,"20":0,"21":0,"22":0,"23":0,"24":0,"25":0,"26":0,"27":0,"28":0,"29":0,"30":0,"31":0,"32":0,"33":0,"34":0,"35":0,"36":0,"37":0,"38":0,"39":0,"40":0,"41":0,"42":0,"43":0,"44":0,"45":0,"46":0,"47":0,"48":0,"49":0,"50":0,"51":0,"52":0,"53":0,"54":0,"55":0,"56":0,"57":0,"58":0,"59":0,"60":0,"61":0,"62":0,"63":0,"64":0,"65":0,"66":0,"67":0,"68":0,"69":0,"70":0,"71":0,"72":0,"73":0,"74":0,"75":0,"76":0,"77":0,"78":0,"79":0,"80":0,"81":0,"82":0},"f":{"0":0,"1":0,"2":0,"3":0,"4":0,"5":0,"6":0,"7":0,"8":0,"9":0,"10":0,"11":0,"12":0,"13":0,"14":0,"15":0,"16":0},"b":{"0":[0,0],"1":[0,0],"2":[0,0,0],"3":[0,0],"4":[0,0],"5":[0,0],"6":[0,0],"7":[0,0],"8":[0,0],"9":[0,0],"10":[0,0],"11":[0,0],"12":[0,0],"13":[0,0],"14":[0,0],"15":[0,0],"16":[0,0],"17":[0,0],"18":[0,0],"19":[0,0],"20":[0,0],"21":[0,0],"22":[0,0],"23":[0,0],"24":[0,0],"25":[0,0],"26":[0,0],"27":[0,0],"28":[0,0],"29":[0,0],"30":[0,0],"31":[0,0],"32":[0,0],"33":[0,0],"34":[0,0],"35":[0,0],"36":[0,0],"37":[0,0],"38":[0,0],"39":[0,0],"40":[0,0],"41":[0,0],"42":[0,0],"43":[0,0]}}
,"/Users/janelthomas/reactJS/ssr-react-router-node-app/build/webpack:/node_modules/prop-types/factoryWithThrowingShims.js": {"path":"/Users/janelthomas/reactJS/ssr-react-router-node-app/build/webpack:/node_modules/prop-types/factoryWithThrowingShims.js","statementMap":{"0":{"start":{"line":10,"column":27},"end":{"line":10,"column":0}},"1":{"start":{"line":14,"column":0},"end":{"line":null,"column":-1}},"2":{"start":{"line":16,"column":0},"end":{"line":26,"column":0}},"3":{"start":{"line":20,"column":0},"end":{"line":20,"column":-1}},"4":{"start":{"line":26,"column":0},"end":{"line":null,"column":-1}},"5":{"start":{"line":30,"column":0},"end":{"line":null,"column":-1}},"6":{"start":{"line":28,"column":0},"end":{"line":null,"column":-1}},"7":{"start":{"line":34,"column":0},"end":{"line":34,"column":-1}},"8":{"start":{"line":58,"column":0},"end":{"line":null,"column":-1}}},"fnMap":{"0":{"name":"o","decl":{"start":{"line":12,"column":0},"end":{"line":12,"column":-1}},"loc":{"start":{"line":12,"column":0},"end":{"line":14,"column":0}}},"1":{"name":"(anonymous_541)","decl":{"start":{"line":14,"column":0},"end":{"line":14,"column":-1}},"loc":{"start":{"line":14,"column":0},"end":{"line":14,"column":-1}}},"2":{"name":"e","decl":{"start":{"line":15,"column":0},"end":{"line":15,"column":-1}},"loc":{"start":{"line":15,"column":0},"end":{"line":29,"column":0}}},"3":{"name":"t","decl":{"start":{"line":29,"column":0},"end":{"line":29,"column":-1}},"loc":{"start":{"line":29,"column":0},"end":{"line":28,"column":0}}}},"branchMap":{"0":{"loc":{"start":{"line":16,"column":0},"end":{"line":26,"column":0}},"type":"if","locations":[{"start":{"line":16,"column":0},"end":{"line":26,"column":0}},{"start":{"line":16,"column":0},"end":{"line":26,"column":0}}]}},"s":{"0":0,"1":0,"2":0,"3":0,"4":0,"5":0,"6":0,"7":0,"8":0},"f":{"0":0,"1":0,"2":0,"3":0},"b":{"0":[0,0]}}
,"/Users/janelthomas/reactJS/ssr-react-router-node-app/build/webpack:/node_modules/prop-types/index.js": {"path":"/Users/janelthomas/reactJS/ssr-react-router-node-app/build/webpack:/node_modules/prop-types/index.js","statementMap":{"0":{"start":{"line":27,"column":0},"end":{"line":null,"column":-1}}},"fnMap":{},"branchMap":{},"s":{"0":0},"f":{},"b":{}}
,"/Users/janelthomas/reactJS/ssr-react-router-node-app/build/webpack:/node_modules/prop-types/lib/ReactPropTypesSecret.js": {"path":"/Users/janelthomas/reactJS/ssr-react-router-node-app/build/webpack:/node_modules/prop-types/lib/ReactPropTypesSecret.js","statementMap":{"0":{"start":{"line":12,"column":0},"end":{"line":null,"column":-1}}},"fnMap":{},"branchMap":{},"s":{"0":0},"f":{},"b":{}}
,"/Users/janelthomas/reactJS/ssr-react-router-node-app/build/webpack:/node_modules/react/index.js": {"path":"/Users/janelthomas/reactJS/ssr-react-router-node-app/build/webpack:/node_modules/react/index.js","statementMap":{"0":{"start":{"line":4,"column":0},"end":{"line":null,"column":-1}}},"fnMap":{},"branchMap":{},"s":{"0":0},"f":{},"b":{}}
,"/Users/janelthomas/reactJS/ssr-react-router-node-app/build/webpack:/node_modules/react-dom/index.js": {"path":"/Users/janelthomas/reactJS/ssr-react-router-node-app/build/webpack:/node_modules/react-dom/index.js","statementMap":{"0":{"start":{"line":5,"column":0},"end":{"line":27,"column":0}},"1":{"start":{"line":21,"column":0},"end":{"line":27,"column":0}},"2":{"start":{"line":23,"column":0},"end":{"line":null,"column":-1}},"3":{"start":{"line":27,"column":0},"end":{"line":null,"column":-1}}},"fnMap":{"0":{"name":"e","decl":{"start":{"line":3,"column":0},"end":{"line":3,"column":-1}},"loc":{"start":{"line":3,"column":0},"end":{"line":3,"column":-1}}}},"branchMap":{"0":{"loc":{"start":{"line":5,"column":0},"end":{"line":27,"column":0}},"type":"if","locations":[{"start":{"line":5,"column":0},"end":{"line":27,"column":0}},{"start":{"line":5,"column":0},"end":{"line":27,"column":0}}]},"1":{"loc":{"start":{"line":6,"column":0},"end":{"line":6,"column":-1}},"type":"binary-expr","locations":[{"start":{"line":6,"column":0},"end":{"line":6,"column":-1}},{"start":{"line":7,"column":0},"end":{"line":5,"column":0}}]}},"s":{"0":0,"1":0,"2":0,"3":0},"f":{"0":0},"b":{"0":[0,0],"1":[0,0]}}
,"/Users/janelthomas/reactJS/ssr-react-router-node-app/build/webpack:/node_modules/react-dom/cjs/react-dom.production.min.js": {"path":"/Users/janelthomas/reactJS/ssr-react-router-node-app/build/webpack:/node_modules/react-dom/cjs/react-dom.production.min.js","statementMap":{"0":{"start":{"line":13,"column":20},"end":{"line":13,"column":13}},"1":{"start":{"line":13,"column":39},"end":{"line":13,"column":13}},"2":{"start":{"line":13,"column":67},"end":{"line":13,"column":13}},"3":{"start":{"line":14,"column":14},"end":{"line":null,"column":-1}},"4":{"start":{"line":14,"column":112},"end":{"line":null,"column":-1}},"5":{"start":{"line":13,"column":117},"end":{"line":13,"column":410}},"6":{"start":{"line":13,"column":133},"end":{"line":13,"column":410}},"7":{"start":{"line":13,"column":133},"end":{"line":13,"column":132}},"8":{"start":{"line":13,"column":289},"end":{"line":13,"column":288}},"9":{"start":{"line":13,"column":289},"end":{"line":null,"column":-1}},"10":{"start":{"line":13,"column":348},"end":{"line":null,"column":-1}},"11":{"start":{"line":13,"column":410},"end":{"line":null,"column":-1}},"12":{"start":{"line":14,"column":325},"end":{"line":null,"column":-1}},"13":{"start":{"line":15,"column":0},"end":{"line":15,"column":-1}},"14":{"start":{"line":15,"column":56},"end":{"line":null,"column":-1}},"15":{"start":{"line":15,"column":100},"end":{"line":null,"column":-1}},"16":{"start":{"line":14,"column":375},"end":{"line":14,"column":374}},"17":{"start":{"line":14,"column":421},"end":{"line":14,"column":447}},"18":{"start":{"line":14,"column":425},"end":{"line":null,"column":-1}},"19":{"start":{"line":14,"column":447},"end":{"line":null,"column":-1}},"20":{"start":{"line":15,"column":271},"end":{"line":15,"column":270}},"21":{"start":{"line":16,"column":14},"end":{"line":16,"column":399}},"22":{"start":{"line":16,"column":37},"end":{"line":16,"column":36}},"23":{"start":{"line":16,"column":87},"end":{"line":16,"column":399}},"24":{"start":{"line":16,"column":154},"end":{"line":16,"column":399}},"25":{"start":{"line":16,"column":170},"end":{"line":16,"column":169}},"26":{"start":{"line":16,"column":183},"end":{"line":16,"column":170}},"27":{"start":{"line":16,"column":202},"end":{"line":null,"column":-1}},"28":{"start":{"line":16,"column":248},"end":{"line":16,"column":247}},"29":{"start":{"line":16,"column":280},"end":{"line":16,"column":336}},"30":{"start":{"line":16,"column":286},"end":{"line":null,"column":-1}},"31":{"start":{"line":16,"column":331},"end":{"line":null,"column":-1}},"32":{"start":{"line":16,"column":336},"end":{"line":null,"column":-1}},"33":{"start":{"line":16,"column":399},"end":{"line":null,"column":-1}},"
[...]
[{"start":{"line":18,"column":395},"end":{"line":18,"column":428}},{"start":{"line":18,"column":395},"end":{"line":18,"column":428}}]},"55":{"loc":{"start":{"line":18,"column":450},"end":{"line":18,"column":449}},"type":"cond-expr","locations":[{"start":{"line":18,"column":450},"end":{"line":18,"column":449}},{"start":{"line":18,"column":450},"end":{"line":18,"column":449}}]},"56":{"loc":{"start":{"line":19,"column":91},"end":{"line":19,"column":177}},"type":"if","locations":[{"start":{"line":19,"column":91},"end":{"line":19,"column":177}},{"start":{"line":19,"column":91},"end":{"line":19,"column":177}}]},"57":{"loc":{"start":{"line":19,"column":104},"end":{"line":19,"column":177}},"type":"if","locations":[{"start":{"line":19,"column":104},"end":{"line":19,"column":177}},{"start":{"line":19,"column":104},"end":{"line":19,"column":177}}]},"58":{"loc":{"start":{"line":19,"column":125},"end":{"line":19,"column":124}},"type":"binary-expr","locations":[{"start":{"line":19,"column":125},"end":{"line":19,"column":124}},{"start":{"line":19,"column":125},"end":{"line":19,"column":124}}]}},"s":{"0":0,"1":0,"2":0,"3":0,"4":0,"5":0,"6":0,"7":0,"8":0,"9":0,"10":0,"11":0,"12":0,"13":0,"14":0,"15":0,"16":0,"17":0,"18":0,"19":0,"20":0,"21":0,"22":0,"23":0,"24":0,"25":0,"26":0,"27":0,"28":0,"29":0,"30":0,"31":0,"32":0,"33":0,"34":0,"35":0,"36":0,"37":0,"38":0,"39":0,"40":0,"41":0,"42":0,"43":0,"44":0,"45":0,"46":0,"47":0,"48":0,"49":0,"50":0,"51":0,"52":0,"53":0,"54":0,"55":0,"56":0,"57":0,"58":0,"59":0,"60":0,"61":0,"62":0,"63":0,"64":0,"65":0,"66":0,"67":0,"68":0,"69":0,"70":0,"71":0,"72":0,"73":0,"74":0,"75":0,"76":0,"77":0,"78":0,"79":0,"80":0,"81":0,"82":0,"83":0,"84":0,"85":0,"86":0,"87":0,"88":0,"89":0,"90":0,"91":0,"92":0,"93":0,"94":0,"95":0,"96":0,"97":0,"98":0,"99":0,"100":0,"101":0,"102":0,"103":0,"104":0,"105":0,"106":0,"107":0,"108":0,"109":0,"110":0,"111":0,"112":0,"113":0,"114":0,"115":0,"116":0,"117":0,"118":0,"119":0,"120":0,"121":0,"122":0,"123":0,"124":0,"125":0,"126":0,"127":0,"128":0,"129":0,"130":0,"131":0,"132":0,"133":0,"134":0,"135":0,"136":0,"137":0,"138":0,"139":0,"140":0,"141":0,"142":0,"143":0,"144":0,"145":0,"146":0,"147":0},"f":{"0":0,"1":0,"2":0,"3":0,"4":0,"5":0,"6":0,"7":0,"8":0,"9":0,"10":0,"11":0,"12":0,"13":0,"14":0,"15":0,"16":0,"17":0,"18":0,"19":0,"20":0,"21":0,"22":0,"23":0,"24":0,"25":0,"26":0},"b":{"0":[0,0],"1":[0,0],"2":[0,0],"3":[0,0],"4":[0,0],"5":[0,0],"6":[0,0],"7":[0,0],"8":[0,0],"9":[0,0],"10":[0,0],"11":[0,0],"12":[0,0],"13":[0,0],"14":[0,0],"15":[0,0,0],"16":[0,0],"17":[0,0],"18":[0,0],"19":[0,0],"20":[0,0],"21":[0,0],"22":[0,0],"23":[0,0],"24":[0,0],"25":[0,0],"26":[0,0],"27":[0,0],"28":[0,0],"29":[0,0],"30":[0,0],"31":[0,0],"32":[0,0],"33":[0,0],"34":[0,0],"35":[0,0],"36":[0,0],"37":[0,0],"38":[0,0],"39":[0,0],"40":[0,0],"41":[0,0],"42":[0,0],"43":[0,0],"44":[0,0],"45":[0,0],"46":[0,0],"47":[0,0],"48":[0,0,0,0,0],"49":[0,0],"50":[0,0],"51":[0,0,0],"52":[0,0,0,0],"53":[0,0],"54":[0,0],"55":[0,0],"56":[0,0],"57":[0,0],"58":[0,0]}}
,"/Users/janelthomas/reactJS/ssr-react-router-node-app/build/webpack:/node_modules/value-equal/index.js": {"path":"/Users/janelthomas/reactJS/ssr-react-router-node-app/build/webpack:/node_modules/value-equal/index.js","statementMap":{"0":{"start":{"line":1,"column":100},"end":{"line":null,"column":-1}},"1":{"start":{"line":1,"column":140},"end":{"line":null,"column":-1}},"2":{"start":{"line":3,"column":0},"end":{"line":38,"column":15}},"3":{"start":{"line":4,"column":0},"end":{"line":null,"column":-1}},"4":{"start":{"line":6,"column":0},"end":{"line":null,"column":-1}},"5":{"start":{"line":8,"column":0},"end":{"line":9,"column":0}},"6":{"start":{"line":9,"column":0},"end":{"line":null,"column":-1}},"7":{"start":{"line":10,"column":0},"end":{"line":null,"column":-1}},"8":{"start":{"line":14,"column":0},"end":{"line":14,"column":-1}},"9":{"start":{"line":17,"column":0},"end":{"line":null,"column":-1}},"10":{"start":{"line":19,"column":0},"end":{"line":35,"column":0}},"11":{"start":{"line":20,"column":0},"end":{"line":20,"column":-1}},"12":{"start":{"line":21,"column":0},"end":{"line":20,"column":0}},"13":{"start":{"line":23,"column":0},"end":{"line":null,"column":-1}},"14":{"start":{"line":25,"column":0},"end":{"line":25,"column":-1}},"15":{"start":{"line":26,"column":0},"end":{"line":25,"column":0}},"16":{"start":{"line":28,"column":0},"end":{"line":null,"column":-1}},"17":{"start":{"line":31,"column":0},"end":{"line":null,"column":-1}},"18":{"start":{"line":35,"column":0},"end":{"line":null,"column":-1}}},"fnMap":{"0":{"name":"(anonymous_16)","decl":{"start":{"line":1,"column":0},"end":{"line":1,"column":-1}},"loc":{"start":{"line":1,"column":0},"end":{"line":1,"column":-1}}},"1":{"name":"e","decl":{"start":{"line":3,"column":0},"end":{"line":3,"column":-1}},"loc":{"start":{"line":3,"column":0},"end":{"line":38,"column":15}}},"2":{"name":"(anonymous_19)","decl":{"start":{"line":9,"column":0},"end":{"line":9,"column":-1}},"loc":{"start":{"line":9,"column":0},"end":{"line":9,"column":-1}}},"3":{"name":"(anonymous_20)","decl":{"start":{"line":30,"column":0},"end":{"line":30,"column":-1}},"loc":{"start":{"line":30,"column":0},"end":{"line":30,"column":-1}}}},"branchMap":{"0":{"loc":{"start":{"line":1,"column":0},"end":{"line":1,"column":-1}},"type":"cond-expr","locations":[{"start":{"line":1,"column":0},"end":{"line":1,"column":-1}}]},"1":{"loc":{"start":{"line":1,"column":0},"end":{"line":1,"column":-1}},"type":"binary-expr","locations":[{"start":{"line":1,"column":0},"end":{"line":1,"column":-1}},{"start":{"line":1,"column":0},"end":{"line":1,"column":-1}}]},"2":{"loc":{"start":{"line":1,"column":140},"end":{"line":1,"column":139}},"type":"cond-expr","locations":[{"start":{"line":1,"column":140},"end":{"line":1,"column":139}},{"start":{"line":1,"column":140},"end":{"line":1,"column":139}}]},"3":{"loc":{"start":{"line":1,"column":140},"end":{"line":1,"column":139}},"type":"binary-expr","locations":[{"start":{"line":1,"column":140},"end":{"line":1,"column":139}},{"start":{"line":1,"column":140},"end":{"line":1,"column":139}},{"start":{"line":1,"column":140},"end":{"line":1,"column":139}},{"start":{"line":1,"column":140},"end":{"line":1,"column":139}}]},"4":{"loc":{"start":{"line":4,"column":0},"end":{"line":null,"column":-1}},"type":"if","locations":[{"start":{"line":4,"column":0},"end":{"line":null,"column":-1}},{"start":{"line":4,"column":0},"end":{"line":null,"column":-1}}]},"5":{"loc":{"start":{"line":6,"column":0},"end":{"line":null,"column":-1}},"type":"if","locations":[{"start":{"line":6,"column":0},"end":{"line":null,"column":-1}},{"start":{"line":6,"column":0},"end":{"line":null,"column":-1}}]},"6":{"loc":{"start":{"line":6,"column":0},"end":{"line":6,"column":-1}},"type":"binary-expr","locations":[{"start":{"line":6,"column":0},"end":{"line":6,"column":-1}},{"start":{"line":6,"column":0},"end":{"line":6,"column":-1}}]},"7":{"loc":{"start":{"line":8,"column":0},"end":{"line":9,"column":0}},"type":"if","locations":[{"start":{"line":8,"column":0},"end":{"line":9,"column":0}},{"start":{"line":8,"column":0},"end":{"line":9,"column":0}}]},"8":{"loc":{"start":{"line":9,"column":0},"end":{"line":9,"column":-1}},"type":"binary-expr","locations":[{"start":{"line":9,"column":0},"end":{"line":9,"column":-1}},{"start":{"line":9,"column":0},"end":{"line":9,"column":-1}},{"start":{"line":9,"column":0},"end":{"line":9,"column":-1}}]},"9":{"loc":{"start":{"line":14,"column":0},"end":{"line":14,"column":-1}},"type":"cond-expr","locations":[{"start":{"line":14,"column":0},"end":{"line":14,"column":-1}},{"start":{"line":14,"column":0},"end":{"line":14,"column":-1}}]},"10":{"loc":{"start":{"line":17,"column":0},"end":{"line":null,"column":-1}},"type":"if","locations":[{"start":{"line":17,"column":0},"end":{"line":null,"column":-1}},{"start":{"line":17,"column":0},"end":{"line":null,"column":-1}}]},"11":{"loc":{"start":{"line":15,"column":0},"end":{"line":17,"column":0}},"type":"cond-expr","locations":[{"start":{"line":15,"column":0},"end":{"line":17,"column":0}},{"start":{"line":15,"column":0},"end":{"line":17,"column":0}}]},"12":{"loc":{"start":{"line":19,"column":0},"end":{"line":35,"column":0}},"type":"if","locations":[{"start":{"line":19,"column":0},"end":{"line":35,"column":0}},{"start":{"line":19,"column":0},"end":{"line":35,"column":0}}]},"13":{"loc":{"start":{"line":23,"column":0},"end":{"line":null,"column":-1}},"type":"if","locations":[{"start":{"line":23,"column":0},"end":{"line":null,"column":-1}},{"start":{"line":23,"column":0},"end":{"line":null,"column":-1}}]},"14":{"loc":{"start":{"line":23,"column":0},"end":{"line":23,"column":-1}},"type":"binary-expr","locations":[{"start":{"line":23,"column":0},"end":{"line":23,"column":-1}},{"start":{"line":23,"column":0},"end":{"line":23,"column":-1}}]},"15":{"loc":{"start":{"line":28,"column":0},"end":{"line":28,"column":-1}},"type":"binary-expr","locations":[{"start":{"line":28,"column":0},"end":{"line":28,"column":-1}},{"start":{"line":30,"column":0},"end":{"line":28,"column":0}}]}},"s":{"0":0,"1":0,"2":0,"3":0,"4":0,"5":0,"6":0,"7":0,"8":0,"9":0,"10":0,"11":0,"12":0,"13":0,"14":0,"15":0,"16":0,"17":0,"18":0},"f":{"0":0,"1":0,"2":0,"3":0},"b":{"0":[0],"1":[0,0],"2":[0,0],"3":[0,0,0,0],"4":[0,0],"5":[0,0],"6":[0,0],"7":[0,0],"8":[0,0,0],"9":[0,0],"10":[0,0],"11":[0,0],"12":[0,0],"13":[0,0],"14":[0,0],"15":[0,0]}}
,"/Users/janelthomas/reactJS/ssr-react-router-node-app/build/webpack:/node_modules/warning/warning.js": {"path":"/Users/janelthomas/reactJS/ssr-react-router-node-app/build/webpack:/node_modules/warning/warning.js","statementMap":{"0":{"start":{"line":19,"column":0},"end":{"line":17,"column":0}},"1":{"start":{"line":62,"column":0},"end":{"line":null,"column":-1}}},"fnMap":{"0":{"name":"r","decl":{"start":{"line":19,"column":0},"end":{"line":19,"column":-1}},"loc":{"start":{"line":19,"column":0},"end":{"line":17,"column":0}}}},"branchMap":{},"s":{"0":0,"1":0},"f":{"0":0},"b":{}}
,"/Users/janelthomas/reactJS/ssr-react-router-node-app/build/webpack:/webpack/bootstrap": {"path":"/Users/janelthomas/reactJS/ssr-react-router-node-app/build/webpack:/webpack/bootstrap","statementMap":{"0":{"start":{"line":10,"column":0},"end":{"line":null,"column":-1}},"1":{"start":{"line":11,"column":0},"end":{"line":null,"column":-1}},"2":{"start":{"line":17,"column":0},"end":{"line":null,"column":-1}},"3":{"start":{"line":18,"column":0},"end":{"line":null,"column":-1}},"4":{"start":{"line":24,"column":0},"end":{"line":null,"column":-1}},"5":{"start":{"line":25,"column":0},"end":{"line":null,"column":-1}},"6":{"start":{"line":32,"column":0},"end":{"line":null,"column":-1}},"7":{"start":{"line":36,"column":0},"end":{"line":48,"column":0}},"8":{"start":{"line":39,"column":0},"end":{"line":43,"column":0}},"9":{"start":{"line":40,"column":0},"end":{"line":40,"column":-1}},"10":{"start":{"line":41,"column":0},"end":{"line":null,"column":-1}},"11":{"start":{"line":43,"column":0},"end":{"line":null,"column":-1}},"12":{"start":{"line":48,"column":0},"end":{"line":null,"column":-1}},"13":{"start":{"line":52,"column":0},"end":{"line":52,"column":-1}},"14":{"start":{"line":57,"column":0},"end":{"line":52,"column":0}},"15":{"start":{"line":61,"column":0},"end":{"line":52,"column":0}},"16":{"start":{"line":67,"column":0},"end":{"line":68,"column":0}},"17":{"start":{"line":68,"column":0},"end":{"line":null,"column":-1}},"18":{"start":{"line":71,"column":0},"end":{"line":71,"column":-1}},"19":{"start":{"line":84,"column":0},"end":{"line":null,"column":-1}},"20":{"start":{"line":89,"column":0},"end":{"line":null,"column":-1}},"21":{"start":{"line":96,"column":0},"end":{"line":null,"column":-1}},"22":{"start":{"line":103,"column":0},"end":{"line":null,"column":-1}},"23":{"start":{"line":116,"column":0},"end":{"line":null,"column":-1}},"24":{"start":{"line":117,"column":0},"end":{"line":null,"column":-1}},"25":{"start":{"line":118,"column":0},"end":{"line":118,"column":-1}},"26":{"start":{"line":121,"column":0},"end":{"line":null,"column":-1}},"27":{"start":{"line":121,"column":112},"end":{"line":null,"column":-1}},"28":{"start":{"line":122,"column":0},"end":{"line":null,"column":-1}},"29":{"start":{"line":127,"column":0},"end":{"line":127,"column":-1}},"30":{"start":{"line":128,"column":27},"end":{"line":null,"column":-1}},"31":{"start":{"line":129,"column":33},"end":{"line":null,"column":-1}},"32":{"start":{"line":131,"column":0},"end":{"line":null,"column":-1}},"33":{"start":{"line":135,"column":54},"end":{"line":null,"column":-1}},"34":{"start":{"line":140,"column":0},"end":{"line":140,"column":-1}},"35":{"start":{"line":141,"column":0},"end":{"line":140,"column":0}},"36":{"start":{"line":142,"column":0},"end":{"line":null,"column":-1}},"37":{"start":{"line":144,"column":0},"end":{"line":null,"column":-1}},"38":{"start":{"line":144,"column":39},"end":{"line":null,"column":-1}},"39":{"start":{"line":145,"column":0},"end":{"line":145,"column":-1}},"40":{"start":{"line":149,"column":0},"end":{"line":null,"column":-1}},"41":{"start":{"line":151,"column":0},"end":{"line":null,"column":-1}},"42":{"start":{"line":151,"column":0},"end":{"line":151,"column":-1}}},"fnMap":{"0":{"name":"t","decl":{"start":{"line":2,"column":0},"end":{"line":2,"column":-1}},"loc":{"start":{"line":2,"column":0},"end":{"line":34,"column":0}}},"1":{"name":"n","decl":{"start":{"line":34,"column":0},"end":{"line":34,"column":-1}},"loc":{"start":{"line":34,"column":0},"end":{"line":52,"column":0}}},"2":{"name":"l","decl":{"start":{"line":64,"column":0},"end":{"line":64,"column":-1}},"loc":{"start":{"line":64,"column":0},"end":{"line":89,"column":0}}},"3":{"name":"(anonymous_7)","decl":{"start":{"line":95,"column":0},"end":{"line":95,"column":-1}},"loc":{"start":{"line":95,"column":0},"end":{"line":89,"column":0}}},"4":{"name":"(anonymous_8)","decl":{"start":{"line":102,"column":0},"end":{"line":102,"column":-1}},"loc":{"start":{"line":102,"column":0},"end":{"line":89,"column":0}}},"5":{"name":"(anonymous_9)","decl":{"start":{"line":114,"column":0},"end":{"line":114,"column":-1}},"loc":{"start":{"line":114,"column":0},"end":{"line":89,"column":0}}},"6":{"name":"(anonymous_10)","decl":{"start":{"line":121,"column":0},"end":{"line":121,"column":-1}},"loc":{"start":{"line":121,"column":0},"end":{"line":121,"column":-1}}},"7":{"name":"(anonymous_11)","decl":{"start":{"line":126,"column":0},"end":{"line":126,"column":-1}},"loc":{"start":{"line":126,"column":0},"end":{"line":89,"column":0}}},"8":{"name":"(anonymous_12)","decl":{"start":{"line":128,"column":0},"end":{"line":128,"column":-1}},"loc":{"start":{"line":128,"column":0},"end":{"line":127,"column":0}}},"9":{"name":"(anonymous_13)","decl":{"start":{"line":129,"column":0},"end":{"line":129,"column":-1}},"loc":{"start":{"line":129,"column":0},"end":{"line":127,"column":0}}},"10":{"name":"(anonymous_14)","decl":{"start":{"line":135,"column":0},"end":{"line":135,"column":-1}},"loc":{"start":{"line":135,"column":0},"end":{"line":89,"column":0}}},"11":{"name":"_","decl":{"start":{"line":151,"column":0},"end":{"line":151,"column":-1}},"loc":{"start":{"line":151,"column":0},"end":{"line":151,"column":-1}}}},"branchMap":{"0":{"loc":{"start":{"line":12,"column":0},"end":{"line":12,"column":-1}},"type":"binary-expr","locations":[{"start":{"line":12,"column":0},"end":{"line":12,"column":-1}},{"start":{"line":13,"column":0},"end":{"line":11,"column":0}}]},"1":{"loc":{"start":{"line":18,"column":0},"end":{"line":19,"column":-1}},"type":"binary-expr","locations":[{"start":{"line":18,"column":0},"end":{"line":19,"column":-1}},{"start":{"line":19,"column":0},"end":{"line":18,"column":0}}]},"2":{"loc":{"start":{"line":29,"column":0},"end":{"line":29,"column":-1}},"type":"binary-expr","locations":[{"start":{"line":29,"column":0},"end":{"line":29,"column":-1}},{"start":{"line":29,"column":0},"end":{"line":29,"column":-1}}]},"3":{"loc":{"start":{"line":41,"column":0},"end":{"line":41,"column":-1}},"type":"binary-expr","locations":[{"start":{"line":41,"column":0},"end":{"line":41,"column":-1}},{"start":{"line":41,"column":0},"end":{"line":41,"column":-1}}]},"4":{"loc":{"start":{"line":43,"column":0},"end":{"line":43,"column":-1}},"type":"binary-expr","locations":[{"start":{"line":43,"column":0},"end":{"line":43,"column":-1}},{"start":{"line":44,"column":0},"end":{"line":43,"column":0}}]},"5":{"loc":{"start":{"line":67,"column":0},"end":{"line":68,"column":0}},"type":"if","locations":[{"start":{"line":67,"column":0},"end":{"line":68,"column":0}},{"start":{"line":67,"column":0},"end":{"line":68,"column":0}}]},"6":{"loc":{"start":{"line":96,"column":0},"end":{"line":97,"column":-1}},"type":"binary-expr","locations":[{"start":{"line":96,"column":0},"end":{"line":97,"column":-1}},{"start":{"line":97,"column":0},"end":{"line":96,"column":0}}]},"7":{"loc":{"start":{"line":103,"column":0},"end":{"line":103,"column":-1}},"type":"binary-expr","locations":[{"start":{"line":103,"column":0},"end":{"line":103,"column":-1}},{"start":{"line":103,"column":0},"end":{"line":103,"column":-1}},{"start":{"line":104,"column":0},"end":{"line":103,"column":0}}]},"8":{"loc":{"start":{"line":116,"column":0},"end":{"line":null,"column":-1}},"type":"if","locations":[{"start":{"line":116,"column":0},"end":{"line":null,"column":-1}},{"start":{"line":116,"column":0},"end":{"line":null,"column":-1}}]},"9":{"loc":{"start":{"line":115,"column":0},"end":{"line":115,"column":-1}},"type":"binary-expr","locations":[{"start":{"line":115,"column":0},"end":{"line":115,"column":-1}},{"start":{"line":115,"column":0},"end":{"line":115,"column":-1}}]},"10":{"loc":{"start":{"line":117,"column":0},"end":{"line":null,"column":-1}},"type":"if","locations":[{"start":{"line":117,"column":0},"end":{"line":null,"column":-1}},{"start":{"line":117,"column":0},"end":{"line":null,"column":-1}}]},"11":{"loc":{"start":{"line":117,"column":0},"end":{"line":117,"column":-1}},"type":"binary-expr","locations":[{"start":{"line":117,"column":0},"end":{"line":117,"column":-1}},{"start":{"line":117,"column":0},"end":{"line":117,"column":-1}},{"start":{"line":117,"column":0},"end":{"line":117,"column":-1}},{"start":{"line":117,"column":0},"end":{"line":117,"column":-1}}]},"12":{"loc":{"start":{"line":121,"column":0},"end":{"line":null,"column":-1}},"type":"if","locations":[{"start":{"line":121,"column":0},"end":{"line":null,"column":-1}},{"start":{"line":121,"column":0},"end":{"line":null,"column":-1}}]},"13":{"loc":{"start":{"line":121,"column":0},"end":{"line":121,"column":-1}},"type":"binary-expr","locations":[{"start":{"line":121,"column":0},"end":{"line":121,"column":-1}},{"start":{"line":121,"column":0},"end":{"line":121,"column":-1}}]},"14":{"loc":{"start":{"line":128,"column":0},"end":{"line":127,"column":0}},"type":"cond-expr","locations":[{"start":{"line":128,"column":0},"end":{"line":127,"column":0}},{"start":{"line":129,"column":0},"end":{"line":127,"column":0}}]},"15":{"loc":{"start":{"line":127,"column":0},"end":{"line":127,"column":-1}},"type":"binary-expr","locations":[{"start":{"line":127,"column":0},"end":{"line":127,"column":-1}},{"start":{"line":127,"column":0},"end":{"line":127,"column":-1}}]},"16":{"loc":{"start":{"line":140,"column":0},"end":{"line":140,"column":-1}},"type":"binary-expr","locations":[{"start":{"line":140,"column":0},"end":{"line":140,"column":-1}},{"start":{"line":140,"column":0},"end":{"line":140,"column":-1}}]}},"s":{"0":0,"1":0,"2":0,"3":0,"4":0,"5":0,"6":0,"7":0,"8":0,"9":0,"10":0,"11":0,"12":0,"13":0,"14":0,"15":0,"16":0,"17":0,"18":0,"19":0,"20":0,"21":0,"22":0,"23":0,"24":0,"25":0,"26":0,"27":0,"28":0,"29":0,"30":0,"31":0,"32":0,"33":0,"34":0,"35":0,"36":0,"37":0,"38":0,"39":0,"40":0,"41":0,"42":0},"f":{"0":0,"1":0,"2":0,"3":0,"4":0,"5":0,"6":0,"7":0,"8":0,"9":0,"10":0,"11":0},"b":{"0":[0,0],"1":[0,0],"2":[0,0],"3":[0,0],"4":[0,0],"5":[0,0],"6":[0,0],"7":[0,0,0],"8":[0,0],"9":[0,0],"10":[0,0],"11":[0,0,0,0],"12":[0,0],"13":[0,0],"14":[0,0],"15":[0,0],"16":[0,0]}}
}
