TN:
SF:/Users/janelthomas/reactJS/ssr-react-router-node-app/webpack.config.js
FNF:0
FNH:0
DA:1,0
DA:2,0
DA:3,0
DA:5,0
LF:4
LH:0
BRF:0
BRH:0
end_of_record
TN:
SF:/Users/janelthomas/reactJS/ssr-react-router-node-app/app/components/App.js
FN:13,App
FN:22,(anonymous_1)
FN:23,(anonymous_2)
FNF:3
FNH:0
FNDA:0,App
FNDA:0,(anonymous_1)
FNDA:0,(anonymous_2)
DA:15,0
DA:17,0
DA:22,0
DA:23,0
LF:4
LH:0
BRF:0
BRH:0
end_of_record
TN:
SF:/Users/janelthomas/reactJS/ssr-react-router-node-app/build/webpack:/app/index.js
FNF:0
FNH:0
DA:7,0
LF:1
LH:0
BRF:0
BRH:0
end_of_record
TN:
SF:/Users/janelthomas/reactJS/ssr-react-router-node-app/build/webpack:/app/components/App.js
FN:22,render
FN:23,render
FNF:2
FNH:0
FNDA:0,render
FNDA:0,render
DA:15,0
DA:17,0
DA:22,0
DA:23,0
LF:4
LH:0
BRF:0
BRH:0
end_of_record
TN:
SF:/Users/janelthomas/reactJS/ssr-react-router-node-app/build/webpack:/app/components/Home.js
FNF:0
FNH:0
DA:4,0
LF:1
LH:0
BRF:0
BRH:0
end_of_record
TN:
SF:/Users/janelthomas/reactJS/ssr-react-router-node-app/build/webpack:/app/components/List.js
FN:20,p
FN:11,(anonymous_18)
FNF:2
FNH:0
FNDA:0,p
FNDA:0,(anonymous_18)
DA:3,0
DA:4,0
DA:7,0
DA:12,0
DA:13,0
LF:5
LH:0
BRF:0
BRH:0
end_of_record
TN:
SF:/Users/janelthomas/reactJS/ssr-react-router-node-app/build/webpack:/node_modules/history/es/DOMUtils.js
FN:22,(anonymous_48)
FNF:1
FNH:0
FNDA:0,(anonymous_48)
DA:4,0
DA:8,0
DA:12,0
DA:23,0
DA:25,0
DA:51,0
LF:6
LH:0
BRDA:1,0,0,0
BRDA:1,0,1,0
BRDA:1,0,2,0
BRDA:4,1,0,0
BRDA:4,1,1,0
BRDA:8,2,0,0
BRDA:8,2,1,0
BRDA:25,3,0,0
BRDA:25,3,1,0
BRDA:25,3,2,0
BRDA:25,3,3,0
BRDA:25,3,4,0
BRDA:25,3,5,0
BRDA:25,3,6,0
BRDA:51,4,0,0
BRDA:51,4,1,0
BRF:16
BRH:0
end_of_record
TN:
SF:/Users/janelthomas/reactJS/ssr-react-router-node-app/build/webpack:/node_modules/history/es/LocationUtils.js
FNF:0
FNH:0
DA:1,0
DA:8,0
DA:9,0
DA:34,0
DA:35,0
DA:37,0
DA:60,0
DA:64,0
LF:8
LH:0
BRDA:1,0,0,0
BRDA:1,1,0,0
BRDA:1,1,1,0
BRDA:9,2,0,0
BRDA:9,2,1,0
BRDA:12,3,0,0
BRDA:12,3,1,0
BRDA:20,4,0,0
BRDA:20,4,1,0
BRDA:20,5,0,0
BRDA:20,5,1,0
BRDA:26,6,0,0
BRDA:26,6,1,0
BRDA:26,7,0,0
BRDA:26,7,1,0
BRDA:28,8,0,0
BRDA:28,8,1,0
BRDA:28,8,2,0
BRDA:38,9,0,0
BRDA:38,9,1,0
BRDA:44,10,0,0
BRDA:44,10,1,0
BRDA:48,11,0,0
BRDA:48,11,1,0
BRDA:50,12,0,0
BRDA:50,12,1,0
BRDA:50,13,0,0
BRDA:50,13,1,0
BRDA:55,14,0,0
BRDA:55,14,1,0
BRDA:64,15,0,0
BRDA:64,15,1,0
BRDA:64,15,2,0
BRDA:64,15,3,0
BRDA:64,15,4,0
BRF:35
BRH:0
end_of_record
TN:
SF:/Users/janelthomas/reactJS/ssr-react-router-node-app/build/webpack:/node_modules/history/es/PathUtils.js
FN:21,(anonymous_28)
FNF:1
FNH:0
FNDA:0,(anonymous_28)
DA:2,0
DA:10,0
DA:14,0
DA:18,0
DA:22,0
DA:23,0
DA:24,0
DA:26,0
DA:32,0
DA:38,0
DA:46,0
DA:47,0
DA:48,0
DA:51,0
DA:57,0
LF:15
LH:0
BRDA:2,0,0,0
BRDA:2,0,1,0
BRDA:14,1,0,0
BRDA:14,1,1,0
BRDA:18,2,0,0
BRDA:18,2,1,0
BRDA:51,3,0,0
BRDA:51,3,1,0
BRDA:53,4,0,0
BRDA:53,4,1,0
BRDA:53,4,2,0
BRDA:53,5,0,0
BRDA:53,5,1,0
BRDA:55,6,0,0
BRDA:55,6,1,0
BRDA:55,6,2,0
BRDA:55,7,0,0
BRDA:55,7,1,0
BRDA:22,8,0,0
BRDA:22,8,1,0
BRDA:26,9,0,0
BRDA:26,9,1,0
BRDA:38,10,0,0
BRDA:38,10,1,0
BRDA:40,11,0,0
BRDA:40,11,1,0
BRDA:41,12,0,0
BRDA:41,12,1,0
BRF:28
BRH:0
end_of_record
TN:
SF:/Users/janelthomas/reactJS/ssr-react-router-node-app/build/webpack:/node_modules/history/es/createBrowserHistory.js
FN:1,(anonymous_43)
FN:47,b
FN:67,P
FN:73,N
FN:81,R
FN:88,M
FN:94,U
FN:101,(anonymous_56)
FN:111,I
FN:139,F
FN:213,L
FN:227,W
FN:143,push
FN:149,(anonymous_62)
FN:179,replace
FN:185,(anonymous_64)
FN:217,goBack
FN:221,goForward
FN:243,block
FN:253,(anonymous_68)
FN:263,listen
FN:267,(anonymous_70)
FNF:22
FNH:0
FNDA:0,(anonymous_43)
FNDA:0,b
FNDA:0,P
FNDA:0,N
FNDA:0,R
FNDA:0,M
FNDA:0,U
FNDA:0,(anonymous_56)
FNDA:0,I
FNDA:0,F
FNDA:0,L
FNDA:0,W
FNDA:0,push
FNDA:0,(anonymous_62)
FNDA:0,replace
FNDA:0,(anonymous_64)
FNDA:0,goBack
FNDA:0,goForward
FNDA:0,block
FNDA:0,(anonymous_68)
FNDA:0,listen
FNDA:0,(anonymous_70)
DA:1,0
DA:3,0
DA:16,0
DA:17,0
DA:21,0
DA:30,0
DA:32,0
DA:34,0
DA:36,0
DA:38,0
DA:39,0
DA:40,0
DA:41,0
DA:42,0
DA:43,0
DA:45,0
DA:47,0
DA:48,0
DA:49,0
DA:50,0
DA:52,0
DA:53,0
DA:64,0
DA:67,0
DA:68,0
DA:71,0
DA:73,0
DA:74,0
DA:81,0
DA:88,0
DA:89,0
DA:92,0
DA:94,0
DA:95,0
DA:102,0
DA:111,0
DA:112,0
DA:118,0
DA:122,0
DA:126,0
DA:128,0
DA:134,0
DA:135,0
DA:139,0
DA:140,0
DA:144,0
DA:147,0
DA:149,0
DA:150,0
DA:152,0
DA:153,0
DA:154,0
DA:157,0
DA:160,0
DA:161,0
DA:163,0
DA:164,0
DA:166,0
DA:172,0
DA:180,0
DA:183,0
DA:185,0
DA:186,0
DA:188,0
DA:189,0
DA:190,0
DA:193,0
DA:196,0
DA:197,0
DA:199,0
DA:206,0
DA:213,0
DA:214,0
DA:218,0
DA:222,0
DA:225,0
DA:227,0
DA:230,0
DA:241,0
DA:244,0
DA:246,0
DA:253,0
DA:259,0
DA:264,0
DA:267,0
DA:268,0
DA:273,0
DA:287,0
LF:88
LH:0
BRDA:1,0,0,0
BRDA:1,1,0,0
BRDA:1,1,1,0
BRDA:1,2,0,0
BRDA:1,2,1,0
BRDA:1,3,0,0
BRDA:1,3,1,0
BRDA:1,3,2,0
BRDA:1,3,3,0
BRDA:3,4,0,0
BRDA:3,5,0,0
BRDA:3,5,1,0
BRDA:17,6,0,0
BRDA:17,6,1,0
BRDA:30,7,0,0
BRDA:30,7,1,0
BRDA:39,8,0,0
BRDA:39,8,1,0
BRDA:41,9,0,0
BRDA:41,9,1,0
BRDA:43,10,0,0
BRDA:43,10,1,0
BRDA:45,11,0,0
BRDA:45,11,1,0
BRDA:48,12,0,0
BRDA:48,12,1,0
BRDA:60,13,0,0
BRDA:60,13,1,0
BRDA:62,14,0,0
BRDA:62,14,1,0
BRDA:81,15,0,0
BRDA:81,15,1,0
BRDA:96,16,0,0
BRDA:96,16,1,0
BRDA:103,17,0,0
BRDA:103,17,1,0
BRDA:118,18,0,0
BRDA:118,18,1,0
BRDA:122,19,0,0
BRDA:122,19,1,0
BRDA:128,20,0,0
BRDA:128,20,1,0
BRDA:231,21,0,0
BRDA:231,21,1,0
BRDA:233,22,0,0
BRDA:233,22,1,0
BRDA:234,23,0,0
BRDA:234,23,1,0
BRDA:237,24,0,0
BRDA:237,24,1,0
BRDA:144,25,0,0
BRDA:144,25,1,0
BRDA:144,25,2,0
BRDA:144,26,0,0
BRDA:144,26,1,0
BRDA:150,27,0,0
BRDA:150,27,1,0
BRDA:157,28,0,0
BRDA:157,28,1,0
BRDA:160,29,0,0
BRDA:160,29,1,0
BRDA:164,30,0,0
BRDA:164,30,1,0
BRDA:180,31,0,0
BRDA:180,31,1,0
BRDA:180,31,2,0
BRDA:180,32,0,0
BRDA:180,32,1,0
BRDA:186,33,0,0
BRDA:186,33,1,0
BRDA:193,34,0,0
BRDA:193,34,1,0
BRDA:196,35,0,0
BRDA:196,35,1,0
BRDA:199,36,0,0
BRDA:199,36,1,0
BRDA:244,37,0,0
BRDA:244,37,1,0
BRDA:244,37,2,0
BRDA:248,38,0,0
BRDA:248,38,1,0
BRDA:254,39,0,0
BRDA:254,39,1,0
BRF:83
BRH:0
end_of_record
TN:
SF:/Users/janelthomas/reactJS/ssr-react-router-node-app/build/webpack:/node_modules/history/es/createHashHistory.js
FNF:0
FNH:0
DA:1,0
LF:1
LH:0
BRF:0
BRH:0
end_of_record
TN:
SF:/Users/janelthomas/reactJS/ssr-react-router-node-app/build/webpack:/node_modules/history/es/createMemoryHistory.js
FNF:0
FNH:0
LF:0
LH:0
BRDA:1,0,0,0
BRF:1
BRH:0
end_of_record
TN:
SF:/Users/janelthomas/reactJS/ssr-react-router-node-app/build/webpack:/node_modules/history/es/createTransitionManager.js
FN:6,setPrompt
FN:11,(anonymous_32)
FN:16,confirmTransitionTo
FN:42,appendListener
FN:45,r
FN:51,(anonymous_36)
FN:53,(anonymous_37)
FN:59,notifyListeners
FN:64,(anonymous_39)
FNF:9
FNH:0
FNDA:0,setPrompt
FNDA:0,(anonymous_32)
FNDA:0,confirmTransitionTo
FNDA:0,appendListener
FNDA:0,r
FNDA:0,(anonymous_36)
FNDA:0,(anonymous_37)
FNDA:0,notifyListeners
FNDA:0,(anonymous_39)
DA:4,0
DA:11,0
DA:12,0
DA:20,0
DA:21,0
DA:23,0
DA:36,0
DA:40,0
DA:43,0
DA:45,0
DA:46,0
DA:51,0
DA:52,0
DA:54,0
DA:60,0
DA:61,0
DA:64,0
DA:65,0
DA:69,0
LF:19
LH:0
BRDA:12,0,0,0
BRDA:12,0,1,0
BRDA:20,1,0,0
BRDA:20,1,1,0
BRDA:21,2,0,0
BRDA:21,2,1,0
BRDA:24,3,0,0
BRDA:24,3,1,0
BRDA:25,4,0,0
BRDA:25,4,1,0
BRDA:46,5,0,0
BRDA:46,5,1,0
BRF:12
BRH:0
end_of_record
TN:
SF:/Users/janelthomas/reactJS/ssr-react-router-node-app/build/webpack:/node_modules/history/es/index.js
FN:1,(anonymous_71)
FNF:1
FNH:0
FNDA:0,(anonymous_71)
DA:1,0
LF:1
LH:0
BRF:0
BRH:0
end_of_record
TN:
SF:/Users/janelthomas/reactJS/ssr-react-router-node-app/build/webpack:/node_modules/history/node_modules/warning/browser.js
FN:19,(anonymous_6)
FNF:1
FNH:0
FNDA:0,(anonymous_6)
DA:60,0
LF:1
LH:0
BRF:0
BRH:0
end_of_record
TN:
SF:/Users/janelthomas/reactJS/ssr-react-router-node-app/build/webpack:/node_modules/invariant/browser.js
FN:21,(anonymous_10)
FN:39,(anonymous_11)
FNF:2
FNH:0
FNDA:0,(anonymous_10)
FNDA:0,(anonymous_11)
DA:28,0
DA:30,0
DA:31,0
DA:36,0
DA:37,0
DA:39,0
DA:45,0
DA:49,0
LF:8
LH:0
BRDA:28,0,0,0
BRDA:28,0,1,0
BRDA:30,1,0,0
BRDA:30,1,1,0
BRF:4
BRH:0
end_of_record
TN:
SF:/Users/janelthomas/reactJS/ssr-react-router-node-app/build/webpack:/node_modules/isarray/index.js
FN:1,(anonymous_546)
FNF:1
FNH:0
FNDA:0,(anonymous_546)
DA:1,0
DA:2,0
LF:2
LH:0
BRDA:1,0,0,0
BRDA:1,0,1,0
BRF:2
BRH:0
end_of_record
TN:
SF:/Users/janelthomas/reactJS/ssr-react-router-node-app/build/webpack:/node_modules/object-assign/index.js
FN:21,(anonymous_99)
FN:41,(anonymous_100)
FN:50,(anonymous_101)
FN:65,(anonymous_102)
FNF:4
FNH:0
FNDA:0,(anonymous_99)
FNDA:0,(anonymous_100)
FNDA:0,(anonymous_101)
FNDA:0,(anonymous_102)
DA:9,0
DA:10,0
DA:11,0
DA:22,0
DA:23,0
DA:24,0
DA:30,0
DA:32,0
DA:33,0
DA:38,0
DA:39,0
DA:42,0
DA:44,0
DA:45,0
DA:49,0
DA:51,0
DA:53,0
DA:61,0
DA:65,0
DA:70,0
DA:73,0
DA:74,0
DA:79,0
DA:80,0
DA:81,0
DA:82,0
DA:89,0
LF:27
LH:0
BRDA:65,0,0,0
BRDA:65,0,1,0
BRDA:23,1,0,0
BRDA:23,1,1,0
BRDA:32,2,0,0
BRDA:32,2,1,0
BRDA:44,3,0,0
BRDA:44,3,1,0
BRDA:74,4,0,0
BRDA:74,4,1,0
BRDA:79,5,0,0
BRDA:79,5,1,0
BRDA:82,6,0,0
BRDA:82,6,1,0
BRF:14
BRH:0
end_of_record
TN:
SF:/Users/janelthomas/reactJS/ssr-react-router-node-app/build/webpack:/node_modules/path-to-regexp/index.js
FN:110,(anonymous_79)
FN:37,i
FN:120,a
FN:121,(anonymous_82)
FN:132,l
FN:133,(anonymous_84)
FN:141,u
FN:152,(anonymous_86)
FN:228,c
FN:238,s
FN:249,f
FN:260,p
FN:333,d
FN:409,h
FN:271,(anonymous_93)
FN:301,(anonymous_94)
FN:321,(anonymous_95)
FNF:17
FNH:0
FNDA:0,(anonymous_79)
FNDA:0,i
FNDA:0,a
FNDA:0,(anonymous_82)
FNDA:0,l
FNDA:0,(anonymous_84)
FNDA:0,u
FNDA:0,(anonymous_86)
FNDA:0,c
FNDA:0,s
FNDA:0,f
FNDA:0,p
FNDA:0,d
FNDA:0,h
FNDA:0,(anonymous_93)
FNDA:0,(anonymous_94)
FNDA:0,(anonymous_95)
DA:1,0
DA:6,0
DA:17,0
DA:45,0
DA:46,0
DA:47,0
DA:48,0
DA:53,0
DA:54,0
DA:58,0
DA:59,0
DA:60,0
DA:61,0
DA:62,0
DA:63,0
DA:64,0
DA:67,0
DA:72,0
DA:73,0
DA:74,0
DA:75,0
DA:76,0
DA:78,0
DA:100,0
DA:111,0
DA:121,0
DA:122,0
DA:133,0
DA:134,0
DA:146,0
DA:147,0
DA:152,0
DA:158,0
DA:159,0
DA:161,0
DA:162,0
DA:167,0
DA:170,0
DA:171,0
DA:173,0
DA:177,0
DA:179,0
DA:183,0
DA:184,0
DA:185,0
DA:188,0
DA:189,0
DA:190,0
DA:192,0
DA:196,0
DA:199,0
DA:200,0
DA:203,0
DA:211,0
DA:212,0
DA:215,0
DA:218,0
DA:229,0
DA:239,0
DA:251,0
DA:261,0
DA:273,0
DA:275,0
DA:276,0
DA:277,0
DA:290,0
DA:304,0
DA:305,0
DA:310,0
DA:322,0
DA:334,0
DA:346,0
DA:347,0
DA:349,0
DA:350,0
DA:352,0
DA:353,0
DA:355,0
DA:375,0
DA:376,0
DA:394,0
DA:417,0
DA:425,0
LF:83
LH:0
BRDA:53,0,0,0
BRDA:53,0,1,0
BRDA:67,1,0,0
BRDA:67,1,1,0
BRDA:72,2,0,0
BRDA:72,2,1,0
BRDA:72,2,2,0
BRDA:73,3,0,0
BRDA:73,3,1,0
BRDA:74,4,0,0
BRDA:74,4,1,0
BRDA:75,5,0,0
BRDA:75,5,1,0
BRDA:76,6,0,0
BRDA:76,6,1,0
BRDA:79,7,0,0
BRDA:79,7,1,0
BRDA:80,8,0,0
BRDA:80,8,1,0
BRDA:86,9,0,0
BRDA:86,9,1,0
BRDA:91,10,0,0
BRDA:91,10,1,0
BRDA:96,11,0,0
BRDA:96,11,1,0
BRDA:147,12,0,0
BRDA:147,12,1,0
BRDA:161,13,0,0
BRDA:161,13,1,0
BRDA:170,14,0,0
BRDA:170,14,1,0
BRDA:171,15,0,0
BRDA:171,15,1,0
BRDA:173,16,0,0
BRDA:173,16,1,0
BRDA:183,17,0,0
BRDA:183,17,1,0
BRDA:184,18,0,0
BRDA:184,18,1,0
BRDA:188,19,0,0
BRDA:188,19,1,0
BRDA:189,20,0,0
BRDA:189,20,1,0
BRDA:199,21,0,0
BRDA:199,21,1,0
BRDA:203,22,0,0
BRDA:203,22,1,0
BRDA:211,23,0,0
BRDA:211,23,1,0
BRDA:209,24,0,0
BRDA:209,24,1,0
BRDA:261,25,0,0
BRDA:261,25,1,0
BRDA:334,26,0,0
BRDA:334,26,1,0
BRDA:335,27,0,0
BRDA:335,27,1,0
BRDA:349,28,0,0
BRDA:349,28,1,0
BRDA:357,29,0,0
BRDA:357,29,1,0
BRDA:362,30,0,0
BRDA:362,30,1,0
BRDA:365,31,0,0
BRDA:365,31,1,0
BRDA:375,32,0,0
BRDA:375,32,1,0
BRDA:382,33,0,0
BRDA:382,33,1,0
BRDA:383,34,0,0
BRDA:383,34,1,0
BRDA:387,35,0,0
BRDA:387,35,1,0
BRDA:391,36,0,0
BRDA:391,36,1,0
BRDA:391,37,0,0
BRDA:391,37,1,0
BRDA:410,38,0,0
BRDA:410,38,1,0
BRDA:411,39,0,0
BRDA:411,39,1,0
BRDA:415,40,0,0
BRDA:415,40,1,0
BRDA:271,41,0,0
BRDA:271,41,1,0
BRDA:275,42,0,0
BRDA:275,42,1,0
BRDA:301,43,0,0
BRDA:301,43,1,0
BRF:89
BRH:0
end_of_record
TN:
SF:/Users/janelthomas/reactJS/ssr-react-router-node-app/build/webpack:/node_modules/prop-types/factoryWithThrowingShims.js
FN:12,o
FN:14,(anonymous_541)
FN:15,e
FN:29,t
FNF:4
FNH:0
FNDA:0,o
FNDA:0,(anonymous_541)
FNDA:0,e
FNDA:0,t
DA:10,0
DA:14,0
DA:16,0
DA:20,0
DA:26,0
DA:28,0
DA:30,0
DA:34,0
DA:58,0
LF:9
LH:0
BRDA:16,0,0,0
BRDA:16,0,1,0
BRF:2
BRH:0
end_of_record
TN:
SF:/Users/janelthomas/reactJS/ssr-react-router-node-app/build/webpack:/node_modules/prop-types/index.js
FNF:0
FNH:0
DA:27,0
LF:1
LH:0
BRF:0
BRH:0
end_of_record
TN:
SF:/Users/janelthomas/reactJS/ssr-react-router-node-app/build/webpack:/node_modules/prop-types/lib/ReactPropTypesSecret.js
FNF:0
FNH:0
DA:12,0
LF:1
LH:0
BRF:0
BRH:0
end_of_record
TN:
SF:/Users/janelthomas/reactJS/ssr-react-router-node-app/build/webpack:/node_modules/react/index.js
FNF:0
FNH:0
DA:4,0
LF:1
LH:0
BRF:0
BRH:0
end_of_record
TN:
SF:/Users/janelthomas/reactJS/ssr-react-router-node-app/build/webpack:/node_modules/react-dom/index.js
FN:3,e
FNF:1
FNH:0
FNDA:0,e
DA:5,0
DA:21,0
DA:23,0
DA:27,0
LF:4
LH:0
BRDA:5,0,0,0
BRDA:5,0,1,0
BRDA:6,1,0,0
BRDA:6,1,1,0
BRF:4
BRH:0
end_of_record
TN:
SF:/Users/janelthomas/reactJS/ssr-react-router-node-app/build/webpack:/node_modules/react-dom/cjs/react-dom.production.min.js
FN:14,a
FN:13,(anonymous_146)
FN:13,(anonymous_147)
FN:15,onError
FN:15,p
FN:14,(anonymous_150)
FN:16,m
FN:17,y
FN:17,E
FN:15,(anonymous_154)
FN:17,C
FN:18,_
FN:18,P
FN:18,O
FN:18,N
FN:19,injectEventPluginOrder
FN:19,injectEventPluginsByName
FN:20,M
FN:21,j
FN:21,D
FN:21,F
FN:22,L
FN:22,z
FN:22,W
FN:22,V
FN:23,B
FN:23,$
FN:23,H
FN:24,q
FN:24,K
FN:25,J
FN:27,le
FN:27,ue
FN:27,ce
FN:28,se
FN:31,fe
FN:31,pe
FN:32,de
FN:29,preventDefault
FN:29,stopPropagation
FN:29,persist
FN:29,destructor
FN:30,currentTarget
FN:30,timeStamp
FN:31,(anonymous_189)
FN:31,t
FN:31,n
FN:35,Ee
FN:35,Ce
FN:37,extractEvents
FN:35,(anonymous_195)
FN:36,(anonymous_196)
FN:38,Re
FN:38,Me
FN:38,je
FN:39,Ue
FN:39,Ie
FN:39,Ae
FN:39,Fe
FN:39,ze
FN:40,We
FN:40,Ve
FN:40,Be
FN:42,$e
FN:41,(anonymous_209)
FN:41,get
FN:41,set
FN:41,getValue
FN:41,setValue
FN:41,stopTracking
FN:42,He
FN:44,ut
FN:45,ct
FN:46,st
FN:49,mt
FN:50,(anonymous_220)
FN:50,(anonymous_221)
FN:50,(anonymous_222)
FN:51,(anonymous_223)
FN:51,(anonymous_224)
FN:51,(anonymous_225)
FN:52,(anonymous_226)
FN:52,(anonymous_227)
FN:52,(anonymous_228)
FN:52,gt
FN:55,bt
FN:49,(anonymous_231)
FN:48,(anonymous_232)
FN:48,(anonymous_233)
FN:56,wt
FN:56,kt
FN:57,xt
FN:57,Tt
FN:58,Et
FN:59,Ct
FN:60,_t
FN:53,(anonymous_241)
FN:54,(anonymous_242)
FN:54,(anonymous_243)
FN:60,Pt
FN:60,Rt
FN:61,Mt
FN:61,jt
FN:61,It
FN:61,At
FN:61,Dt
FN:61,Ft
FN:62,Lt
FN:62,zt
FN:63,extractEvents
FN:64,$t
FN:64,Ht
FN:65,relatedTarget
FN:65,movementX
FN:65,movementY
FN:67,extractEvents
FN:69,tn
FN:70,nn
FN:70,rn
FN:70,on
FN:72,an
FN:71,(anonymous_266)
FN:73,clipboardData
FN:73,sn
FN:75,key
FN:75,charCode
FN:76,keyCode
FN:76,which
FN:76,deltaX
FN:77,deltaY
FN:79,kn
FN:81,(anonymous_276)
FN:81,(anonymous_277)
FN:82,isInteractiveTopLevelEventType
FN:82,extractEvents
FN:84,Cn
FN:85,Sn
FN:85,Pn
FN:85,On
FN:86,Nn
FN:87,Un
FN:87,In
FN:87,An
FN:88,Dn
FN:89,Fn
FN:89,Ln
FN:91,qn
FN:92,extractEvents
FN:94,Kn
FN:93,(anonymous_294)
FN:93,(anonymous_295)
FN:94,Qn
FN:95,Xn
FN:95,Gn
FN:96,Jn
FN:96,Zn
FN:97,tr
FN:97,nr
FN:98,(anonymous_303)
FN:98,(anonymous_304)
FN:98,(anonymous_305)
FN:98,(anonymous_306)
FN:99,ir
FN:102,ur
FN:101,(anonymous_309)
FN:101,(anonymous_310)
FN:103,sr
FN:104,fr
FN:105,pr
FN:105,dr
FN:106,yr
FN:106,vr
FN:106,wr
FN:107,kr
FN:107,Er
FN:107,Cr
FN:108,Nr
FN:108,Rr
FN:108,Mr
FN:108,jr
FN:109,Ur
FN:109,Ir
FN:109,Ar
FN:110,Dr
FN:110,zr
FN:110,(anonymous_330)
FN:112,Wr
FN:112,(anonymous_332)
FN:113,Vr
FN:114,Br
FN:116,$r
FN:117,Hr
FN:117,qr
FN:117,Yr
FN:118,Kr
FN:118,Qr
FN:119,Xr
FN:120,Gr
FN:120,Jr
FN:121,eo
FN:121,to
FN:122,no
FN:122,ro
FN:123,oo
FN:124,io
FN:124,ao
FN:125,lo
FN:126,uo
FN:128,co
FN:128,so
FN:129,fo
FN:129,vo
FN:129,go
FN:129,bo
FN:130,wo
FN:130,Co
FN:131,_o
FN:131,So
FN:131,Po
FN:131,Oo
FN:132,Mo
FN:133,isMounted
FN:133,enqueueSetState
FN:133,enqueueReplaceState
FN:133,enqueueForceUpdate
FN:134,Uo
FN:135,Io
FN:136,Ao
FN:137,Do
FN:139,Lo
FN:139,t
FN:140,zo
FN:141,Wo
FN:141,t
FN:141,n
FN:141,r
FN:141,o
FN:141,i
FN:142,l
FN:142,u
FN:142,c
FN:142,s
FN:143,f
FN:143,p
FN:144,d
FN:144,h
FN:145,m
FN:146,(anonymous_392)
FN:146,y
FN:148,(anonymous_394)
FN:148,(anonymous_395)
FN:151,Yo
FN:151,Ko
FN:152,Qo
FN:152,Xo
FN:152,Go
FN:152,Jo
FN:153,ei
FN:154,ti
FN:155,ni
FN:156,ri
FN:156,oi
FN:156,ii
FN:157,ai
FN:163,li
FN:163,ui
FN:164,ci
FN:165,si
FN:167,fi
FN:168,pi
FN:153,(anonymous_415)
FN:153,(anonymous_416)
FN:153,(anonymous_417)
FN:113,(anonymous_418)
FN:176,di
FN:181,gi
FN:181,(anonymous_421)
FN:181,bi
FN:182,wi
FN:182,ki
FN:183,xi
FN:186,Ti
FN:188,Ei
FN:189,Ci
FN:189,(anonymous_429)
FN:190,_i
FN:190,(anonymous_431)
FN:190,(anonymous_432)
FN:191,Si
FN:177,hi
FN:177,mi
FN:178,yi
FN:180,vi
FN:192,Wi
FN:193,Vi
FN:202,Bi
FN:203,$i
FN:208,Hi
FN:209,qi
FN:210,Yi
FN:211,Ki
FN:212,Qi
FN:212,Xi
FN:212,wa
FN:213,ka
FN:213,xa
FN:213,(anonymous_451)
FN:213,Ta
FN:214,Ea
FN:215,Ca
FN:216,_a
FN:217,Sa
FN:217,Pa
FN:218,Oa
FN:219,Na
FN:88,e
FN:231,Ra
FN:231,Ma
FN:231,ja
FN:231,Ua
FN:232,Ia
FN:233,Aa
FN:234,Da
FN:234,Fa
FN:236,La
FN:239,za
FN:241,Wa
FN:243,Va
FN:245,Ba
FN:245,o
FN:244,(anonymous_475)
FN:245,o
FN:245,(anonymous_477)
FN:246,$a
FN:234,(anonymous_479)
FN:235,Pe
FN:236,(anonymous_481)
FN:237,(anonymous_482)
FN:238,(anonymous_483)
FN:239,(anonymous_484)
FN:239,(anonymous_485)
FN:240,(anonymous_486)
FN:242,(anonymous_487)
FN:242,(anonymous_488)
FN:242,(anonymous_489)
FN:243,(anonymous_490)
FN:243,Ae
FN:247,findDOMNode
FN:247,hydrate
FN:247,render
FN:247,unstable_renderSubtreeIntoContainer
FN:247,unmountComponentAtNode
FN:248,(anonymous_497)
FN:248,(anonymous_498)
FN:248,unstable_createPortal
FN:248,flushSync
FN:248,unstable_flushControlled
FN:249,(anonymous_502)
FN:249,unstable_createRoot
FN:249,(anonymous_504)
FN:111,(anonymous_505)
FN:111,(anonymous_506)
FN:111,(anonymous_507)
FN:249,findHostInstanceByFiber
FN:249,findFiberByHostInstance
FNF:365
FNH:0
FNDA:0,a
FNDA:0,(anonymous_146)
FNDA:0,(anonymous_147)
FNDA:0,onError
FNDA:0,p
FNDA:0,(anonymous_150)
FNDA:0,m
FNDA:0,y
FNDA:0,E
FNDA:0,(anonymous_154)
FNDA:0,C
FNDA:0,_
FNDA:0,P
FNDA:0,O
FNDA:0,N
FNDA:0,injectEventPluginOrder
FNDA:0,injectEventPluginsByName
FNDA:0,M
FNDA:0,j
FNDA:0,D
FNDA:0,F
FNDA:0,L
FNDA:0,z
FNDA:0,W
FNDA:0,V
FNDA:0,B
FNDA:0,$
FNDA:0,H
FNDA:0,q
FNDA:0,K
FNDA:0,J
FNDA:0,le
FNDA:0,ue
FNDA:0,ce
FNDA:0,se
FNDA:0,fe
FNDA:0,pe
FNDA:0,de
FNDA:0,preventDefault
FNDA:0,stopPropagation
FNDA:0,persist
FNDA:0,destructor
FNDA:0,currentTarget
FNDA:0,timeStamp
FNDA:0,(anonymous_189)
FNDA:0,t
FNDA:0,n
FNDA:0,Ee
FNDA:0,Ce
FNDA:0,extractEvents
FNDA:0,(anonymous_195)
FNDA:0,(anonymous_196)
FNDA:0,Re
FNDA:0,Me
FNDA:0,je
FNDA:0,Ue
FNDA:0,Ie
FNDA:0,Ae
FNDA:0,Fe
FNDA:0,ze
FNDA:0,We
FNDA:0,Ve
FNDA:0,Be
FNDA:0,$e
FNDA:0,(anonymous_209)
FNDA:0,get
FNDA:0,set
FNDA:0,getValue
FNDA:0,setValue
FNDA:0,stopTracking
FNDA:0,He
FNDA:0,ut
FNDA:0,ct
FNDA:0,st
FNDA:0,mt
FNDA:0,(anonymous_220)
FNDA:0,(anonymous_221)
FNDA:0,(anonymous_222)
FNDA:0,(anonymous_223)
FNDA:0,(anonymous_224)
FNDA:0,(anonymous_225)
FNDA:0,(anonymous_226)
FNDA:0,(anonymous_227)
FNDA:0,(anonymous_228)
FNDA:0,gt
FNDA:0,bt
FNDA:0,(anonymous_231)
FNDA:0,(anonymous_232)
FNDA:0,(anonymous_233)
FNDA:0,wt
FNDA:0,kt
FNDA:0,xt
FNDA:0,Tt
FNDA:0,Et
FNDA:0,Ct
FNDA:0,_t
FNDA:0,(anonymous_241)
FNDA:0,(anonymous_242)
FNDA:0,(anonymous_243)
FNDA:0,Pt
FNDA:0,Rt
FNDA:0,Mt
FNDA:0,jt
FNDA:0,It
FNDA:0,At
FNDA:0,Dt
FNDA:0,Ft
FNDA:0,Lt
FNDA:0,zt
FNDA:0,extractEvents
FNDA:0,$t
FNDA:0,Ht
FNDA:0,relatedTarget
FNDA:0,movementX
FNDA:0,movementY
FNDA:0,extractEvents
FNDA:0,tn
FNDA:0,nn
FNDA:0,rn
FNDA:0,on
FNDA:0,an
FNDA:0,(anonymous_266)
FNDA:0,clipboardData
FNDA:0,sn
FNDA:0,key
FNDA:0,charCode
FNDA:0,keyCode
FNDA:0,which
FNDA:0,deltaX
FNDA:0,deltaY
FNDA:0,kn
FNDA:0,(anonymous_276)
FNDA:0,(anonymous_277)
FNDA:0,isInteractiveTopLevelEventType
FNDA:0,extractEvents
FNDA:0,Cn
FNDA:0,Sn
FNDA:0,Pn
FNDA:0,On
FNDA:0,Nn
FNDA:0,Un
FNDA:0,In
FNDA:0,An
FNDA:0,Dn
FNDA:0,Fn
FNDA:0,Ln
FNDA:0,qn
FNDA:0,extractEvents
FNDA:0,Kn
FNDA:0,(anonymous_294)
FNDA:0,(anonymous_295)
FNDA:0,Qn
FNDA:0,Xn
FNDA:0,Gn
FNDA:0,Jn
FNDA:0,Zn
FNDA:0,tr
FNDA:0,nr
FNDA:0,(anonymous_303)
FNDA:0,(anonymous_304)
FNDA:0,(anonymous_305)
FNDA:0,(anonymous_306)
FNDA:0,ir
FNDA:0,ur
FNDA:0,(anonymous_309)
FNDA:0,(anonymous_310)
FNDA:0,sr
FNDA:0,fr
FNDA:0,pr
FNDA:0,dr
FNDA:0,yr
FNDA:0,vr
FNDA:0,wr
FNDA:0,kr
FNDA:0,Er
FNDA:0,Cr
FNDA:0,Nr
FNDA:0,Rr
FNDA:0,Mr
FNDA:0,jr
FNDA:0,Ur
FNDA:0,Ir
FNDA:0,Ar
FNDA:0,Dr
FNDA:0,zr
FNDA:0,(anonymous_330)
FNDA:0,Wr
FNDA:0,(anonymous_332)
FNDA:0,Vr
FNDA:0,Br
FNDA:0,$r
FNDA:0,Hr
FNDA:0,qr
FNDA:0,Yr
FNDA:0,Kr
FNDA:0,Qr
FNDA:0,Xr
FNDA:0,Gr
FNDA:0,Jr
FNDA:0,eo
FNDA:0,to
FNDA:0,no
FNDA:0,ro
FNDA:0,oo
FNDA:0,io
FNDA:0,ao
FNDA:0,lo
FNDA:0,uo
FNDA:0,co
FNDA:0,so
FNDA:0,fo
FNDA:0,vo
FNDA:0,go
FNDA:0,bo
FNDA:0,wo
FNDA:0,Co
FNDA:0,_o
FNDA:0,So
FNDA:0,Po
FNDA:0,Oo
FNDA:0,Mo
FNDA:0,isMounted
FNDA:0,enqueueSetState
FNDA:0,enqueueReplaceState
FNDA:0,enqueueForceUpdate
FNDA:0,Uo
FNDA:0,Io
FNDA:0,Ao
FNDA:0,Do
FNDA:0,Lo
FNDA:0,t
FNDA:0,zo
FNDA:0,Wo
FNDA:0,t
FNDA:0,n
FNDA:0,r
FNDA:0,o
FNDA:0,i
FNDA:0,l
FNDA:0,u
FNDA:0,c
FNDA:0,s
FNDA:0,f
FNDA:0,p
FNDA:0,d
FNDA:0,h
FNDA:0,m
FNDA:0,(anonymous_392)
FNDA:0,y
FNDA:0,(anonymous_394)
FNDA:0,(anonymous_395)
FNDA:0,Yo
FNDA:0,Ko
FNDA:0,Qo
FNDA:0,Xo
FNDA:0,Go
FNDA:0,Jo
FNDA:0,ei
FNDA:0,ti
FNDA:0,ni
FNDA:0,ri
FNDA:0,oi
FNDA:0,ii
FNDA:0,ai
FNDA:0,li
FNDA:0,ui
FNDA:0,ci
FNDA:0,si
FNDA:0,fi
FNDA:0,pi
FNDA:0,(anonymous_415)
FNDA:0,(anonymous_416)
FNDA:0,(anonymous_417)
FNDA:0,(anonymous_418)
FNDA:0,di
FNDA:0,gi
FNDA:0,(anonymous_421)
FNDA:0,bi
FNDA:0,wi
FNDA:0,ki
FNDA:0,xi
FNDA:0,Ti
FNDA:0,Ei
FNDA:0,Ci
FNDA:0,(anonymous_429)
FNDA:0,_i
FNDA:0,(anonymous_431)
FNDA:0,(anonymous_432)
FNDA:0,Si
FNDA:0,hi
FNDA:0,mi
FNDA:0,yi
FNDA:0,vi
FNDA:0,Wi
FNDA:0,Vi
FNDA:0,Bi
FNDA:0,$i
FNDA:0,Hi
FNDA:0,qi
FNDA:0,Yi
FNDA:0,Ki
FNDA:0,Qi
FNDA:0,Xi
FNDA:0,wa
FNDA:0,ka
FNDA:0,xa
FNDA:0,(anonymous_451)
FNDA:0,Ta
FNDA:0,Ea
FNDA:0,Ca
FNDA:0,_a
FNDA:0,Sa
FNDA:0,Pa
FNDA:0,Oa
FNDA:0,Na
FNDA:0,e
FNDA:0,Ra
FNDA:0,Ma
FNDA:0,ja
FNDA:0,Ua
FNDA:0,Ia
FNDA:0,Aa
FNDA:0,Da
FNDA:0,Fa
FNDA:0,La
FNDA:0,za
FNDA:0,Wa
FNDA:0,Va
FNDA:0,Ba
FNDA:0,o
FNDA:0,(anonymous_475)
FNDA:0,o
FNDA:0,(anonymous_477)
FNDA:0,$a
FNDA:0,(anonymous_479)
FNDA:0,Pe
FNDA:0,(anonymous_481)
FNDA:0,(anonymous_482)
FNDA:0,(anonymous_483)
FNDA:0,(anonymous_484)
FNDA:0,(anonymous_485)
FNDA:0,(anonymous_486)
FNDA:0,(anonymous_487)
FNDA:0,(anonymous_488)
FNDA:0,(anonymous_489)
FNDA:0,(anonymous_490)
FNDA:0,Ae
FNDA:0,findDOMNode
FNDA:0,hydrate
FNDA:0,render
FNDA:0,unstable_renderSubtreeIntoContainer
FNDA:0,unmountComponentAtNode
FNDA:0,(anonymous_497)
FNDA:0,(anonymous_498)
FNDA:0,unstable_createPortal
FNDA:0,flushSync
FNDA:0,unstable_flushControlled
FNDA:0,(anonymous_502)
FNDA:0,unstable_createRoot
FNDA:0,(anonymous_504)
FNDA:0,(anonymous_505)
FNDA:0,(anonymous_506)
FNDA:0,(anonymous_507)
FNDA:0,findHostInstanceByFiber
FNDA:0,findFiberByHostInstance
DA:13,0
DA:14,0
DA:15,0
DA:16,0
DA:17,0
DA:18,0
DA:19,0
DA:20,0
DA:21,0
DA:22,0
DA:23,0
DA:24,0
DA:25,0
DA:26,0
DA:27,0
DA:28,0
DA:29,0
DA:30,0
DA:31,0
DA:32,0
DA:33,0
DA:34,0
DA:35,0
DA:36,0
DA:37,0
DA:38,0
DA:39,0
DA:40,0
DA:41,0
DA:42,0
DA:43,0
DA:44,0
DA:45,0
DA:46,0
DA:47,0
DA:48,0
DA:49,0
DA:50,0
DA:51,0
DA:52,0
DA:53,0
DA:54,0
DA:55,0
DA:56,0
DA:57,0
DA:58,0
DA:59,0
DA:60,0
DA:61,0
DA:62,0
DA:63,0
DA:64,0
DA:65,0
DA:66,0
DA:67,0
DA:68,0
DA:69,0
DA:70,0
DA:71,0
DA:72,0
DA:73,0
DA:74,0
DA:75,0
DA:76,0
DA:77,0
DA:79,0
DA:81,0
DA:82,0
DA:83,0
DA:84,0
DA:85,0
DA:86,0
DA:87,0
DA:88,0
DA:89,0
DA:90,0
DA:91,0
DA:92,0
DA:93,0
DA:94,0
DA:95,0
DA:96,0
DA:97,0
DA:98,0
DA:99,0
DA:100,0
DA:101,0
DA:102,0
DA:103,0
DA:104,0
DA:105,0
DA:106,0
DA:107,0
DA:108,0
DA:109,0
DA:110,0
DA:111,0
DA:112,0
DA:113,0
DA:114,0
DA:115,0
DA:116,0
DA:117,0
DA:118,0
DA:119,0
DA:120,0
DA:121,0
DA:122,0
DA:123,0
DA:124,0
DA:125,0
DA:126,0
DA:127,0
DA:128,0
DA:129,0
DA:130,0
DA:131,0
DA:132,0
DA:133,0
DA:134,0
DA:135,0
DA:136,0
DA:137,0
DA:138,0
DA:139,0
DA:140,0
DA:141,0
DA:142,0
DA:143,0
DA:144,0
DA:145,0
DA:146,0
DA:147,0
DA:148,0
DA:149,0
DA:150,0
DA:151,0
DA:152,0
DA:153,0
DA:154,0
DA:155,0
DA:156,0
DA:157,0
DA:158,0
DA:159,0
DA:162,0
DA:163,0
DA:164,0
DA:165,0
DA:166,0
DA:167,0
DA:168,0
DA:169,0
DA:170,0
DA:171,0
DA:172,0
DA:173,0
DA:174,0
DA:175,0
DA:176,0
DA:177,0
DA:178,0
DA:179,0
DA:180,0
DA:181,0
DA:182,0
DA:183,0
DA:184,0
DA:185,0
DA:186,0
DA:187,0
DA:188,0
DA:189,0
DA:190,0
DA:191,0
DA:192,0
DA:193,0
DA:194,0
DA:195,0
DA:196,0
DA:197,0
DA:198,0
DA:199,0
DA:200,0
DA:201,0
DA:202,0
DA:203,0
DA:204,0
DA:205,0
DA:206,0
DA:207,0
DA:208,0
DA:209,0
DA:210,0
DA:211,0
DA:212,0
DA:213,0
DA:214,0
DA:215,0
DA:216,0
DA:217,0
DA:218,0
DA:219,0
DA:220,0
DA:221,0
DA:222,0
DA:223,0
DA:224,0
DA:225,0
DA:226,0
DA:227,0
DA:228,0
DA:229,0
DA:230,0
DA:231,0
DA:232,0
DA:233,0
DA:234,0
DA:235,0
DA:236,0
DA:237,0
DA:238,0
DA:239,0
DA:240,0
DA:241,0
DA:242,0
DA:243,0
DA:244,0
DA:245,0
DA:246,0
DA:247,0
DA:248,0
DA:249,0
DA:250,0
LF:234
LH:0
BRDA:13,0,0,0
BRDA:13,0,1,0
BRDA:13,1,0,0
BRDA:13,1,1,0
BRDA:14,2,0,0
BRDA:14,2,1,0
BRDA:16,3,0,0
BRDA:16,3,1,0
BRDA:16,4,0,0
BRDA:16,4,1,0
BRDA:16,5,0,0
BRDA:16,5,1,0
BRDA:16,6,0,0
BRDA:16,6,1,0
BRDA:16,7,0,0
BRDA:16,7,1,0
BRDA:16,8,0,0
BRDA:16,8,1,0
BRDA:16,9,0,0
BRDA:16,9,1,0
BRDA:16,10,0,0
BRDA:16,10,1,0
BRDA:16,11,0,0
BRDA:16,11,1,0
BRDA:17,12,0,0
BRDA:17,12,1,0
BRDA:17,13,0,0
BRDA:17,13,1,0
BRDA:15,14,0,0
BRDA:15,14,1,0
BRDA:15,15,0,0
BRDA:15,15,1,0
BRDA:15,16,0,0
BRDA:15,16,1,0
BRDA:17,17,0,0
BRDA:17,17,1,0
BRDA:17,18,0,0
BRDA:17,18,1,0
BRDA:17,19,0,0
BRDA:17,19,1,0
BRDA:17,20,0,0
BRDA:17,20,1,0
BRDA:17,21,0,0
BRDA:17,21,1,0
BRDA:18,22,0,0
BRDA:18,22,1,0
BRDA:18,23,0,0
BRDA:18,23,1,0
BRDA:18,24,0,0
BRDA:18,24,1,0
BRDA:18,25,0,0
BRDA:18,25,1,0
BRDA:18,26,0,0
BRDA:18,26,1,0
BRDA:18,27,0,0
BRDA:18,27,1,0
BRDA:19,28,0,0
BRDA:19,28,1,0
BRDA:19,29,0,0
BRDA:19,29,1,0
BRDA:19,30,0,0
BRDA:19,30,1,0
BRDA:19,30,2,0
BRDA:19,31,0,0
BRDA:19,31,1,0
BRDA:19,32,0,0
BRDA:19,32,1,0
BRDA:20,33,0,0
BRDA:20,33,1,0
BRDA:20,34,0,0
BRDA:20,34,1,0
BRDA:20,35,0,0
BRDA:20,35,1,0
BRDA:20,35,2,0
BRDA:20,35,3,0
BRDA:20,35,4,0
BRDA:20,35,5,0
BRDA:20,35,6,0
BRDA:20,35,7,0
BRDA:20,35,8,0
BRDA:20,35,9,0
BRDA:20,35,10,0
BRDA:20,36,0,0
BRDA:20,36,1,0
BRDA:20,37,0,0
BRDA:20,37,1,0
BRDA:20,37,2,0
BRDA:20,37,3,0
BRDA:20,38,0,0
BRDA:20,38,1,0
BRDA:20,39,0,0
BRDA:20,39,1,0
BRDA:20,39,2,0
BRDA:21,40,0,0
BRDA:21,40,1,0
BRDA:21,41,0,0
BRDA:21,41,1,0
BRDA:21,42,0,0
BRDA:21,42,1,0
BRDA:21,43,0,0
BRDA:21,43,1,0
BRDA:21,44,0,0
BRDA:21,44,1,0
BRDA:21,45,0,0
BRDA:21,45,1,0
BRDA:21,46,0,0
BRDA:21,46,1,0
BRDA:21,47,0,0
BRDA:21,47,1,0
BRDA:21,47,2,0
BRDA:22,48,0,0
BRDA:22,48,1,0
BRDA:22,49,0,0
BRDA:22,49,1,0
BRDA:22,50,0,0
BRDA:22,50,1,0
BRDA:22,51,0,0
BRDA:22,51,1,0
BRDA:22,52,0,0
BRDA:22,52,1,0
BRDA:22,53,0,0
BRDA:22,53,1,0
BRDA:23,54,0,0
BRDA:23,54,1,0
BRDA:23,55,0,0
BRDA:23,55,1,0
BRDA:23,56,0,0
BRDA:23,56,1,0
BRDA:23,56,2,0
BRDA:23,56,3,0
BRDA:23,56,4,0
BRDA:23,57,0,0
BRDA:23,57,1,0
BRDA:23,57,2,0
BRDA:24,58,0,0
BRDA:24,58,1,0
BRDA:24,58,2,0
BRDA:25,59,0,0
BRDA:25,59,1,0
BRDA:25,60,0,0
BRDA:25,60,1,0
BRDA:25,61,0,0
BRDA:25,61,1,0
BRDA:25,62,0,0
BRDA:25,62,1,0
BRDA:25,63,0,0
BRDA:25,63,1,0
BRDA:27,64,0,0
BRDA:27,64,1,0
BRDA:27,65,0,0
BRDA:27,65,1,0
BRDA:27,66,0,0
BRDA:27,66,1,0
BRDA:27,67,0,0
BRDA:27,67,1,0
BRDA:27,68,0,0
BRDA:27,68,1,0
BRDA:28,69,0,0
BRDA:28,69,1,0
BRDA:28,70,0,0
BRDA:28,70,1,0
BRDA:31,71,0,0
BRDA:31,71,1,0
BRDA:31,72,0,0
BRDA:31,72,1,0
BRDA:31,73,0,0
BRDA:31,73,1,0
BRDA:29,74,0,0
BRDA:29,74,1,0
BRDA:29,75,0,0
BRDA:29,75,1,0
BRDA:30,76,0,0
BRDA:30,76,1,0
BRDA:32,77,0,0
BRDA:32,77,1,0
BRDA:32,78,0,0
BRDA:32,78,1,0
BRDA:32,78,2,0
BRDA:33,79,0,0
BRDA:33,79,1,0
BRDA:33,79,2,0
BRDA:33,80,0,0
BRDA:33,80,1,0
BRDA:33,80,2,0
BRDA:33,80,3,0
BRDA:33,80,4,0
BRDA:35,81,0,0
BRDA:35,81,1,0
BRDA:35,81,2,0
BRDA:35,81,3,0
BRDA:35,81,4,0
BRDA:35,81,5,0
BRDA:35,82,0,0
BRDA:35,82,1,0
BRDA:37,83,0,0
BRDA:37,83,1,0
BRDA:37,84,0,0
BRDA:37,84,1,0
BRDA:37,84,2,0
BRDA:37,85,0,0
BRDA:37,85,1,0
BRDA:37,86,0,0
BRDA:37,86,1,0
BRDA:37,86,2,0
BRDA:37,87,0,0
BRDA:37,87,1,0
BRDA:37,88,0,0
BRDA:37,88,1,0
BRDA:37,88,2,0
BRDA:37,89,0,0
BRDA:37,89,1,0
BRDA:38,90,0,0
BRDA:38,90,1,0
BRDA:38,91,0,0
BRDA:38,91,1,0
BRDA:38,92,0,0
BRDA:38,92,1,0
BRDA:35,93,0,0
BRDA:35,93,1,0
BRDA:35,94,0,0
BRDA:35,94,1,0
BRDA:35,94,2,0
BRDA:35,94,3,0
BRDA:35,95,0,0
BRDA:35,95,1,0
BRDA:35,96,0,0
BRDA:35,96,1,0
BRDA:36,97,0,0
BRDA:36,97,1,0
BRDA:36,98,0,0
BRDA:36,98,1,0
BRDA:36,99,0,0
BRDA:36,99,1,0
BRDA:36,99,2,0
BRDA:36,100,0,0
BRDA:36,100,1,0
BRDA:36,100,2,0
BRDA:36,100,3,0
BRDA:36,101,0,0
BRDA:36,101,1,0
BRDA:36,102,0,0
BRDA:36,102,1,0
BRDA:36,102,2,0
BRDA:36,103,0,0
BRDA:36,103,1,0
BRDA:36,104,0,0
BRDA:36,104,1,0
BRDA:36,105,0,0
BRDA:36,105,1,0
BRDA:36,106,0,0
BRDA:36,106,1,0
BRDA:38,107,0,0
BRDA:38,107,1,0
BRDA:38,108,0,0
BRDA:38,108,1,0
BRDA:38,109,0,0
BRDA:38,109,1,0
BRDA:38,110,0,0
BRDA:38,110,1,0
BRDA:38,111,0,0
BRDA:38,111,1,0
BRDA:38,112,0,0
BRDA:38,112,1,0
BRDA:39,113,0,0
BRDA:39,113,1,0
BRDA:39,114,0,0
BRDA:39,114,1,0
BRDA:39,114,2,0
BRDA:39,115,0,0
BRDA:39,115,1,0
BRDA:39,115,2,0
BRDA:39,116,0,0
BRDA:39,116,1,0
BRDA:40,117,0,0
BRDA:40,117,1,0
BRDA:40,118,0,0
BRDA:40,118,1,0
BRDA:40,118,2,0
BRDA:40,119,0,0
BRDA:40,119,1,0
BRDA:40,120,0,0
BRDA:40,120,1,0
BRDA:40,121,0,0
BRDA:40,121,1,0
BRDA:40,122,0,0
BRDA:40,122,1,0
BRDA:40,122,2,0
BRDA:40,122,3,0
BRDA:42,123,0,0
BRDA:42,123,1,0
BRDA:41,124,0,0
BRDA:41,124,1,0
BRDA:41,125,0,0
BRDA:41,125,1,0
BRDA:41,126,0,0
BRDA:41,126,1,0
BRDA:41,126,2,0
BRDA:41,126,3,0
BRDA:42,127,0,0
BRDA:42,127,1,0
BRDA:42,128,0,0
BRDA:42,128,1,0
BRDA:42,129,0,0
BRDA:42,129,1,0
BRDA:42,130,0,0
BRDA:42,130,1,0
BRDA:43,131,0,0
BRDA:43,131,1,0
BRDA:43,132,0,0
BRDA:43,132,1,0
BRDA:44,133,0,0
BRDA:44,133,1,0
BRDA:44,134,0,0
BRDA:44,134,1,0
BRDA:44,135,0,0
BRDA:44,135,1,0
BRDA:44,136,0,0
BRDA:44,136,1,0
BRDA:44,137,0,0
BRDA:44,137,1,0
BRDA:44,137,2,0
BRDA:45,138,0,0
BRDA:45,138,1,0
BRDA:45,139,0,0
BRDA:45,139,1,0
BRDA:45,140,0,0
BRDA:45,140,1,0
BRDA:45,140,2,0
BRDA:45,141,0,0
BRDA:45,141,1,0
BRDA:45,142,0,0
BRDA:45,142,1,0
BRDA:45,142,2,0
BRDA:45,142,3,0
BRDA:45,142,4,0
BRDA:45,142,5,0
BRDA:45,143,0,0
BRDA:45,143,1,0
BRDA:45,144,0,0
BRDA:45,144,1,0
BRDA:45,144,2,0
BRDA:45,144,3,0
BRDA:45,144,4,0
BRDA:45,145,0,0
BRDA:45,145,1,0
BRDA:45,145,2,0
BRDA:45,146,0,0
BRDA:45,146,1,0
BRDA:45,147,0,0
BRDA:45,147,1,0
BRDA:46,148,0,0
BRDA:46,148,1,0
BRDA:46,149,0,0
BRDA:46,149,1,0
BRDA:46,150,0,0
BRDA:46,150,1,0
BRDA:46,150,2,0
BRDA:46,150,3,0
BRDA:46,150,4,0
BRDA:46,150,5,0
BRDA:46,150,6,0
BRDA:46,151,0,0
BRDA:46,151,1,0
BRDA:46,152,0,0
BRDA:46,152,1,0
BRDA:46,153,0,0
BRDA:46,153,1,0
BRDA:46,154,0,0
BRDA:46,154,1,0
BRDA:49,155,0,0
BRDA:49,155,1,0
BRDA:49,155,2,0
BRDA:55,156,0,0
BRDA:55,156,1,0
BRDA:55,157,0,0
BRDA:55,157,1,0
BRDA:55,158,0,0
BRDA:55,158,1,0
BRDA:55,159,0,0
BRDA:55,159,1,0
BRDA:55,159,2,0
BRDA:55,159,3,0
BRDA:55,159,4,0
BRDA:55,159,5,0
BRDA:49,160,0,0
BRDA:49,160,1,0
BRDA:49,161,0,0
BRDA:49,161,1,0
BRDA:49,162,0,0
BRDA:49,162,1,0
BRDA:49,162,2,0
BRDA:48,163,0,0
BRDA:48,163,1,0
BRDA:48,164,0,0
BRDA:48,164,1,0
BRDA:48,165,0,0
BRDA:48,165,1,0
BRDA:48,165,2,0
BRDA:48,165,3,0
BRDA:48,166,0,0
BRDA:48,166,1,0
BRDA:48,167,0,0
BRDA:48,167,1,0
BRDA:48,168,0,0
BRDA:48,168,1,0
BRDA:49,169,0,0
BRDA:49,169,1,0
BRDA:49,170,0,0
BRDA:49,170,1,0
BRDA:49,171,0,0
BRDA:49,171,1,0
BRDA:49,171,2,0
BRDA:49,171,3,0
BRDA:49,172,0,0
BRDA:49,172,1,0
BRDA:48,173,0,0
BRDA:48,173,1,0
BRDA:55,174,0,0
BRDA:55,174,1,0
BRDA:48,175,0,0
BRDA:48,175,1,0
BRDA:48,176,0,0
BRDA:48,176,1,0
BRDA:48,176,2,0
BRDA:48,177,0,0
BRDA:48,177,1,0
BRDA:55,178,0,0
BRDA:55,178,1,0
BRDA:55,179,0,0
BRDA:55,179,1,0
BRDA:55,179,2,0
BRDA:56,180,0,0
BRDA:56,180,1,0
BRDA:56,180,2,0
BRDA:56,180,3,0
BRDA:56,180,4,0
BRDA:56,180,5,0
BRDA:56,181,0,0
BRDA:56,181,1,0
BRDA:57,182,0,0
BRDA:57,182,1,0
BRDA:57,183,0,0
BRDA:57,183,1,0
BRDA:57,184,0,0
BRDA:57,184,1,0
BRDA:57,185,0,0
BRDA:57,185,1,0
BRDA:57,186,0,0
BRDA:57,186,1,0
BRDA:58,187,0,0
BRDA:58,187,1,0
BRDA:58,188,0,0
BRDA:58,188,1,0
BRDA:58,189,0,0
BRDA:58,189,1,0
BRDA:58,189,2,0
BRDA:58,189,3,0
BRDA:58,190,0,0
BRDA:58,190,1,0
BRDA:58,191,0,0
BRDA:58,191,1,0
BRDA:58,192,0,0
BRDA:58,192,1,0
BRDA:58,193,0,0
BRDA:58,193,1,0
BRDA:58,194,0,0
BRDA:58,194,1,0
BRDA:58,194,2,0
BRDA:59,195,0,0
BRDA:59,195,1,0
BRDA:59,196,0,0
BRDA:59,196,1,0
BRDA:59,197,0,0
BRDA:59,197,1,0
BRDA:59,198,0,0
BRDA:59,198,1,0
BRDA:59,198,2,0
BRDA:59,198,3,0
BRDA:59,199,0,0
BRDA:59,199,1,0
BRDA:59,199,2,0
BRDA:59,200,0,0
BRDA:59,200,1,0
BRDA:59,201,0,0
BRDA:59,201,1,0
BRDA:60,202,0,0
BRDA:60,202,1,0
BRDA:60,202,2,0
BRDA:60,203,0,0
BRDA:60,203,1,0
BRDA:61,204,0,0
BRDA:61,204,1,0
BRDA:61,205,0,0
BRDA:61,205,1,0
BRDA:61,206,0,0
BRDA:61,206,1,0
BRDA:61,207,0,0
BRDA:61,207,1,0
BRDA:61,207,2,0
BRDA:61,208,0,0
BRDA:61,208,1,0
BRDA:61,209,0,0
BRDA:61,209,1,0
BRDA:61,210,0,0
BRDA:61,210,1,0
BRDA:61,210,2,0
BRDA:62,211,0,0
BRDA:62,211,1,0
BRDA:62,212,0,0
BRDA:62,212,1,0
BRDA:62,213,0,0
BRDA:62,213,1,0
BRDA:61,214,0,0
BRDA:61,214,1,0
BRDA:61,215,0,0
BRDA:61,215,1,0
BRDA:61,215,2,0
BRDA:63,216,0,0
BRDA:63,216,1,0
BRDA:63,217,0,0
BRDA:63,217,1,0
BRDA:63,218,0,0
BRDA:63,218,1,0
BRDA:63,219,0,0
BRDA:63,219,1,0
BRDA:63,219,2,0
BRDA:63,220,0,0
BRDA:63,220,1,0
BRDA:63,220,2,0
BRDA:63,220,3,0
BRDA:63,220,4,0
BRDA:63,221,0,0
BRDA:63,221,1,0
BRDA:63,222,0,0
BRDA:63,222,1,0
BRDA:63,223,0,0
BRDA:63,223,1,0
BRDA:63,223,2,0
BRDA:63,223,3,0
BRDA:63,223,4,0
BRDA:64,224,0,0
BRDA:64,224,1,0
BRDA:65,225,0,0
BRDA:65,225,1,0
BRDA:65,226,0,0
BRDA:65,226,1,0
BRDA:65,227,0,0
BRDA:65,227,1,0
BRDA:65,228,0,0
BRDA:65,228,1,0
BRDA:66,229,0,0
BRDA:66,229,1,0
BRDA:67,230,0,0
BRDA:67,230,1,0
BRDA:67,231,0,0
BRDA:67,231,1,0
BRDA:67,232,0,0
BRDA:67,232,1,0
BRDA:67,232,2,0
BRDA:67,232,3,0
BRDA:67,232,4,0
BRDA:67,233,0,0
BRDA:67,233,1,0
BRDA:67,234,0,0
BRDA:67,234,1,0
BRDA:67,235,0,0
BRDA:67,235,1,0
BRDA:67,236,0,0
BRDA:67,236,1,0
BRDA:67,237,0,0
BRDA:67,237,1,0
BRDA:67,238,0,0
BRDA:67,238,1,0
BRDA:68,239,0,0
BRDA:68,239,1,0
BRDA:68,239,2,0
BRDA:68,240,0,0
BRDA:68,240,1,0
BRDA:68,241,0,0
BRDA:68,241,1,0
BRDA:68,242,0,0
BRDA:68,242,1,0
BRDA:68,243,0,0
BRDA:68,243,1,0
BRDA:68,244,0,0
BRDA:68,244,1,0
BRDA:68,245,0,0
BRDA:68,245,1,0
BRDA:68,246,0,0
BRDA:68,246,1,0
BRDA:68,246,2,0
BRDA:68,246,3,0
BRDA:69,247,0,0
BRDA:69,247,1,0
BRDA:69,247,2,0
BRDA:69,247,3,0
BRDA:69,248,0,0
BRDA:69,248,1,0
BRDA:69,249,0,0
BRDA:69,249,1,0
BRDA:69,249,2,0
BRDA:70,250,0,0
BRDA:70,250,1,0
BRDA:70,251,0,0
BRDA:70,251,1,0
BRDA:70,252,0,0
BRDA:70,252,1,0
BRDA:70,252,2,0
BRDA:70,252,3,0
BRDA:70,253,0,0
BRDA:70,253,1,0
BRDA:70,254,0,0
BRDA:70,254,1,0
BRDA:70,255,0,0
BRDA:70,255,1,0
BRDA:70,256,0,0
BRDA:70,256,1,0
BRDA:70,257,0,0
BRDA:70,257,1,0
BRDA:70,258,0,0
BRDA:70,258,1,0
BRDA:70,259,0,0
BRDA:70,259,1,0
BRDA:70,260,0,0
BRDA:70,260,1,0
BRDA:72,261,0,0
BRDA:72,261,1,0
BRDA:71,262,0,0
BRDA:71,262,1,0
BRDA:71,263,0,0
BRDA:71,263,1,0
BRDA:71,264,0,0
BRDA:71,264,1,0
BRDA:71,265,0,0
BRDA:71,265,1,0
BRDA:71,266,0,0
BRDA:71,266,1,0
BRDA:71,267,0,0
BRDA:71,267,1,0
BRDA:71,268,0,0
BRDA:71,268,1,0
BRDA:71,269,0,0
BRDA:71,269,1,0
BRDA:71,270,0,0
BRDA:71,270,1,0
BRDA:71,271,0,0
BRDA:71,271,1,0
BRDA:71,272,0,0
BRDA:71,272,1,0
BRDA:71,273,0,0
BRDA:71,273,1,0
BRDA:71,274,0,0
BRDA:71,274,1,0
BRDA:71,275,0,0
BRDA:71,275,1,0
BRDA:71,276,0,0
BRDA:71,276,1,0
BRDA:72,277,0,0
BRDA:72,277,1,0
BRDA:72,278,0,0
BRDA:72,278,1,0
BRDA:72,279,0,0
BRDA:72,279,1,0
BRDA:72,280,0,0
BRDA:72,280,1,0
BRDA:72,281,0,0
BRDA:72,281,1,0
BRDA:72,282,0,0
BRDA:72,282,1,0
BRDA:72,283,0,0
BRDA:72,283,1,0
BRDA:72,284,0,0
BRDA:72,284,1,0
BRDA:72,285,0,0
BRDA:72,285,1,0
BRDA:73,286,0,0
BRDA:73,286,1,0
BRDA:73,287,0,0
BRDA:73,287,1,0
BRDA:73,288,0,0
BRDA:73,288,1,0
BRDA:73,288,2,0
BRDA:73,289,0,0
BRDA:73,289,1,0
BRDA:73,290,0,0
BRDA:73,290,1,0
BRDA:75,291,0,0
BRDA:75,291,1,0
BRDA:75,292,0,0
BRDA:75,292,1,0
BRDA:75,293,0,0
BRDA:75,293,1,0
BRDA:75,294,0,0
BRDA:75,294,1,0
BRDA:76,295,0,0
BRDA:76,295,1,0
BRDA:76,296,0,0
BRDA:76,296,1,0
BRDA:76,297,0,0
BRDA:76,297,1,0
BRDA:76,298,0,0
BRDA:76,298,1,0
BRDA:77,299,0,0
BRDA:77,299,1,0
BRDA:77,300,0,0
BRDA:77,300,1,0
BRDA:82,301,0,0
BRDA:82,301,1,0
BRDA:82,302,0,0
BRDA:82,302,1,0
BRDA:82,303,0,0
BRDA:82,303,1,0
BRDA:82,303,2,0
BRDA:82,303,3,0
BRDA:82,303,4,0
BRDA:82,303,5,0
BRDA:82,303,6,0
BRDA:82,303,7,0
BRDA:82,303,8,0
BRDA:82,303,9,0
BRDA:82,303,10,0
BRDA:82,303,11,0
BRDA:82,303,12,0
BRDA:82,303,13,0
BRDA:82,303,14,0
BRDA:82,303,15,0
BRDA:82,303,16,0
BRDA:82,303,17,0
BRDA:82,303,18,0
BRDA:82,303,19,0
BRDA:82,303,20,0
BRDA:82,303,21,0
BRDA:82,303,22,0
BRDA:82,303,23,0
BRDA:82,303,24,0
BRDA:82,303,25,0
BRDA:82,303,26,0
BRDA:82,303,27,0
BRDA:82,303,28,0
BRDA:82,303,29,0
BRDA:82,303,30,0
BRDA:82,303,31,0
BRDA:82,303,32,0
BRDA:82,303,33,0
BRDA:82,303,34,0
BRDA:82,303,35,0
BRDA:82,303,36,0
BRDA:82,303,37,0
BRDA:82,303,38,0
BRDA:82,303,39,0
BRDA:82,303,40,0
BRDA:82,303,41,0
BRDA:82,303,42,0
BRDA:82,303,43,0
BRDA:82,304,0,0
BRDA:82,304,1,0
BRDA:82,305,0,0
BRDA:82,305,1,0
BRDA:84,306,0,0
BRDA:84,306,1,0
BRDA:84,307,0,0
BRDA:84,307,1,0
BRDA:84,308,0,0
BRDA:84,308,1,0
BRDA:84,309,0,0
BRDA:84,309,1,0
BRDA:84,309,2,0
BRDA:85,310,0,0
BRDA:85,310,1,0
BRDA:85,311,0,0
BRDA:85,311,1,0
BRDA:85,312,0,0
BRDA:85,312,1,0
BRDA:85,313,0,0
BRDA:85,313,1,0
BRDA:86,314,0,0
BRDA:86,314,1,0
BRDA:86,315,0,0
BRDA:86,315,1,0
BRDA:86,316,0,0
BRDA:86,316,1,0
BRDA:86,316,2,0
BRDA:86,316,3,0
BRDA:86,317,0,0
BRDA:86,317,1,0
BRDA:87,318,0,0
BRDA:87,318,1,0
BRDA:87,319,0,0
BRDA:87,319,1,0
BRDA:87,320,0,0
BRDA:87,320,1,0
BRDA:87,321,0,0
BRDA:87,321,1,0
BRDA:87,322,0,0
BRDA:87,322,1,0
BRDA:88,323,0,0
BRDA:88,323,1,0
BRDA:88,324,0,0
BRDA:88,324,1,0
BRDA:88,325,0,0
BRDA:88,325,1,0
BRDA:88,326,0,0
BRDA:88,326,1,0
BRDA:89,327,0,0
BRDA:89,327,1,0
BRDA:89,327,2,0
BRDA:89,328,0,0
BRDA:89,328,1,0
BRDA:89,328,2,0
BRDA:89,328,3,0
BRDA:89,328,4,0
BRDA:89,328,5,0
BRDA:89,328,6,0
BRDA:89,328,7,0
BRDA:89,328,8,0
BRDA:90,329,0,0
BRDA:90,329,1,0
BRDA:90,329,2,0
BRDA:91,330,0,0
BRDA:91,330,1,0
BRDA:91,331,0,0
BRDA:91,331,1,0
BRDA:91,332,0,0
BRDA:91,332,1,0
BRDA:91,332,2,0
BRDA:91,333,0,0
BRDA:91,333,1,0
BRDA:91,334,0,0
BRDA:91,334,1,0
BRDA:91,335,0,0
BRDA:91,335,1,0
BRDA:91,335,2,0
BRDA:91,336,0,0
BRDA:91,336,1,0
BRDA:92,337,0,0
BRDA:92,337,1,0
BRDA:92,338,0,0
BRDA:92,338,1,0
BRDA:92,339,0,0
BRDA:92,339,1,0
BRDA:92,340,0,0
BRDA:92,340,1,0
BRDA:92,341,0,0
BRDA:92,341,1,0
BRDA:92,342,0,0
BRDA:92,342,1,0
BRDA:92,342,2,0
BRDA:92,342,3,0
BRDA:92,342,4,0
BRDA:92,342,5,0
BRDA:92,342,6,0
BRDA:92,342,7,0
BRDA:92,342,8,0
BRDA:92,343,0,0
BRDA:92,343,1,0
BRDA:92,344,0,0
BRDA:92,344,1,0
BRDA:92,344,2,0
BRDA:92,345,0,0
BRDA:92,345,1,0
BRDA:94,346,0,0
BRDA:94,346,1,0
BRDA:93,347,0,0
BRDA:93,347,1,0
BRDA:94,348,0,0
BRDA:94,348,1,0
BRDA:94,349,0,0
BRDA:94,349,1,0
BRDA:94,350,0,0
BRDA:94,350,1,0
BRDA:94,350,2,0
BRDA:94,351,0,0
BRDA:94,351,1,0
BRDA:94,352,0,0
BRDA:94,352,1,0
BRDA:94,353,0,0
BRDA:94,353,1,0
BRDA:94,353,2,0
BRDA:94,354,0,0
BRDA:94,354,1,0
BRDA:95,355,0,0
BRDA:95,355,1,0
BRDA:95,356,0,0
BRDA:95,356,1,0
BRDA:96,357,0,0
BRDA:96,357,1,0
BRDA:96,358,0,0
BRDA:96,358,1,0
BRDA:96,358,2,0
BRDA:96,359,0,0
BRDA:96,359,1,0
BRDA:96,360,0,0
BRDA:96,360,1,0
BRDA:97,361,0,0
BRDA:97,361,1,0
BRDA:97,361,2,0
BRDA:97,362,0,0
BRDA:97,362,1,0
BRDA:98,363,0,0
BRDA:98,363,1,0
BRDA:98,364,0,0
BRDA:98,364,1,0
BRDA:98,365,0,0
BRDA:98,365,1,0
BRDA:98,366,0,0
BRDA:98,366,1,0
BRDA:98,367,0,0
BRDA:98,367,1,0
BRDA:99,368,0,0
BRDA:99,368,1,0
BRDA:99,369,0,0
BRDA:99,369,1,0
BRDA:99,370,0,0
BRDA:99,370,1,0
BRDA:99,370,2,0
BRDA:102,371,0,0
BRDA:102,371,1,0
BRDA:102,372,0,0
BRDA:102,372,1,0
BRDA:102,373,0,0
BRDA:102,373,1,0
BRDA:102,373,2,0
BRDA:102,374,0,0
BRDA:102,374,1,0
BRDA:102,374,2,0
BRDA:102,374,3,0
BRDA:102,374,4,0
BRDA:102,375,0,0
BRDA:102,375,1,0
BRDA:102,376,0,0
BRDA:102,376,1,0
BRDA:103,377,0,0
BRDA:103,377,1,0
BRDA:103,378,0,0
BRDA:103,378,1,0
BRDA:103,378,2,0
BRDA:103,378,3,0
BRDA:103,379,0,0
BRDA:103,379,1,0
BRDA:103,379,2,0
BRDA:104,380,0,0
BRDA:104,380,1,0
BRDA:104,381,0,0
BRDA:104,381,1,0
BRDA:104,381,2,0
BRDA:104,381,3,0
BRDA:104,381,4,0
BRDA:104,381,5,0
BRDA:104,381,6,0
BRDA:104,381,7,0
BRDA:104,381,8,0
BRDA:105,382,0,0
BRDA:105,382,1,0
BRDA:105,383,0,0
BRDA:105,383,1,0
BRDA:105,384,0,0
BRDA:105,384,1,0
BRDA:105,385,0,0
BRDA:105,385,1,0
BRDA:105,386,0,0
BRDA:105,386,1,0
BRDA:105,386,2,0
BRDA:105,386,3,0
BRDA:105,386,4,0
BRDA:105,386,5,0
BRDA:105,386,6,0
BRDA:105,386,7,0
BRDA:105,386,8,0
BRDA:105,387,0,0
BRDA:105,387,1,0
BRDA:105,388,0,0
BRDA:105,388,1,0
BRDA:106,389,0,0
BRDA:106,389,1,0
BRDA:106,389,2,0
BRDA:106,389,3,0
BRDA:106,390,0,0
BRDA:106,390,1,0
BRDA:106,390,2,0
BRDA:106,390,3,0
BRDA:106,390,4,0
BRDA:106,390,5,0
BRDA:106,390,6,0
BRDA:106,390,7,0
BRDA:106,391,0,0
BRDA:106,391,1,0
BRDA:106,391,2,0
BRDA:107,392,0,0
BRDA:107,392,1,0
BRDA:107,392,2,0
BRDA:107,393,0,0
BRDA:107,393,1,0
BRDA:108,394,0,0
BRDA:108,394,1,0
BRDA:108,395,0,0
BRDA:108,395,1,0
BRDA:108,396,0,0
BRDA:108,396,1,0
BRDA:108,397,0,0
BRDA:108,397,1,0
BRDA:108,398,0,0
BRDA:108,398,1,0
BRDA:109,399,0,0
BRDA:109,399,1,0
BRDA:109,400,0,0
BRDA:109,400,1,0
BRDA:109,401,0,0
BRDA:109,401,1,0
BRDA:109,402,0,0
BRDA:109,402,1,0
BRDA:109,402,2,0
BRDA:110,403,0,0
BRDA:110,403,1,0
BRDA:110,404,0,0
BRDA:110,404,1,0
BRDA:113,405,0,0
BRDA:113,405,1,0
BRDA:114,406,0,0
BRDA:114,406,1,0
BRDA:116,407,0,0
BRDA:116,407,1,0
BRDA:116,408,0,0
BRDA:116,408,1,0
BRDA:116,409,0,0
BRDA:116,409,1,0
BRDA:116,410,0,0
BRDA:116,410,1,0
BRDA:116,410,2,0
BRDA:116,410,3,0
BRDA:116,410,4,0
BRDA:116,410,5,0
BRDA:116,411,0,0
BRDA:116,411,1,0
BRDA:116,412,0,0
BRDA:116,412,1,0
BRDA:116,413,0,0
BRDA:116,413,1,0
BRDA:116,413,2,0
BRDA:116,413,3,0
BRDA:116,413,4,0
BRDA:117,414,0,0
BRDA:117,414,1,0
BRDA:117,415,0,0
BRDA:117,415,1,0
BRDA:118,416,0,0
BRDA:118,416,1,0
BRDA:118,417,0,0
BRDA:118,417,1,0
BRDA:119,418,0,0
BRDA:119,418,1,0
BRDA:119,418,2,0
BRDA:119,419,0,0
BRDA:119,419,1,0
BRDA:119,420,0,0
BRDA:119,420,1,0
BRDA:119,421,0,0
BRDA:119,421,1,0
BRDA:120,422,0,0
BRDA:120,422,1,0
BRDA:120,422,2,0
BRDA:120,422,3,0
BRDA:120,423,0,0
BRDA:120,423,1,0
BRDA:120,423,2,0
BRDA:120,423,3,0
BRDA:120,424,0,0
BRDA:120,424,1,0
BRDA:120,424,2,0
BRDA:120,424,3,0
BRDA:120,425,0,0
BRDA:120,425,1,0
BRDA:120,426,0,0
BRDA:120,426,1,0
BRDA:120,426,2,0
BRDA:120,426,3,0
BRDA:122,427,0,0
BRDA:122,427,1,0
BRDA:123,428,0,0
BRDA:123,428,1,0
BRDA:123,429,0,0
BRDA:123,429,1,0
BRDA:123,430,0,0
BRDA:123,430,1,0
BRDA:123,431,0,0
BRDA:123,431,1,0
BRDA:124,432,0,0
BRDA:124,432,1,0
BRDA:124,433,0,0
BRDA:124,433,1,0
BRDA:124,434,0,0
BRDA:124,434,1,0
BRDA:124,434,2,0
BRDA:125,435,0,0
BRDA:125,435,1,0
BRDA:125,435,2,0
BRDA:125,435,3,0
BRDA:125,436,0,0
BRDA:125,436,1,0
BRDA:125,437,0,0
BRDA:125,437,1,0
BRDA:125,438,0,0
BRDA:125,438,1,0
BRDA:125,439,0,0
BRDA:125,439,1,0
BRDA:126,440,0,0
BRDA:126,440,1,0
BRDA:126,441,0,0
BRDA:126,441,1,0
BRDA:126,442,0,0
BRDA:126,442,1,0
BRDA:126,442,2,0
BRDA:126,443,0,0
BRDA:126,443,1,0
BRDA:126,444,0,0
BRDA:126,444,1,0
BRDA:126,445,0,0
BRDA:126,445,1,0
BRDA:126,446,0,0
BRDA:126,446,1,0
BRDA:126,446,2,0
BRDA:127,447,0,0
BRDA:127,447,1,0
BRDA:127,448,0,0
BRDA:127,448,1,0
BRDA:127,449,0,0
BRDA:127,449,1,0
BRDA:127,450,0,0
BRDA:127,450,1,0
BRDA:127,450,2,0
BRDA:128,451,0,0
BRDA:128,451,1,0
BRDA:128,452,0,0
BRDA:128,452,1,0
BRDA:128,453,0,0
BRDA:128,453,1,0
BRDA:130,454,0,0
BRDA:130,454,1,0
BRDA:130,454,2,0
BRDA:130,454,3,0
BRDA:130,455,0,0
BRDA:130,455,1,0
BRDA:130,455,2,0
BRDA:130,456,0,0
BRDA:130,456,1,0
BRDA:130,457,0,0
BRDA:130,457,1,0
BRDA:130,458,0,0
BRDA:130,458,1,0
BRDA:131,459,0,0
BRDA:131,459,1,0
BRDA:131,459,2,0
BRDA:131,460,0,0
BRDA:131,460,1,0
BRDA:131,461,0,0
BRDA:131,461,1,0
BRDA:131,462,0,0
BRDA:131,462,1,0
BRDA:131,463,0,0
BRDA:131,463,1,0
BRDA:132,464,0,0
BRDA:132,464,1,0
BRDA:132,465,0,0
BRDA:132,465,1,0
BRDA:132,466,0,0
BRDA:132,466,1,0
BRDA:132,466,2,0
BRDA:133,467,0,0
BRDA:133,467,1,0
BRDA:133,468,0,0
BRDA:133,468,1,0
BRDA:133,468,2,0
BRDA:133,469,0,0
BRDA:133,469,1,0
BRDA:133,469,2,0
BRDA:133,470,0,0
BRDA:133,470,1,0
BRDA:133,470,2,0
BRDA:134,471,0,0
BRDA:134,471,1,0
BRDA:134,472,0,0
BRDA:134,472,1,0
BRDA:134,472,2,0
BRDA:134,472,3,0
BRDA:135,473,0,0
BRDA:135,473,1,0
BRDA:135,474,0,0
BRDA:135,474,1,0
BRDA:135,475,0,0
BRDA:135,475,1,0
BRDA:135,476,0,0
BRDA:135,476,1,0
BRDA:136,477,0,0
BRDA:136,477,1,0
BRDA:136,478,0,0
BRDA:136,478,1,0
BRDA:136,479,0,0
BRDA:136,479,1,0
BRDA:137,480,0,0
BRDA:137,480,1,0
BRDA:137,481,0,0
BRDA:137,481,1,0
BRDA:137,482,0,0
BRDA:137,482,1,0
BRDA:137,483,0,0
BRDA:137,483,1,0
BRDA:137,483,2,0
BRDA:137,483,3,0
BRDA:137,483,4,0
BRDA:138,484,0,0
BRDA:138,484,1,0
BRDA:138,485,0,0
BRDA:138,485,1,0
BRDA:139,486,0,0
BRDA:139,486,1,0
BRDA:139,487,0,0
BRDA:139,487,1,0
BRDA:139,487,2,0
BRDA:139,488,0,0
BRDA:139,488,1,0
BRDA:139,489,0,0
BRDA:139,489,1,0
BRDA:139,490,0,0
BRDA:139,490,1,0
BRDA:139,491,0,0
BRDA:139,491,1,0
BRDA:139,492,0,0
BRDA:139,492,1,0
BRDA:139,493,0,0
BRDA:139,493,1,0
BRDA:139,493,2,0
BRDA:139,493,3,0
BRDA:139,494,0,0
BRDA:139,494,1,0
BRDA:139,495,0,0
BRDA:139,495,1,0
BRDA:139,496,0,0
BRDA:139,496,1,0
BRDA:139,497,0,0
BRDA:139,497,1,0
BRDA:140,498,0,0
BRDA:140,498,1,0
BRDA:140,499,0,0
BRDA:140,499,1,0
BRDA:141,500,0,0
BRDA:141,500,1,0
BRDA:141,501,0,0
BRDA:141,501,1,0
BRDA:141,502,0,0
BRDA:141,502,1,0
BRDA:141,503,0,0
BRDA:141,503,1,0
BRDA:141,504,0,0
BRDA:141,504,1,0
BRDA:141,505,0,0
BRDA:141,505,1,0
BRDA:141,506,0,0
BRDA:141,506,1,0
BRDA:142,507,0,0
BRDA:142,507,1,0
BRDA:142,507,2,0
BRDA:142,508,0,0
BRDA:142,508,1,0
BRDA:142,509,0,0
BRDA:142,509,1,0
BRDA:143,510,0,0
BRDA:143,510,1,0
BRDA:142,511,0,0
BRDA:142,511,1,0
BRDA:142,511,2,0
BRDA:142,511,3,0
BRDA:143,512,0,0
BRDA:143,512,1,0
BRDA:143,513,0,0
BRDA:143,513,1,0
BRDA:143,514,0,0
BRDA:143,514,1,0
BRDA:143,515,0,0
BRDA:143,515,1,0
BRDA:143,516,0,0
BRDA:143,516,1,0
BRDA:143,517,0,0
BRDA:143,517,1,0
BRDA:143,518,0,0
BRDA:143,518,1,0
BRDA:143,519,0,0
BRDA:143,519,1,0
BRDA:143,520,0,0
BRDA:143,520,1,0
BRDA:144,521,0,0
BRDA:144,521,1,0
BRDA:144,522,0,0
BRDA:144,522,1,0
BRDA:144,523,0,0
BRDA:144,523,1,0
BRDA:144,524,0,0
BRDA:144,524,1,0
BRDA:144,525,0,0
BRDA:144,525,1,0
BRDA:144,526,0,0
BRDA:144,526,1,0
BRDA:144,527,0,0
BRDA:144,527,1,0
BRDA:144,528,0,0
BRDA:144,528,1,0
BRDA:144,529,0,0
BRDA:144,529,1,0
BRDA:144,530,0,0
BRDA:144,530,1,0
BRDA:144,531,0,0
BRDA:144,531,1,0
BRDA:144,532,0,0
BRDA:144,532,1,0
BRDA:145,533,0,0
BRDA:145,533,1,0
BRDA:145,534,0,0
BRDA:145,534,1,0
BRDA:145,535,0,0
BRDA:145,535,1,0
BRDA:145,536,0,0
BRDA:145,536,1,0
BRDA:145,537,0,0
BRDA:145,537,1,0
BRDA:145,538,0,0
BRDA:145,538,1,0
BRDA:145,539,0,0
BRDA:145,539,1,0
BRDA:145,540,0,0
BRDA:145,540,1,0
BRDA:145,541,0,0
BRDA:145,541,1,0
BRDA:145,542,0,0
BRDA:145,542,1,0
BRDA:145,543,0,0
BRDA:145,543,1,0
BRDA:145,544,0,0
BRDA:145,544,1,0
BRDA:145,545,0,0
BRDA:145,545,1,0
BRDA:145,545,2,0
BRDA:145,545,3,0
BRDA:146,546,0,0
BRDA:146,546,1,0
BRDA:146,547,0,0
BRDA:146,547,1,0
BRDA:146,548,0,0
BRDA:146,548,1,0
BRDA:146,549,0,0
BRDA:146,549,1,0
BRDA:146,550,0,0
BRDA:146,550,1,0
BRDA:146,551,0,0
BRDA:146,551,1,0
BRDA:146,551,2,0
BRDA:146,552,0,0
BRDA:146,552,1,0
BRDA:146,553,0,0
BRDA:146,553,1,0
BRDA:146,554,0,0
BRDA:146,554,1,0
BRDA:147,555,0,0
BRDA:147,555,1,0
BRDA:147,556,0,0
BRDA:147,556,1,0
BRDA:147,557,0,0
BRDA:147,557,1,0
BRDA:147,558,0,0
BRDA:147,558,1,0
BRDA:147,559,0,0
BRDA:147,559,1,0
BRDA:147,559,2,0
BRDA:147,559,3,0
BRDA:147,560,0,0
BRDA:147,560,1,0
BRDA:147,561,0,0
BRDA:147,561,1,0
BRDA:147,562,0,0
BRDA:147,562,1,0
BRDA:147,563,0,0
BRDA:147,563,1,0
BRDA:147,564,0,0
BRDA:147,564,1,0
BRDA:147,565,0,0
BRDA:147,565,1,0
BRDA:147,565,2,0
BRDA:147,566,0,0
BRDA:147,566,1,0
BRDA:148,567,0,0
BRDA:148,567,1,0
BRDA:148,568,0,0
BRDA:148,568,1,0
BRDA:148,569,0,0
BRDA:148,569,1,0
BRDA:148,569,2,0
BRDA:148,569,3,0
BRDA:148,570,0,0
BRDA:148,570,1,0
BRDA:148,571,0,0
BRDA:148,571,1,0
BRDA:148,572,0,0
BRDA:148,572,1,0
BRDA:148,573,0,0
BRDA:148,573,1,0
BRDA:148,574,0,0
BRDA:148,574,1,0
BRDA:148,575,0,0
BRDA:148,575,1,0
BRDA:148,576,0,0
BRDA:148,576,1,0
BRDA:148,577,0,0
BRDA:148,577,1,0
BRDA:149,578,0,0
BRDA:149,578,1,0
BRDA:149,579,0,0
BRDA:149,579,1,0
BRDA:149,580,0,0
BRDA:149,580,1,0
BRDA:149,581,0,0
BRDA:149,581,1,0
BRDA:149,581,2,0
BRDA:149,582,0,0
BRDA:149,582,1,0
BRDA:149,583,0,0
BRDA:149,583,1,0
BRDA:149,584,0,0
BRDA:149,584,1,0
BRDA:150,585,0,0
BRDA:150,585,1,0
BRDA:150,586,0,0
BRDA:150,586,1,0
BRDA:150,587,0,0
BRDA:150,587,1,0
BRDA:150,588,0,0
BRDA:150,588,1,0
BRDA:150,589,0,0
BRDA:150,589,1,0
BRDA:150,590,0,0
BRDA:150,590,1,0
BRDA:150,591,0,0
BRDA:150,591,1,0
BRDA:150,592,0,0
BRDA:150,592,1,0
BRDA:150,592,2,0
BRDA:151,593,0,0
BRDA:151,593,1,0
BRDA:151,594,0,0
BRDA:151,594,1,0
BRDA:151,594,2,0
BRDA:151,595,0,0
BRDA:151,595,1,0
BRDA:151,596,0,0
BRDA:151,596,1,0
BRDA:151,597,0,0
BRDA:151,597,1,0
BRDA:151,598,0,0
BRDA:151,598,1,0
BRDA:152,599,0,0
BRDA:152,599,1,0
BRDA:152,600,0,0
BRDA:152,600,1,0
BRDA:152,601,0,0
BRDA:152,601,1,0
BRDA:152,602,0,0
BRDA:152,602,1,0
BRDA:152,603,0,0
BRDA:152,603,1,0
BRDA:152,604,0,0
BRDA:152,604,1,0
BRDA:152,604,2,0
BRDA:152,605,0,0
BRDA:152,605,1,0
BRDA:152,606,0,0
BRDA:152,606,1,0
BRDA:152,607,0,0
BRDA:152,607,1,0
BRDA:152,608,0,0
BRDA:152,608,1,0
BRDA:152,608,2,0
BRDA:152,608,3,0
BRDA:152,609,0,0
BRDA:152,609,1,0
BRDA:153,610,0,0
BRDA:153,610,1,0
BRDA:154,611,0,0
BRDA:154,611,1,0
BRDA:154,612,0,0
BRDA:154,612,1,0
BRDA:154,612,2,0
BRDA:154,613,0,0
BRDA:154,613,1,0
BRDA:155,614,0,0
BRDA:155,614,1,0
BRDA:155,615,0,0
BRDA:155,615,1,0
BRDA:155,616,0,0
BRDA:155,616,1,0
BRDA:155,616,2,0
BRDA:155,616,3,0
BRDA:155,617,0,0
BRDA:155,617,1,0
BRDA:155,618,0,0
BRDA:155,618,1,0
BRDA:155,618,2,0
BRDA:155,619,0,0
BRDA:155,619,1,0
BRDA:155,620,0,0
BRDA:155,620,1,0
BRDA:156,621,0,0
BRDA:156,621,1,0
BRDA:156,622,0,0
BRDA:156,622,1,0
BRDA:156,622,2,0
BRDA:156,622,3,0
BRDA:156,622,4,0
BRDA:156,623,0,0
BRDA:156,623,1,0
BRDA:156,623,2,0
BRDA:156,623,3,0
BRDA:156,623,4,0
BRDA:156,624,0,0
BRDA:156,624,1,0
BRDA:157,625,0,0
BRDA:157,625,1,0
BRDA:157,626,0,0
BRDA:157,626,1,0
BRDA:157,627,0,0
BRDA:157,627,1,0
BRDA:157,628,0,0
BRDA:157,628,1,0
BRDA:157,629,0,0
BRDA:157,629,1,0
BRDA:157,630,0,0
BRDA:157,630,1,0
BRDA:157,631,0,0
BRDA:157,631,1,0
BRDA:157,631,2,0
BRDA:157,631,3,0
BRDA:157,631,4,0
BRDA:157,631,5,0
BRDA:158,632,0,0
BRDA:158,632,1,0
BRDA:158,633,0,0
BRDA:158,633,1,0
BRDA:158,634,0,0
BRDA:158,634,1,0
BRDA:158,634,2,0
BRDA:158,634,3,0
BRDA:158,635,0,0
BRDA:158,635,1,0
BRDA:159,636,0,0
BRDA:159,636,1,0
BRDA:159,637,0,0
BRDA:159,637,1,0
BRDA:159,638,0,0
BRDA:159,638,1,0
BRDA:159,638,2,0
BRDA:159,638,3,0
BRDA:159,638,4,0
BRDA:159,638,5,0
BRDA:159,639,0,0
BRDA:159,639,1,0
BRDA:160,640,0,0
BRDA:160,640,1,0
BRDA:160,641,0,0
BRDA:160,641,1,0
BRDA:160,642,0,0
BRDA:160,642,1,0
BRDA:160,642,2,0
BRDA:160,642,3,0
BRDA:160,643,0,0
BRDA:160,643,1,0
BRDA:161,644,0,0
BRDA:161,644,1,0
BRDA:161,645,0,0
BRDA:161,645,1,0
BRDA:161,646,0,0
BRDA:161,646,1,0
BRDA:161,646,2,0
BRDA:161,646,3,0
BRDA:162,647,0,0
BRDA:162,647,1,0
BRDA:162,647,2,0
BRDA:162,647,3,0
BRDA:163,648,0,0
BRDA:163,648,1,0
BRDA:163,649,0,0
BRDA:163,649,1,0
BRDA:163,650,0,0
BRDA:163,650,1,0
BRDA:163,651,0,0
BRDA:163,651,1,0
BRDA:163,652,0,0
BRDA:163,652,1,0
BRDA:163,653,0,0
BRDA:163,653,1,0
BRDA:163,654,0,0
BRDA:163,654,1,0
BRDA:164,655,0,0
BRDA:164,655,1,0
BRDA:164,656,0,0
BRDA:164,656,1,0
BRDA:164,657,0,0
BRDA:164,657,1,0
BRDA:165,658,0,0
BRDA:165,658,1,0
BRDA:165,659,0,0
BRDA:165,659,1,0
BRDA:165,660,0,0
BRDA:165,660,1,0
BRDA:165,661,0,0
BRDA:165,661,1,0
BRDA:165,662,0,0
BRDA:165,662,1,0
BRDA:165,663,0,0
BRDA:165,663,1,0
BRDA:165,664,0,0
BRDA:165,664,1,0
BRDA:166,665,0,0
BRDA:166,665,1,0
BRDA:167,666,0,0
BRDA:167,666,1,0
BRDA:167,667,0,0
BRDA:167,667,1,0
BRDA:167,668,0,0
BRDA:167,668,1,0
BRDA:167,669,0,0
BRDA:167,669,1,0
BRDA:167,670,0,0
BRDA:167,670,1,0
BRDA:167,670,2,0
BRDA:168,671,0,0
BRDA:168,671,1,0
BRDA:168,672,0,0
BRDA:168,672,1,0
BRDA:168,672,2,0
BRDA:168,672,3,0
BRDA:168,672,4,0
BRDA:168,673,0,0
BRDA:168,673,1,0
BRDA:168,673,2,0
BRDA:168,673,3,0
BRDA:168,673,4,0
BRDA:168,673,5,0
BRDA:168,674,0,0
BRDA:168,674,1,0
BRDA:168,675,0,0
BRDA:168,675,1,0
BRDA:168,676,0,0
BRDA:168,676,1,0
BRDA:168,677,0,0
BRDA:168,677,1,0
BRDA:168,678,0,0
BRDA:168,678,1,0
BRDA:168,679,0,0
BRDA:168,679,1,0
BRDA:168,680,0,0
BRDA:168,680,1,0
BRDA:168,680,2,0
BRDA:168,680,3,0
BRDA:168,680,4,0
BRDA:168,680,5,0
BRDA:168,680,6,0
BRDA:168,680,7,0
BRDA:168,680,8,0
BRDA:168,680,9,0
BRDA:168,680,10,0
BRDA:168,680,11,0
BRDA:168,680,12,0
BRDA:168,680,13,0
BRDA:168,680,14,0
BRDA:168,680,15,0
BRDA:168,680,16,0
BRDA:168,680,17,0
BRDA:168,680,18,0
BRDA:169,681,0,0
BRDA:169,681,1,0
BRDA:169,682,0,0
BRDA:169,682,1,0
BRDA:169,683,0,0
BRDA:169,683,1,0
BRDA:169,683,2,0
BRDA:169,683,3,0
BRDA:169,684,0,0
BRDA:169,684,1,0
BRDA:169,685,0,0
BRDA:169,685,1,0
BRDA:169,686,0,0
BRDA:169,686,1,0
BRDA:170,687,0,0
BRDA:170,687,1,0
BRDA:170,687,2,0
BRDA:170,687,3,0
BRDA:170,687,4,0
BRDA:170,688,0,0
BRDA:170,688,1,0
BRDA:153,689,0,0
BRDA:153,689,1,0
BRDA:153,689,2,0
BRDA:153,689,3,0
BRDA:153,690,0,0
BRDA:153,690,1,0
BRDA:153,691,0,0
BRDA:153,691,1,0
BRDA:113,692,0,0
BRDA:113,692,1,0
BRDA:113,693,0,0
BRDA:113,693,1,0
BRDA:113,694,0,0
BRDA:113,694,1,0
BRDA:113,695,0,0
BRDA:113,695,1,0
BRDA:113,696,0,0
BRDA:113,696,1,0
BRDA:113,697,0,0
BRDA:113,697,1,0
BRDA:170,698,0,0
BRDA:170,698,1,0
BRDA:171,699,0,0
BRDA:171,699,1,0
BRDA:171,700,0,0
BRDA:171,700,1,0
BRDA:171,701,0,0
BRDA:171,701,1,0
BRDA:171,702,0,0
BRDA:171,702,1,0
BRDA:171,703,0,0
BRDA:171,703,1,0
BRDA:171,704,0,0
BRDA:171,704,1,0
BRDA:171,704,2,0
BRDA:171,705,0,0
BRDA:171,705,1,0
BRDA:171,706,0,0
BRDA:171,706,1,0
BRDA:172,707,0,0
BRDA:172,707,1,0
BRDA:172,708,0,0
BRDA:172,708,1,0
BRDA:172,708,2,0
BRDA:172,709,0,0
BRDA:172,709,1,0
BRDA:172,710,0,0
BRDA:172,710,1,0
BRDA:172,711,0,0
BRDA:172,711,1,0
BRDA:172,712,0,0
BRDA:172,712,1,0
BRDA:173,713,0,0
BRDA:173,713,1,0
BRDA:173,714,0,0
BRDA:173,714,1,0
BRDA:173,715,0,0
BRDA:173,715,1,0
BRDA:173,716,0,0
BRDA:173,716,1,0
BRDA:173,716,2,0
BRDA:173,716,3,0
BRDA:173,716,4,0
BRDA:173,717,0,0
BRDA:173,717,1,0
BRDA:173,718,0,0
BRDA:173,718,1,0
BRDA:173,719,0,0
BRDA:173,719,1,0
BRDA:173,720,0,0
BRDA:173,720,1,0
BRDA:173,721,0,0
BRDA:173,721,1,0
BRDA:173,722,0,0
BRDA:173,722,1,0
BRDA:174,723,0,0
BRDA:174,723,1,0
BRDA:174,724,0,0
BRDA:174,724,1,0
BRDA:174,724,2,0
BRDA:174,725,0,0
BRDA:174,725,1,0
BRDA:174,725,2,0
BRDA:174,725,3,0
BRDA:174,726,0,0
BRDA:174,726,1,0
BRDA:174,727,0,0
BRDA:174,727,1,0
BRDA:174,728,0,0
BRDA:174,728,1,0
BRDA:174,728,2,0
BRDA:174,728,3,0
BRDA:174,729,0,0
BRDA:174,729,1,0
BRDA:174,730,0,0
BRDA:174,730,1,0
BRDA:175,731,0,0
BRDA:175,731,1,0
BRDA:175,732,0,0
BRDA:175,732,1,0
BRDA:175,733,0,0
BRDA:175,733,1,0
BRDA:175,734,0,0
BRDA:175,734,1,0
BRDA:176,735,0,0
BRDA:176,735,1,0
BRDA:181,736,0,0
BRDA:181,736,1,0
BRDA:181,736,2,0
BRDA:181,737,0,0
BRDA:181,737,1,0
BRDA:181,738,0,0
BRDA:181,738,1,0
BRDA:181,738,2,0
BRDA:181,739,0,0
BRDA:181,739,1,0
BRDA:182,740,0,0
BRDA:182,740,1,0
BRDA:182,740,2,0
BRDA:182,741,0,0
BRDA:182,741,1,0
BRDA:182,742,0,0
BRDA:182,742,1,0
BRDA:182,743,0,0
BRDA:182,743,1,0
BRDA:182,743,2,0
BRDA:183,744,0,0
BRDA:183,744,1,0
BRDA:183,745,0,0
BRDA:183,745,1,0
BRDA:183,745,2,0
BRDA:183,745,3,0
BRDA:183,746,0,0
BRDA:183,746,1,0
BRDA:183,747,0,0
BRDA:183,747,1,0
BRDA:183,748,0,0
BRDA:183,748,1,0
BRDA:183,749,0,0
BRDA:183,749,1,0
BRDA:183,750,0,0
BRDA:183,750,1,0
BRDA:184,751,0,0
BRDA:184,751,1,0
BRDA:184,752,0,0
BRDA:184,752,1,0
BRDA:184,753,0,0
BRDA:184,753,1,0
BRDA:184,754,0,0
BRDA:184,754,1,0
BRDA:184,755,0,0
BRDA:184,755,1,0
BRDA:184,756,0,0
BRDA:184,756,1,0
BRDA:184,757,0,0
BRDA:184,757,1,0
BRDA:184,758,0,0
BRDA:184,758,1,0
BRDA:184,759,0,0
BRDA:184,759,1,0
BRDA:184,760,0,0
BRDA:184,760,1,0
BRDA:184,760,2,0
BRDA:184,760,3,0
BRDA:185,761,0,0
BRDA:185,761,1,0
BRDA:185,762,0,0
BRDA:185,762,1,0
BRDA:185,763,0,0
BRDA:185,763,1,0
BRDA:185,764,0,0
BRDA:185,764,1,0
BRDA:185,765,0,0
BRDA:185,765,1,0
BRDA:186,766,0,0
BRDA:186,766,1,0
BRDA:186,767,0,0
BRDA:186,767,1,0
BRDA:186,767,2,0
BRDA:186,768,0,0
BRDA:186,768,1,0
BRDA:186,769,0,0
BRDA:186,769,1,0
BRDA:186,770,0,0
BRDA:186,770,1,0
BRDA:186,771,0,0
BRDA:186,771,1,0
BRDA:186,772,0,0
BRDA:186,772,1,0
BRDA:186,773,0,0
BRDA:186,773,1,0
BRDA:186,774,0,0
BRDA:186,774,1,0
BRDA:186,775,0,0
BRDA:186,775,1,0
BRDA:187,776,0,0
BRDA:187,776,1,0
BRDA:187,777,0,0
BRDA:187,777,1,0
BRDA:187,778,0,0
BRDA:187,778,1,0
BRDA:187,779,0,0
BRDA:187,779,1,0
BRDA:187,780,0,0
BRDA:187,780,1,0
BRDA:187,781,0,0
BRDA:187,781,1,0
BRDA:187,782,0,0
BRDA:187,782,1,0
BRDA:187,783,0,0
BRDA:187,783,1,0
BRDA:188,784,0,0
BRDA:188,784,1,0
BRDA:188,784,2,0
BRDA:188,784,3,0
BRDA:188,784,4,0
BRDA:188,784,5,0
BRDA:188,784,6,0
BRDA:188,784,7,0
BRDA:188,785,0,0
BRDA:188,785,1,0
BRDA:188,786,0,0
BRDA:188,786,1,0
BRDA:188,787,0,0
BRDA:188,787,1,0
BRDA:188,788,0,0
BRDA:188,788,1,0
BRDA:188,788,2,0
BRDA:188,788,3,0
BRDA:188,789,0,0
BRDA:188,789,1,0
BRDA:188,790,0,0
BRDA:188,790,1,0
BRDA:188,790,2,0
BRDA:189,791,0,0
BRDA:189,791,1,0
BRDA:189,792,0,0
BRDA:189,792,1,0
BRDA:189,793,0,0
BRDA:189,793,1,0
BRDA:190,794,0,0
BRDA:190,794,1,0
BRDA:190,795,0,0
BRDA:190,795,1,0
BRDA:190,795,2,0
BRDA:190,796,0,0
BRDA:190,796,1,0
BRDA:190,797,0,0
BRDA:190,797,1,0
BRDA:191,798,0,0
BRDA:191,798,1,0
BRDA:191,798,2,0
BRDA:191,798,3,0
BRDA:191,798,4,0
BRDA:191,798,5,0
BRDA:191,798,6,0
BRDA:191,799,0,0
BRDA:191,799,1,0
BRDA:191,800,0,0
BRDA:191,800,1,0
BRDA:191,801,0,0
BRDA:191,801,1,0
BRDA:191,802,0,0
BRDA:191,802,1,0
BRDA:191,803,0,0
BRDA:191,803,1,0
BRDA:191,804,0,0
BRDA:191,804,1,0
BRDA:191,805,0,0
BRDA:191,805,1,0
BRDA:177,806,0,0
BRDA:177,806,1,0
BRDA:177,807,0,0
BRDA:177,807,1,0
BRDA:177,808,0,0
BRDA:177,808,1,0
BRDA:177,809,0,0
BRDA:177,809,1,0
BRDA:177,810,0,0
BRDA:177,810,1,0
BRDA:177,811,0,0
BRDA:177,811,1,0
BRDA:177,812,0,0
BRDA:177,812,1,0
BRDA:178,813,0,0
BRDA:178,813,1,0
BRDA:178,814,0,0
BRDA:178,814,1,0
BRDA:178,814,2,0
BRDA:178,814,3,0
BRDA:178,814,4,0
BRDA:178,815,0,0
BRDA:178,815,1,0
BRDA:178,815,2,0
BRDA:178,816,0,0
BRDA:178,816,1,0
BRDA:178,817,0,0
BRDA:178,817,1,0
BRDA:178,817,2,0
BRDA:179,818,0,0
BRDA:179,818,1,0
BRDA:179,819,0,0
BRDA:179,819,1,0
BRDA:179,819,2,0
BRDA:179,819,3,0
BRDA:179,819,4,0
BRDA:179,819,5,0
BRDA:179,820,0,0
BRDA:179,820,1,0
BRDA:179,821,0,0
BRDA:179,821,1,0
BRDA:179,822,0,0
BRDA:179,822,1,0
BRDA:179,823,0,0
BRDA:179,823,1,0
BRDA:179,823,2,0
BRDA:179,823,3,0
BRDA:179,824,0,0
BRDA:179,824,1,0
BRDA:179,825,0,0
BRDA:179,825,1,0
BRDA:179,825,2,0
BRDA:179,825,3,0
BRDA:179,826,0,0
BRDA:179,826,1,0
BRDA:179,827,0,0
BRDA:179,827,1,0
BRDA:179,827,2,0
BRDA:179,828,0,0
BRDA:179,828,1,0
BRDA:180,829,0,0
BRDA:180,829,1,0
BRDA:180,830,0,0
BRDA:180,830,1,0
BRDA:180,831,0,0
BRDA:180,831,1,0
BRDA:180,831,2,0
BRDA:180,832,0,0
BRDA:180,832,1,0
BRDA:180,832,2,0
BRDA:180,832,3,0
BRDA:180,833,0,0
BRDA:180,833,1,0
BRDA:180,834,0,0
BRDA:180,834,1,0
BRDA:180,835,0,0
BRDA:180,835,1,0
BRDA:192,836,0,0
BRDA:192,836,1,0
BRDA:192,837,0,0
BRDA:192,837,1,0
BRDA:192,837,2,0
BRDA:192,837,3,0
BRDA:192,837,4,0
BRDA:192,838,0,0
BRDA:192,838,1,0
BRDA:192,838,2,0
BRDA:193,839,0,0
BRDA:193,839,1,0
BRDA:193,840,0,0
BRDA:193,840,1,0
BRDA:193,840,2,0
BRDA:193,840,3,0
BRDA:193,840,4,0
BRDA:193,840,5,0
BRDA:193,840,6,0
BRDA:193,840,7,0
BRDA:193,840,8,0
BRDA:193,840,9,0
BRDA:193,840,10,0
BRDA:193,840,11,0
BRDA:193,840,12,0
BRDA:193,840,13,0
BRDA:193,840,14,0
BRDA:193,840,15,0
BRDA:193,840,16,0
BRDA:193,840,17,0
BRDA:193,840,18,0
BRDA:193,841,0,0
BRDA:193,841,1,0
BRDA:193,842,0,0
BRDA:193,842,1,0
BRDA:193,843,0,0
BRDA:193,843,1,0
BRDA:193,843,2,0
BRDA:193,844,0,0
BRDA:193,844,1,0
BRDA:193,845,0,0
BRDA:193,845,1,0
BRDA:194,846,0,0
BRDA:194,846,1,0
BRDA:194,847,0,0
BRDA:194,847,1,0
BRDA:194,848,0,0
BRDA:194,848,1,0
BRDA:194,848,2,0
BRDA:194,848,3,0
BRDA:194,848,4,0
BRDA:194,848,5,0
BRDA:194,848,6,0
BRDA:194,848,7,0
BRDA:194,848,8,0
BRDA:194,848,9,0
BRDA:194,848,10,0
BRDA:194,848,11,0
BRDA:194,848,12,0
BRDA:195,849,0,0
BRDA:195,849,1,0
BRDA:195,850,0,0
BRDA:195,850,1,0
BRDA:195,850,2,0
BRDA:195,851,0,0
BRDA:195,851,1,0
BRDA:195,851,2,0
BRDA:195,851,3,0
BRDA:195,851,4,0
BRDA:195,852,0,0
BRDA:195,852,1,0
BRDA:196,853,0,0
BRDA:196,853,1,0
BRDA:196,854,0,0
BRDA:196,854,1,0
BRDA:196,855,0,0
BRDA:196,855,1,0
BRDA:196,856,0,0
BRDA:196,856,1,0
BRDA:196,857,0,0
BRDA:196,857,1,0
BRDA:196,858,0,0
BRDA:196,858,1,0
BRDA:196,859,0,0
BRDA:196,859,1,0
BRDA:196,859,2,0
BRDA:196,860,0,0
BRDA:196,860,1,0
BRDA:196,860,2,0
BRDA:196,860,3,0
BRDA:196,860,4,0
BRDA:196,860,5,0
BRDA:196,860,6,0
BRDA:196,860,7,0
BRDA:196,860,8,0
BRDA:196,860,9,0
BRDA:196,860,10,0
BRDA:196,860,11,0
BRDA:196,860,12,0
BRDA:196,860,13,0
BRDA:196,860,14,0
BRDA:198,861,0,0
BRDA:198,861,1,0
BRDA:198,862,0,0
BRDA:198,862,1,0
BRDA:198,863,0,0
BRDA:198,863,1,0
BRDA:198,863,2,0
BRDA:198,864,0,0
BRDA:198,864,1,0
BRDA:198,864,2,0
BRDA:198,864,3,0
BRDA:198,865,0,0
BRDA:198,865,1,0
BRDA:198,865,2,0
BRDA:198,865,3,0
BRDA:198,865,4,0
BRDA:199,866,0,0
BRDA:199,866,1,0
BRDA:199,867,0,0
BRDA:199,867,1,0
BRDA:199,868,0,0
BRDA:199,868,1,0
BRDA:199,869,0,0
BRDA:199,869,1,0
BRDA:199,870,0,0
BRDA:199,870,1,0
BRDA:199,871,0,0
BRDA:199,871,1,0
BRDA:199,872,0,0
BRDA:199,872,1,0
BRDA:199,873,0,0
BRDA:199,873,1,0
BRDA:199,873,2,0
BRDA:200,874,0,0
BRDA:200,874,1,0
BRDA:200,875,0,0
BRDA:200,875,1,0
BRDA:200,876,0,0
BRDA:200,876,1,0
BRDA:200,877,0,0
BRDA:200,877,1,0
BRDA:201,878,0,0
BRDA:201,878,1,0
BRDA:201,879,0,0
BRDA:201,879,1,0
BRDA:201,880,0,0
BRDA:201,880,1,0
BRDA:201,881,0,0
BRDA:201,881,1,0
BRDA:201,881,2,0
BRDA:201,881,3,0
BRDA:201,882,0,0
BRDA:201,882,1,0
BRDA:201,882,2,0
BRDA:201,882,3,0
BRDA:201,883,0,0
BRDA:201,883,1,0
BRDA:201,883,2,0
BRDA:201,884,0,0
BRDA:201,884,1,0
BRDA:202,885,0,0
BRDA:202,885,1,0
BRDA:202,886,0,0
BRDA:202,886,1,0
BRDA:202,887,0,0
BRDA:202,887,1,0
BRDA:202,888,0,0
BRDA:202,888,1,0
BRDA:202,889,0,0
BRDA:202,889,1,0
BRDA:202,890,0,0
BRDA:202,890,1,0
BRDA:203,891,0,0
BRDA:203,891,1,0
BRDA:203,892,0,0
BRDA:203,892,1,0
BRDA:203,892,2,0
BRDA:203,892,3,0
BRDA:203,893,0,0
BRDA:203,893,1,0
BRDA:203,894,0,0
BRDA:203,894,1,0
BRDA:203,895,0,0
BRDA:203,895,1,0
BRDA:203,896,0,0
BRDA:203,896,1,0
BRDA:203,897,0,0
BRDA:203,897,1,0
BRDA:203,898,0,0
BRDA:203,898,1,0
BRDA:203,899,0,0
BRDA:203,899,1,0
BRDA:203,899,2,0
BRDA:204,900,0,0
BRDA:204,900,1,0
BRDA:204,901,0,0
BRDA:204,901,1,0
BRDA:204,902,0,0
BRDA:204,902,1,0
BRDA:204,902,2,0
BRDA:204,903,0,0
BRDA:204,903,1,0
BRDA:204,904,0,0
BRDA:204,904,1,0
BRDA:204,904,2,0
BRDA:204,905,0,0
BRDA:204,905,1,0
BRDA:204,906,0,0
BRDA:204,906,1,0
BRDA:204,907,0,0
BRDA:204,907,1,0
BRDA:204,908,0,0
BRDA:204,908,1,0
BRDA:204,909,0,0
BRDA:204,909,1,0
BRDA:205,910,0,0
BRDA:205,910,1,0
BRDA:205,911,0,0
BRDA:205,911,1,0
BRDA:205,912,0,0
BRDA:205,912,1,0
BRDA:205,913,0,0
BRDA:205,913,1,0
BRDA:205,913,2,0
BRDA:205,914,0,0
BRDA:205,914,1,0
BRDA:205,915,0,0
BRDA:205,915,1,0
BRDA:205,916,0,0
BRDA:205,916,1,0
BRDA:205,916,2,0
BRDA:205,916,3,0
BRDA:205,916,4,0
BRDA:205,916,5,0
BRDA:206,917,0,0
BRDA:206,917,1,0
BRDA:206,918,0,0
BRDA:206,918,1,0
BRDA:206,919,0,0
BRDA:206,919,1,0
BRDA:206,920,0,0
BRDA:206,920,1,0
BRDA:206,921,0,0
BRDA:206,921,1,0
BRDA:206,922,0,0
BRDA:206,922,1,0
BRDA:206,922,2,0
BRDA:206,922,3,0
BRDA:206,922,4,0
BRDA:206,922,5,0
BRDA:207,923,0,0
BRDA:207,923,1,0
BRDA:207,924,0,0
BRDA:207,924,1,0
BRDA:207,925,0,0
BRDA:207,925,1,0
BRDA:208,926,0,0
BRDA:208,926,1,0
BRDA:208,926,2,0
BRDA:208,927,0,0
BRDA:208,927,1,0
BRDA:208,928,0,0
BRDA:208,928,1,0
BRDA:208,929,0,0
BRDA:208,929,1,0
BRDA:208,929,2,0
BRDA:208,929,3,0
BRDA:208,930,0,0
BRDA:208,930,1,0
BRDA:209,931,0,0
BRDA:209,931,1,0
BRDA:209,932,0,0
BRDA:209,932,1,0
BRDA:209,932,2,0
BRDA:209,933,0,0
BRDA:209,933,1,0
BRDA:209,933,2,0
BRDA:210,934,0,0
BRDA:210,934,1,0
BRDA:210,935,0,0
BRDA:210,935,1,0
BRDA:210,935,2,0
BRDA:210,936,0,0
BRDA:210,936,1,0
BRDA:210,936,2,0
BRDA:210,937,0,0
BRDA:210,937,1,0
BRDA:210,937,2,0
BRDA:210,937,3,0
BRDA:210,938,0,0
BRDA:210,938,1,0
BRDA:210,939,0,0
BRDA:210,939,1,0
BRDA:210,939,2,0
BRDA:210,940,0,0
BRDA:210,940,1,0
BRDA:211,941,0,0
BRDA:211,941,1,0
BRDA:211,941,2,0
BRDA:211,942,0,0
BRDA:211,942,1,0
BRDA:211,942,2,0
BRDA:211,942,3,0
BRDA:211,943,0,0
BRDA:211,943,1,0
BRDA:211,944,0,0
BRDA:211,944,1,0
BRDA:211,945,0,0
BRDA:211,945,1,0
BRDA:211,946,0,0
BRDA:211,946,1,0
BRDA:211,946,2,0
BRDA:211,947,0,0
BRDA:211,947,1,0
BRDA:211,947,2,0
BRDA:211,947,3,0
BRDA:211,948,0,0
BRDA:211,948,1,0
BRDA:212,949,0,0
BRDA:212,949,1,0
BRDA:212,950,0,0
BRDA:212,950,1,0
BRDA:212,951,0,0
BRDA:212,951,1,0
BRDA:212,951,2,0
BRDA:212,951,3,0
BRDA:212,952,0,0
BRDA:212,952,1,0
BRDA:212,952,2,0
BRDA:212,952,3,0
BRDA:212,953,0,0
BRDA:212,953,1,0
BRDA:213,954,0,0
BRDA:213,954,1,0
BRDA:213,955,0,0
BRDA:213,955,1,0
BRDA:213,956,0,0
BRDA:213,956,1,0
BRDA:213,957,0,0
BRDA:213,957,1,0
BRDA:213,958,0,0
BRDA:213,958,1,0
BRDA:213,959,0,0
BRDA:213,959,1,0
BRDA:213,959,2,0
BRDA:214,960,0,0
BRDA:214,960,1,0
BRDA:214,961,0,0
BRDA:214,961,1,0
BRDA:214,962,0,0
BRDA:214,962,1,0
BRDA:214,962,2,0
BRDA:214,963,0,0
BRDA:214,963,1,0
BRDA:215,964,0,0
BRDA:215,964,1,0
BRDA:215,965,0,0
BRDA:215,965,1,0
BRDA:215,966,0,0
BRDA:215,966,1,0
BRDA:215,967,0,0
BRDA:215,967,1,0
BRDA:215,967,2,0
BRDA:215,968,0,0
BRDA:215,968,1,0
BRDA:215,969,0,0
BRDA:215,969,1,0
BRDA:215,970,0,0
BRDA:215,970,1,0
BRDA:215,971,0,0
BRDA:215,971,1,0
BRDA:215,971,2,0
BRDA:215,972,0,0
BRDA:215,972,1,0
BRDA:216,973,0,0
BRDA:216,973,1,0
BRDA:216,974,0,0
BRDA:216,974,1,0
BRDA:216,975,0,0
BRDA:216,975,1,0
BRDA:216,975,2,0
BRDA:217,976,0,0
BRDA:217,976,1,0
BRDA:217,977,0,0
BRDA:217,977,1,0
BRDA:217,977,2,0
BRDA:217,977,3,0
BRDA:217,977,4,0
BRDA:217,977,5,0
BRDA:217,978,0,0
BRDA:217,978,1,0
BRDA:217,978,2,0
BRDA:217,978,3,0
BRDA:217,979,0,0
BRDA:217,979,1,0
BRDA:217,980,0,0
BRDA:217,980,1,0
BRDA:217,981,0,0
BRDA:217,981,1,0
BRDA:217,982,0,0
BRDA:217,982,1,0
BRDA:217,983,0,0
BRDA:217,983,1,0
BRDA:217,984,0,0
BRDA:217,984,1,0
BRDA:218,985,0,0
BRDA:218,985,1,0
BRDA:218,986,0,0
BRDA:218,986,1,0
BRDA:218,987,0,0
BRDA:218,987,1,0
BRDA:218,988,0,0
BRDA:218,988,1,0
BRDA:218,989,0,0
BRDA:218,989,1,0
BRDA:219,990,0,0
BRDA:219,990,1,0
BRDA:219,991,0,0
BRDA:219,991,1,0
BRDA:219,991,2,0
BRDA:219,992,0,0
BRDA:219,992,1,0
BRDA:219,993,0,0
BRDA:219,993,1,0
BRDA:219,994,0,0
BRDA:219,994,1,0
BRDA:219,995,0,0
BRDA:219,995,1,0
BRDA:219,996,0,0
BRDA:219,996,1,0
BRDA:219,997,0,0
BRDA:219,997,1,0
BRDA:219,997,2,0
BRDA:219,998,0,0
BRDA:219,998,1,0
BRDA:220,999,0,0
BRDA:220,999,1,0
BRDA:220,1000,0,0
BRDA:220,1000,1,0
BRDA:220,1001,0,0
BRDA:220,1001,1,0
BRDA:220,1002,0,0
BRDA:220,1002,1,0
BRDA:220,1003,0,0
BRDA:220,1003,1,0
BRDA:220,1004,0,0
BRDA:220,1004,1,0
BRDA:221,1005,0,0
BRDA:221,1005,1,0
BRDA:221,1005,2,0
BRDA:221,1006,0,0
BRDA:221,1006,1,0
BRDA:221,1007,0,0
BRDA:221,1007,1,0
BRDA:221,1008,0,0
BRDA:221,1008,1,0
BRDA:221,1009,0,0
BRDA:221,1009,1,0
BRDA:221,1009,2,0
BRDA:221,1009,3,0
BRDA:221,1010,0,0
BRDA:221,1010,1,0
BRDA:221,1010,2,0
BRDA:221,1010,3,0
BRDA:221,1011,0,0
BRDA:221,1011,1,0
BRDA:222,1012,0,0
BRDA:222,1012,1,0
BRDA:222,1013,0,0
BRDA:222,1013,1,0
BRDA:222,1014,0,0
BRDA:222,1014,1,0
BRDA:222,1014,2,0
BRDA:222,1015,0,0
BRDA:222,1015,1,0
BRDA:222,1015,2,0
BRDA:222,1016,0,0
BRDA:222,1016,1,0
BRDA:222,1017,0,0
BRDA:222,1017,1,0
BRDA:222,1018,0,0
BRDA:222,1018,1,0
BRDA:222,1019,0,0
BRDA:222,1019,1,0
BRDA:222,1019,2,0
BRDA:222,1019,3,0
BRDA:222,1019,4,0
BRDA:222,1019,5,0
BRDA:222,1019,6,0
BRDA:222,1020,0,0
BRDA:222,1020,1,0
BRDA:222,1021,0,0
BRDA:222,1021,1,0
BRDA:223,1022,0,0
BRDA:223,1022,1,0
BRDA:223,1023,0,0
BRDA:223,1023,1,0
BRDA:223,1024,0,0
BRDA:223,1024,1,0
BRDA:223,1025,0,0
BRDA:223,1025,1,0
BRDA:223,1026,0,0
BRDA:223,1026,1,0
BRDA:224,1027,0,0
BRDA:224,1027,1,0
BRDA:224,1028,0,0
BRDA:224,1028,1,0
BRDA:224,1028,2,0
BRDA:224,1028,3,0
BRDA:224,1029,0,0
BRDA:224,1029,1,0
BRDA:224,1030,0,0
BRDA:224,1030,1,0
BRDA:224,1031,0,0
BRDA:224,1031,1,0
BRDA:224,1032,0,0
BRDA:224,1032,1,0
BRDA:224,1032,2,0
BRDA:224,1032,3,0
BRDA:88,1033,0,0
BRDA:88,1033,1,0
BRDA:88,1033,2,0
BRDA:88,1033,3,0
BRDA:88,1033,4,0
BRDA:88,1034,0,0
BRDA:88,1034,1,0
BRDA:225,1035,0,0
BRDA:225,1035,1,0
BRDA:225,1036,0,0
BRDA:225,1036,1,0
BRDA:225,1037,0,0
BRDA:225,1037,1,0
BRDA:225,1038,0,0
BRDA:225,1038,1,0
BRDA:225,1039,0,0
BRDA:225,1039,1,0
BRDA:225,1040,0,0
BRDA:225,1040,1,0
BRDA:225,1040,2,0
BRDA:225,1041,0,0
BRDA:225,1041,1,0
BRDA:225,1042,0,0
BRDA:225,1042,1,0
BRDA:225,1043,0,0
BRDA:225,1043,1,0
BRDA:225,1044,0,0
BRDA:225,1044,1,0
BRDA:225,1044,2,0
BRDA:225,1044,3,0
BRDA:225,1044,4,0
BRDA:225,1044,5,0
BRDA:225,1044,6,0
BRDA:226,1045,0,0
BRDA:226,1045,1,0
BRDA:226,1046,0,0
BRDA:226,1046,1,0
BRDA:226,1047,0,0
BRDA:226,1047,1,0
BRDA:227,1048,0,0
BRDA:227,1048,1,0
BRDA:227,1049,0,0
BRDA:227,1049,1,0
BRDA:227,1049,2,0
BRDA:227,1049,3,0
BRDA:227,1049,4,0
BRDA:227,1049,5,0
BRDA:227,1049,6,0
BRDA:227,1049,7,0
BRDA:227,1049,8,0
BRDA:227,1050,0,0
BRDA:227,1050,1,0
BRDA:227,1051,0,0
BRDA:227,1051,1,0
BRDA:228,1052,0,0
BRDA:228,1052,1,0
BRDA:228,1053,0,0
BRDA:228,1053,1,0
BRDA:228,1054,0,0
BRDA:228,1054,1,0
BRDA:228,1055,0,0
BRDA:228,1055,1,0
BRDA:228,1055,2,0
BRDA:228,1055,3,0
BRDA:228,1056,0,0
BRDA:228,1056,1,0
BRDA:228,1057,0,0
BRDA:228,1057,1,0
BRDA:229,1058,0,0
BRDA:229,1058,1,0
BRDA:229,1059,0,0
BRDA:229,1059,1,0
BRDA:229,1060,0,0
BRDA:229,1060,1,0
BRDA:229,1061,0,0
BRDA:229,1061,1,0
BRDA:229,1062,0,0
BRDA:229,1062,1,0
BRDA:229,1063,0,0
BRDA:229,1063,1,0
BRDA:229,1064,0,0
BRDA:229,1064,1,0
BRDA:229,1065,0,0
BRDA:229,1065,1,0
BRDA:229,1066,0,0
BRDA:229,1066,1,0
BRDA:229,1067,0,0
BRDA:229,1067,1,0
BRDA:229,1067,2,0
BRDA:229,1068,0,0
BRDA:229,1068,1,0
BRDA:229,1069,0,0
BRDA:229,1069,1,0
BRDA:229,1070,0,0
BRDA:229,1070,1,0
BRDA:230,1071,0,0
BRDA:230,1071,1,0
BRDA:230,1072,0,0
BRDA:230,1072,1,0
BRDA:230,1073,0,0
BRDA:230,1073,1,0
BRDA:230,1074,0,0
BRDA:230,1074,1,0
BRDA:230,1075,0,0
BRDA:230,1075,1,0
BRDA:230,1076,0,0
BRDA:230,1076,1,0
BRDA:230,1077,0,0
BRDA:230,1077,1,0
BRDA:230,1078,0,0
BRDA:230,1078,1,0
BRDA:231,1079,0,0
BRDA:231,1079,1,0
BRDA:231,1080,0,0
BRDA:231,1080,1,0
BRDA:231,1081,0,0
BRDA:231,1081,1,0
BRDA:231,1081,2,0
BRDA:231,1082,0,0
BRDA:231,1082,1,0
BRDA:231,1083,0,0
BRDA:231,1083,1,0
BRDA:231,1083,2,0
BRDA:231,1084,0,0
BRDA:231,1084,1,0
BRDA:231,1085,0,0
BRDA:231,1085,1,0
BRDA:231,1086,0,0
BRDA:231,1086,1,0
BRDA:231,1087,0,0
BRDA:231,1087,1,0
BRDA:231,1087,2,0
BRDA:231,1088,0,0
BRDA:231,1088,1,0
BRDA:231,1089,0,0
BRDA:231,1089,1,0
BRDA:232,1090,0,0
BRDA:232,1090,1,0
BRDA:232,1091,0,0
BRDA:232,1091,1,0
BRDA:232,1091,2,0
BRDA:232,1091,3,0
BRDA:232,1092,0,0
BRDA:232,1092,1,0
BRDA:232,1092,2,0
BRDA:233,1093,0,0
BRDA:233,1093,1,0
BRDA:233,1094,0,0
BRDA:233,1094,1,0
BRDA:233,1094,2,0
BRDA:233,1095,0,0
BRDA:233,1095,1,0
BRDA:233,1096,0,0
BRDA:233,1096,1,0
BRDA:233,1097,0,0
BRDA:233,1097,1,0
BRDA:233,1098,0,0
BRDA:233,1098,1,0
BRDA:233,1099,0,0
BRDA:233,1099,1,0
BRDA:233,1100,0,0
BRDA:233,1100,1,0
BRDA:233,1101,0,0
BRDA:233,1101,1,0
BRDA:234,1102,0,0
BRDA:234,1102,1,0
BRDA:234,1103,0,0
BRDA:234,1103,1,0
BRDA:236,1104,0,0
BRDA:236,1104,1,0
BRDA:241,1105,0,0
BRDA:241,1105,1,0
BRDA:243,1106,0,0
BRDA:243,1106,1,0
BRDA:243,1106,2,0
BRDA:243,1106,3,0
BRDA:243,1106,4,0
BRDA:243,1106,5,0
BRDA:245,1107,0,0
BRDA:245,1107,1,0
BRDA:245,1108,0,0
BRDA:245,1108,1,0
BRDA:245,1109,0,0
BRDA:245,1109,1,0
BRDA:245,1110,0,0
BRDA:245,1110,1,0
BRDA:245,1111,0,0
BRDA:245,1111,1,0
BRDA:244,1112,0,0
BRDA:244,1112,1,0
BRDA:244,1113,0,0
BRDA:244,1113,1,0
BRDA:244,1114,0,0
BRDA:244,1114,1,0
BRDA:244,1114,2,0
BRDA:245,1115,0,0
BRDA:245,1115,1,0
BRDA:246,1116,0,0
BRDA:246,1116,1,0
BRDA:246,1117,0,0
BRDA:246,1117,1,0
BRDA:234,1118,0,0
BRDA:234,1118,1,0
BRDA:234,1119,0,0
BRDA:234,1119,1,0
BRDA:235,1120,0,0
BRDA:235,1120,1,0
BRDA:235,1120,2,0
BRDA:235,1121,0,0
BRDA:235,1121,1,0
BRDA:235,1122,0,0
BRDA:235,1122,1,0
BRDA:235,1123,0,0
BRDA:235,1123,1,0
BRDA:235,1124,0,0
BRDA:235,1124,1,0
BRDA:235,1125,0,0
BRDA:235,1125,1,0
BRDA:235,1126,0,0
BRDA:235,1126,1,0
BRDA:236,1127,0,0
BRDA:236,1127,1,0
BRDA:237,1128,0,0
BRDA:237,1128,1,0
BRDA:237,1129,0,0
BRDA:237,1129,1,0
BRDA:238,1130,0,0
BRDA:238,1130,1,0
BRDA:238,1131,0,0
BRDA:238,1131,1,0
BRDA:238,1131,2,0
BRDA:238,1132,0,0
BRDA:238,1132,1,0
BRDA:238,1133,0,0
BRDA:238,1133,1,0
BRDA:238,1134,0,0
BRDA:238,1134,1,0
BRDA:238,1135,0,0
BRDA:238,1135,1,0
BRDA:238,1135,2,0
BRDA:239,1136,0,0
BRDA:239,1136,1,0
BRDA:239,1137,0,0
BRDA:239,1137,1,0
BRDA:239,1138,0,0
BRDA:239,1138,1,0
BRDA:239,1139,0,0
BRDA:239,1139,1,0
BRDA:240,1140,0,0
BRDA:240,1140,1,0
BRDA:240,1141,0,0
BRDA:240,1141,1,0
BRDA:240,1142,0,0
BRDA:240,1142,1,0
BRDA:242,1143,0,0
BRDA:242,1143,1,0
BRDA:242,1144,0,0
BRDA:242,1144,1,0
BRDA:242,1145,0,0
BRDA:242,1145,1,0
BRDA:242,1146,0,0
BRDA:242,1146,1,0
BRDA:242,1147,0,0
BRDA:242,1147,1,0
BRDA:242,1148,0,0
BRDA:242,1148,1,0
BRDA:243,1149,0,0
BRDA:243,1149,1,0
BRDA:243,1150,0,0
BRDA:243,1150,1,0
BRDA:243,1151,0,0
BRDA:243,1151,1,0
BRDA:243,1152,0,0
BRDA:243,1152,1,0
BRDA:243,1152,2,0
BRDA:247,1153,0,0
BRDA:247,1153,1,0
BRDA:247,1154,0,0
BRDA:247,1154,1,0
BRDA:247,1155,0,0
BRDA:247,1155,1,0
BRDA:247,1156,0,0
BRDA:247,1156,1,0
BRDA:247,1157,0,0
BRDA:247,1157,1,0
BRDA:247,1158,0,0
BRDA:247,1158,1,0
BRDA:247,1158,2,0
BRDA:247,1159,0,0
BRDA:247,1159,1,0
BRDA:248,1160,0,0
BRDA:248,1160,1,0
BRDA:248,1161,0,0
BRDA:248,1161,1,0
BRDA:248,1162,0,0
BRDA:248,1162,1,0
BRDA:248,1162,2,0
BRDA:249,1163,0,0
BRDA:249,1163,1,0
BRDA:249,1164,0,0
BRDA:249,1164,1,0
BRDA:111,1165,0,0
BRDA:111,1165,1,0
BRDA:111,1166,0,0
BRDA:111,1166,1,0
BRDA:111,1167,0,0
BRDA:111,1167,1,0
BRDA:249,1168,0,0
BRDA:249,1168,1,0
BRDA:249,1169,0,0
BRDA:249,1169,1,0
BRDA:250,1170,0,0
BRDA:250,1170,1,0
BRDA:250,1170,2,0
BRDA:250,1171,0,0
BRDA:250,1171,1,0
BRF:2877
BRH:0
end_of_record
TN:
SF:/Users/janelthomas/reactJS/ssr-react-router-node-app/build/webpack:/node_modules/react-router-dom/es/BrowserRouter.js
FN:3,y
FN:17,(anonymous_578)
FN:20,t
FN:1,(anonymous_580)
FN:5,(anonymous_581)
FN:32,(anonymous_582)
FN:36,(anonymous_583)
FNF:7
FNH:0
FNDA:0,y
FNDA:0,(anonymous_578)
FNDA:0,t
FNDA:0,(anonymous_580)
FNDA:0,(anonymous_581)
FNDA:0,(anonymous_582)
FNDA:0,(anonymous_583)
DA:1,0
DA:3,0
DA:5,0
DA:17,0
DA:21,0
DA:25,0
DA:26,0
DA:29,0
DA:33,0
DA:37,0
DA:40,0
DA:43,0
DA:52,0
LF:13
LH:0
BRDA:3,0,0,0
BRDA:3,0,1,0
BRDA:3,1,0,0
BRDA:3,1,1,0
BRDA:3,2,0,0
BRDA:3,2,1,0
BRDA:3,2,2,0
BRDA:1,3,0,0
BRDA:1,3,1,0
BRDA:5,4,0,0
BRDA:5,4,1,0
BRDA:5,5,0,0
BRDA:5,5,1,0
BRDA:5,6,0,0
BRDA:5,6,1,0
BRDA:5,7,0,0
BRDA:5,7,1,0
BRF:17
BRH:0
end_of_record
TN:
SF:/Users/janelthomas/reactJS/ssr-react-router-node-app/build/webpack:/node_modules/react-router-dom/es/Redirect.js
FNF:0
FNH:0
DA:4,0
LF:1
LH:0
BRF:0
BRH:0
end_of_record
TN:
SF:/Users/janelthomas/reactJS/ssr-react-router-node-app/build/webpack:/node_modules/react-router-dom/es/Route.js
FNF:0
FNH:0
DA:4,0
LF:1
LH:0
BRF:0
BRH:0
end_of_record
TN:
SF:/Users/janelthomas/reactJS/ssr-react-router-node-app/build/webpack:/node_modules/react-router-dom/es/Switch.js
FNF:0
FNH:0
DA:4,0
LF:1
LH:0
BRF:0
BRH:0
end_of_record
TN:
SF:/Users/janelthomas/reactJS/ssr-react-router-node-app/build/webpack:/node_modules/react-router/es/Redirect.js
FN:21,(anonymous_551)
FN:24,t
FN:3,(anonymous_553)
FN:5,(anonymous_554)
FN:7,(anonymous_555)
FN:30,(anonymous_556)
FN:34,(anonymous_557)
FN:40,(anonymous_558)
FN:44,(anonymous_559)
FN:56,(anonymous_560)
FN:73,(anonymous_561)
FN:86,(anonymous_562)
FNF:12
FNH:0
FNDA:0,(anonymous_551)
FNDA:0,t
FNDA:0,(anonymous_553)
FNDA:0,(anonymous_554)
FNDA:0,(anonymous_555)
FNDA:0,(anonymous_556)
FNDA:0,(anonymous_557)
FNDA:0,(anonymous_558)
FNDA:0,(anonymous_559)
FNDA:0,(anonymous_560)
FNDA:0,(anonymous_561)
FNDA:0,(anonymous_562)
DA:1,0
DA:3,0
DA:5,0
DA:7,0
DA:21,0
DA:27,0
DA:31,0
DA:35,0
DA:41,0
DA:45,0
DA:46,0
DA:48,0
DA:57,0
DA:58,0
DA:60,0
DA:74,0
DA:75,0
DA:77,0
DA:79,0
DA:87,0
DA:90,0
DA:93,0
DA:113,0
LF:23
LH:0
BRDA:1,0,0,0
BRDA:1,1,0,0
BRDA:1,1,1,0
BRDA:3,2,0,0
BRDA:3,2,1,0
BRDA:5,3,0,0
BRDA:5,3,1,0
BRDA:5,4,0,0
BRDA:5,4,1,0
BRDA:5,5,0,0
BRDA:5,5,1,0
BRDA:5,5,2,0
BRDA:7,6,0,0
BRDA:7,6,1,0
BRDA:7,7,0,0
BRDA:7,7,1,0
BRDA:7,8,0,0
BRDA:7,8,1,0
BRDA:7,9,0,0
BRDA:7,9,1,0
BRDA:31,10,0,0
BRDA:31,10,1,0
BRDA:37,11,0,0
BRDA:37,11,1,0
BRDA:41,12,0,0
BRDA:41,12,1,0
BRDA:49,13,0,0
BRDA:49,13,1,0
BRDA:61,14,0,0
BRDA:61,14,1,0
BRDA:62,15,0,0
BRDA:62,15,1,0
BRDA:80,16,0,0
BRDA:80,16,1,0
BRF:34
BRH:0
end_of_record
TN:
SF:/Users/janelthomas/reactJS/ssr-react-router-node-app/build/webpack:/node_modules/react-router/es/Route.js
FN:5,d
FN:15,h
FN:23,(anonymous_598)
FN:26,t
FN:3,(anonymous_600)
FN:7,(anonymous_601)
FN:40,(anonymous_602)
FN:51,(anonymous_603)
FN:70,(anonymous_604)
FN:78,(anonymous_605)
FN:88,(anonymous_606)
FNF:11
FNH:0
FNDA:0,d
FNDA:0,h
FNDA:0,(anonymous_598)
FNDA:0,t
FNDA:0,(anonymous_600)
FNDA:0,(anonymous_601)
FNDA:0,(anonymous_602)
FNDA:0,(anonymous_603)
FNDA:0,(anonymous_604)
FNDA:0,(anonymous_605)
FNDA:0,(anonymous_606)
DA:1,0
DA:3,0
DA:5,0
DA:7,0
DA:15,0
DA:16,0
DA:23,0
DA:27,0
DA:31,0
DA:32,0
DA:35,0
DA:41,0
DA:52,0
DA:53,0
DA:54,0
DA:55,0
DA:56,0
DA:57,0
DA:59,0
DA:61,0
DA:63,0
DA:65,0
DA:67,0
DA:71,0
DA:79,0
DA:89,0
DA:90,0
DA:91,0
DA:92,0
DA:93,0
DA:94,0
DA:95,0
DA:96,0
DA:97,0
DA:100,0
DA:102,0
DA:113,0
DA:116,0
DA:139,0
LF:39
LH:0
BRDA:1,0,0,0
BRDA:1,1,0,0
BRDA:1,1,1,0
BRDA:5,2,0,0
BRDA:5,2,1,0
BRDA:5,3,0,0
BRDA:5,3,1,0
BRDA:5,4,0,0
BRDA:5,4,1,0
BRDA:5,4,2,0
BRDA:3,5,0,0
BRDA:3,5,1,0
BRDA:7,6,0,0
BRDA:7,6,1,0
BRDA:7,7,0,0
BRDA:7,7,1,0
BRDA:7,8,0,0
BRDA:7,8,1,0
BRDA:7,9,0,0
BRDA:7,9,1,0
BRDA:44,10,0,0
BRDA:44,10,1,0
BRDA:59,11,0,0
BRDA:59,11,1,0
BRDA:65,12,0,0
BRDA:65,12,1,0
BRDA:71,13,0,0
BRDA:71,13,1,0
BRDA:73,14,0,0
BRDA:73,14,1,0
BRDA:73,14,2,0
BRDA:75,15,0,0
BRDA:75,15,1,0
BRDA:75,15,2,0
BRDA:79,16,0,0
BRDA:79,16,1,0
BRDA:81,17,0,0
BRDA:81,17,1,0
BRDA:99,18,0,0
BRDA:99,18,1,0
BRDA:102,19,0,0
BRDA:102,19,1,0
BRDA:102,20,0,0
BRDA:102,20,1,0
BRDA:104,21,0,0
BRDA:104,21,1,0
BRDA:104,22,0,0
BRDA:104,22,1,0
BRDA:106,23,0,0
BRDA:106,23,1,0
BRDA:108,24,0,0
BRDA:108,24,1,0
BRDA:108,25,0,0
BRDA:108,25,1,0
BRF:54
BRH:0
end_of_record
TN:
SF:/Users/janelthomas/reactJS/ssr-react-router-node-app/build/webpack:/node_modules/react-router/es/Router.js
FN:5,d
FN:18,(anonymous_566)
FN:21,t
FN:3,(anonymous_568)
FN:7,(anonymous_569)
FN:35,(anonymous_570)
FN:47,(anonymous_571)
FN:56,(anonymous_572)
FN:69,(anonymous_573)
FN:76,(anonymous_574)
FN:80,(anonymous_575)
FN:84,(anonymous_576)
FNF:12
FNH:0
FNDA:0,d
FNDA:0,(anonymous_566)
FNDA:0,t
FNDA:0,(anonymous_568)
FNDA:0,(anonymous_569)
FNDA:0,(anonymous_570)
FNDA:0,(anonymous_571)
FNDA:0,(anonymous_572)
FNDA:0,(anonymous_573)
FNDA:0,(anonymous_574)
FNDA:0,(anonymous_575)
FNDA:0,(anonymous_576)
DA:1,0
DA:3,0
DA:5,0
DA:7,0
DA:18,0
DA:22,0
DA:26,0
DA:27,0
DA:30,0
DA:36,0
DA:48,0
DA:57,0
DA:59,0
DA:60,0
DA:61,0
DA:64,0
DA:70,0
DA:77,0
DA:81,0
DA:85,0
DA:87,0
DA:90,0
DA:93,0
DA:105,0
LF:24
LH:0
BRDA:1,0,0,0
BRDA:1,1,0,0
BRDA:1,1,1,0
BRDA:5,2,0,0
BRDA:5,2,1,0
BRDA:5,3,0,0
BRDA:5,3,1,0
BRDA:5,4,0,0
BRDA:5,4,1,0
BRDA:5,4,2,0
BRDA:3,5,0,0
BRDA:3,5,1,0
BRDA:7,6,0,0
BRDA:7,6,1,0
BRDA:7,7,0,0
BRDA:7,7,1,0
BRDA:7,8,0,0
BRDA:7,8,1,0
BRDA:7,9,0,0
BRDA:7,9,1,0
BRDA:64,10,0,0
BRDA:64,10,1,0
BRDA:87,11,0,0
BRDA:87,11,1,0
BRF:24
BRH:0
end_of_record
TN:
SF:/Users/janelthomas/reactJS/ssr-react-router-node-app/build/webpack:/node_modules/react-router/es/Switch.js
FN:17,(anonymous_585)
FN:20,t
FN:1,(anonymous_587)
FN:3,(anonymous_588)
FN:5,(anonymous_589)
FN:26,(anonymous_590)
FN:30,(anonymous_591)
FN:36,(anonymous_592)
FN:44,(anonymous_593)
FNF:9
FNH:0
FNDA:0,(anonymous_585)
FNDA:0,t
FNDA:0,(anonymous_587)
FNDA:0,(anonymous_588)
FNDA:0,(anonymous_589)
FNDA:0,(anonymous_590)
FNDA:0,(anonymous_591)
FNDA:0,(anonymous_592)
FNDA:0,(anonymous_593)
DA:1,0
DA:3,0
DA:5,0
DA:17,0
DA:23,0
DA:27,0
DA:31,0
DA:37,0
DA:38,0
DA:40,0
DA:42,0
DA:43,0
DA:45,0
DA:46,0
DA:47,0
DA:48,0
DA:49,0
DA:50,0
DA:51,0
DA:53,0
DA:55,0
DA:60,0
DA:63,0
DA:66,0
DA:77,0
LF:25
LH:0
BRDA:1,0,0,0
BRDA:1,0,1,0
BRDA:3,1,0,0
BRDA:3,1,1,0
BRDA:3,2,0,0
BRDA:3,2,1,0
BRDA:3,3,0,0
BRDA:3,3,1,0
BRDA:3,3,2,0
BRDA:5,4,0,0
BRDA:5,4,1,0
BRDA:5,5,0,0
BRDA:5,5,1,0
BRDA:5,6,0,0
BRDA:5,6,1,0
BRDA:5,7,0,0
BRDA:5,7,1,0
BRDA:31,8,0,0
BRDA:31,8,1,0
BRDA:33,9,0,0
BRDA:33,9,1,0
BRDA:40,10,0,0
BRDA:40,10,1,0
BRDA:45,11,0,0
BRDA:45,11,1,0
BRDA:45,12,0,0
BRDA:45,12,1,0
BRDA:53,13,0,0
BRDA:53,13,1,0
BRDA:60,14,0,0
BRDA:60,14,1,0
BRF:31
BRH:0
end_of_record
TN:
SF:/Users/janelthomas/reactJS/ssr-react-router-node-app/build/webpack:/node_modules/react-router/es/generatePath.js
FN:7,(anonymous_549)
FNF:1
FNH:0
FNDA:0,(anonymous_549)
DA:8,0
DA:9,0
DA:11,0
DA:13,0
DA:20,0
DA:27,0
DA:28,0
DA:30,0
LF:8
LH:0
BRDA:27,0,0,0
BRDA:27,0,1,0
BRDA:28,1,0,0
BRDA:28,1,1,0
BRDA:28,2,0,0
BRDA:28,2,1,0
BRDA:31,3,0,0
BRDA:31,3,1,0
BRDA:9,4,0,0
BRDA:9,4,1,0
BRDA:11,5,0,0
BRDA:11,5,1,0
BRDA:15,6,0,0
BRDA:15,6,1,0
BRF:14
BRH:0
end_of_record
TN:
SF:/Users/janelthomas/reactJS/ssr-react-router-node-app/build/webpack:/node_modules/react-router/es/matchPath.js
FN:28,(anonymous_75)
FN:7,(anonymous_76)
FN:65,(anonymous_77)
FNF:3
FNH:0
FNDA:0,(anonymous_75)
FNDA:0,(anonymous_76)
FNDA:0,(anonymous_77)
DA:7,0
DA:8,0
DA:9,0
DA:11,0
DA:13,0
DA:15,0
DA:22,0
DA:29,0
DA:30,0
DA:32,0
DA:34,0
DA:35,0
DA:36,0
DA:37,0
DA:38,0
DA:39,0
DA:40,0
DA:41,0
DA:44,0
DA:47,0
DA:48,0
DA:50,0
DA:52,0
DA:54,0
DA:55,0
DA:57,0
DA:59,0
DA:67,0
DA:72,0
LF:29
LH:0
BRDA:29,0,0,0
BRDA:29,0,1,0
BRDA:32,1,0,0
BRDA:32,1,1,0
BRDA:37,2,0,0
BRDA:37,2,1,0
BRDA:39,3,0,0
BRDA:39,3,1,0
BRDA:41,4,0,0
BRDA:41,4,1,0
BRDA:44,5,0,0
BRDA:44,5,1,0
BRDA:9,6,0,0
BRDA:9,6,1,0
BRDA:11,7,0,0
BRDA:11,7,1,0
BRDA:17,8,0,0
BRDA:17,8,1,0
BRDA:52,9,0,0
BRDA:52,9,1,0
BRDA:59,10,0,0
BRDA:59,10,1,0
BRDA:63,11,0,0
BRDA:63,11,1,0
BRDA:63,12,0,0
BRDA:63,12,1,0
BRF:26
BRH:0
end_of_record
TN:
SF:/Users/janelthomas/reactJS/ssr-react-router-node-app/build/webpack:/node_modules/react/cjs/react.production.min.js
FN:12,g
FN:11,(anonymous_105)
FN:11,(anonymous_106)
FN:12,isMounted
FN:12,enqueueForceUpdate
FN:12,enqueueReplaceState
FN:12,enqueueSetState
FN:13,k
FN:13,x
FN:13,T
FN:13,(anonymous_114)
FN:13,(anonymous_115)
FN:15,P
FN:16,O
FN:16,M
FN:17,j
FN:19,U
FN:18,e
FN:19,I
FN:16,(anonymous_123)
FN:16,(anonymous_124)
FN:19,A
FN:20,D
FN:20,(anonymous_127)
FN:16,(anonymous_128)
FN:20,F
FN:21,map
FN:21,forEach
FN:21,count
FN:21,(anonymous_133)
FN:21,toArray
FN:21,(anonymous_135)
FN:21,only
FN:21,createRef
FN:21,createContext
FN:22,forwardRef
FN:22,lazy
FN:22,memo
FN:22,cloneElement
FN:23,createFactory
FNF:40
FNH:0
FNDA:0,g
FNDA:0,(anonymous_105)
FNDA:0,(anonymous_106)
FNDA:0,isMounted
FNDA:0,enqueueForceUpdate
FNDA:0,enqueueReplaceState
FNDA:0,enqueueSetState
FNDA:0,k
FNDA:0,x
FNDA:0,T
FNDA:0,(anonymous_114)
FNDA:0,(anonymous_115)
FNDA:0,P
FNDA:0,O
FNDA:0,M
FNDA:0,j
FNDA:0,U
FNDA:0,e
FNDA:0,I
FNDA:0,(anonymous_123)
FNDA:0,(anonymous_124)
FNDA:0,A
FNDA:0,D
FNDA:0,(anonymous_127)
FNDA:0,(anonymous_128)
FNDA:0,F
FNDA:0,map
FNDA:0,forEach
FNDA:0,count
FNDA:0,(anonymous_133)
FNDA:0,toArray
FNDA:0,(anonymous_135)
FNDA:0,only
FNDA:0,createRef
FNDA:0,createContext
FNDA:0,forwardRef
FNDA:0,lazy
FNDA:0,memo
FNDA:0,cloneElement
FNDA:0,createFactory
DA:10,0
DA:11,0
DA:12,0
DA:13,0
DA:14,0
DA:15,0
DA:16,0
DA:17,0
DA:18,0
DA:19,0
DA:20,0
DA:21,0
DA:22,0
DA:23,0
DA:24,0
LF:15
LH:0
BRDA:10,0,0,0
BRDA:10,0,1,0
BRDA:10,1,0,0
BRDA:10,1,1,0
BRDA:11,2,0,0
BRDA:11,2,1,0
BRDA:11,3,0,0
BRDA:11,3,1,0
BRDA:11,4,0,0
BRDA:11,4,1,0
BRDA:13,5,0,0
BRDA:13,5,1,0
BRDA:13,6,0,0
BRDA:13,6,1,0
BRDA:13,7,0,0
BRDA:13,7,1,0
BRDA:13,7,2,0
BRDA:13,7,3,0
BRDA:15,8,0,0
BRDA:15,8,1,0
BRDA:15,9,0,0
BRDA:15,9,1,0
BRDA:15,10,0,0
BRDA:15,10,1,0
BRDA:15,10,2,0
BRDA:15,11,0,0
BRDA:15,11,1,0
BRDA:15,12,0,0
BRDA:15,12,1,0
BRDA:15,13,0,0
BRDA:15,13,1,0
BRDA:15,14,0,0
BRDA:15,14,1,0
BRDA:16,15,0,0
BRDA:16,15,1,0
BRDA:16,15,2,0
BRDA:16,16,0,0
BRDA:16,16,1,0
BRDA:17,17,0,0
BRDA:17,17,1,0
BRDA:19,18,0,0
BRDA:19,18,1,0
BRDA:18,19,0,0
BRDA:18,19,1,0
BRDA:18,19,2,0
BRDA:18,20,0,0
BRDA:18,20,1,0
BRDA:18,21,0,0
BRDA:18,21,1,0
BRDA:18,21,2,0
BRDA:18,22,0,0
BRDA:18,22,1,0
BRDA:18,23,0,0
BRDA:18,23,1,0
BRDA:18,24,0,0
BRDA:18,24,1,0
BRDA:18,25,0,0
BRDA:18,25,1,0
BRDA:18,26,0,0
BRDA:18,26,1,0
BRDA:18,27,0,0
BRDA:18,27,1,0
BRDA:18,28,0,0
BRDA:18,28,1,0
BRDA:18,29,0,0
BRDA:18,29,1,0
BRDA:18,29,2,0
BRDA:19,30,0,0
BRDA:19,30,1,0
BRDA:19,31,0,0
BRDA:19,31,1,0
BRDA:16,32,0,0
BRDA:16,32,1,0
BRDA:19,33,0,0
BRDA:19,33,1,0
BRDA:19,33,2,0
BRDA:20,34,0,0
BRDA:20,34,1,0
BRDA:20,35,0,0
BRDA:20,35,1,0
BRDA:20,36,0,0
BRDA:20,36,1,0
BRDA:20,36,2,0
BRDA:20,37,0,0
BRDA:20,37,1,0
BRDA:21,38,0,0
BRDA:21,38,1,0
BRDA:21,39,0,0
BRDA:21,39,1,0
BRDA:21,40,0,0
BRDA:21,40,1,0
BRDA:22,41,0,0
BRDA:22,41,1,0
BRDA:22,42,0,0
BRDA:22,42,1,0
BRDA:22,43,0,0
BRDA:22,43,1,0
BRDA:22,43,2,0
BRDA:23,44,0,0
BRDA:23,44,1,0
BRDA:23,45,0,0
BRDA:23,45,1,0
BRDA:23,46,0,0
BRDA:23,46,1,0
BRDA:23,47,0,0
BRDA:23,47,1,0
BRDA:23,47,2,0
BRDA:23,48,0,0
BRDA:23,48,1,0
BRDA:23,48,2,0
BRDA:23,49,0,0
BRDA:23,49,1,0
BRDA:23,50,0,0
BRDA:23,50,1,0
BRDA:23,51,0,0
BRDA:23,51,1,0
BRDA:24,52,0,0
BRDA:24,52,1,0
BRDA:24,52,2,0
BRDA:24,53,0,0
BRDA:24,53,1,0
BRF:121
BRH:0
end_of_record
TN:
SF:/Users/janelthomas/reactJS/ssr-react-router-node-app/build/webpack:/node_modules/resolve-pathname/index.js
FN:1,l
FN:6,u
FN:15,c
FNF:3
FNH:0
FNDA:0,l
FNDA:0,u
FNDA:0,c
DA:2,0
DA:7,0
DA:8,0
DA:11,0
DA:15,0
DA:16,0
DA:18,0
DA:19,0
DA:21,0
DA:22,0
DA:23,0
DA:34,0
DA:36,0
DA:37,0
DA:38,0
DA:39,0
DA:41,0
DA:45,0
DA:46,0
DA:48,0
DA:59,0
DA:60,0
DA:63,0
DA:67,0
LF:24
LH:0
BRDA:16,0,0,0
BRDA:16,0,1,0
BRDA:18,1,0,0
BRDA:18,1,1,0
BRDA:18,1,2,0
BRDA:19,2,0,0
BRDA:19,2,1,0
BRDA:19,2,2,0
BRDA:21,3,0,0
BRDA:21,3,1,0
BRDA:22,4,0,0
BRDA:22,4,1,0
BRDA:23,5,0,0
BRDA:23,5,1,0
BRDA:34,6,0,0
BRDA:34,6,1,0
BRDA:27,7,0,0
BRDA:27,7,1,0
BRDA:25,8,0,0
BRDA:25,8,1,0
BRDA:28,9,0,0
BRDA:28,9,1,0
BRDA:37,10,0,0
BRDA:37,10,1,0
BRDA:39,11,0,0
BRDA:39,11,1,0
BRDA:39,11,2,0
BRDA:49,12,0,0
BRDA:49,12,1,0
BRDA:51,13,0,0
BRDA:51,13,1,0
BRDA:53,14,0,0
BRDA:53,14,1,0
BRDA:59,15,0,0
BRDA:59,15,1,0
BRDA:60,16,0,0
BRDA:60,16,1,0
BRDA:60,16,2,0
BRDA:60,16,3,0
BRDA:60,16,4,0
BRDA:65,17,0,0
BRDA:65,17,1,0
BRDA:65,17,2,0
BRF:43
BRH:0
end_of_record
TN:
SF:/Users/janelthomas/reactJS/ssr-react-router-node-app/build/webpack:/node_modules/scheduler/index.js
FNF:0
FNH:0
DA:4,0
LF:1
LH:0
BRF:0
BRH:0
end_of_record
TN:
SF:/Users/janelthomas/reactJS/ssr-react-router-node-app/build/webpack:/node_modules/scheduler/cjs/scheduler.production.min.js
FN:10,(anonymous_512)
FN:10,(anonymous_513)
FN:10,f
FN:11,p
FN:12,d
FN:12,h
FN:13,C
FN:13,(anonymous_519)
FN:13,(anonymous_520)
FN:13,(anonymous_521)
FN:13,(anonymous_522)
FN:14,N
FN:14,v
FN:14,g
FN:14,b
FN:14,(anonymous_527)
FN:15,b
FN:16,(anonymous_529)
FN:16,z
FN:16,_v
FN:16,g
FN:17,(anonymous_533)
FN:18,(anonymous_534)
FN:19,(anonymous_535)
FN:19,(anonymous_536)
FN:19,(anonymous_537)
FN:19,(anonymous_538)
FNF:27
FNH:0
FNDA:0,(anonymous_512)
FNDA:0,(anonymous_513)
FNDA:0,f
FNDA:0,p
FNDA:0,d
FNDA:0,h
FNDA:0,C
FNDA:0,(anonymous_519)
FNDA:0,(anonymous_520)
FNDA:0,(anonymous_521)
FNDA:0,(anonymous_522)
FNDA:0,N
FNDA:0,v
FNDA:0,g
FNDA:0,b
FNDA:0,(anonymous_527)
FNDA:0,b
FNDA:0,(anonymous_529)
FNDA:0,z
FNDA:0,_v
FNDA:0,g
FNDA:0,(anonymous_533)
FNDA:0,(anonymous_534)
FNDA:0,(anonymous_535)
FNDA:0,(anonymous_536)
FNDA:0,(anonymous_537)
FNDA:0,(anonymous_538)
DA:10,0
DA:11,0
DA:12,0
DA:13,0
DA:14,0
DA:15,0
DA:16,0
DA:17,0
DA:18,0
DA:19,0
LF:10
LH:0
BRDA:10,0,0,0
BRDA:10,0,1,0
BRDA:10,1,0,0
BRDA:10,1,1,0
BRDA:10,2,0,0
BRDA:10,2,1,0
BRDA:10,3,0,0
BRDA:10,3,1,0
BRDA:10,4,0,0
BRDA:10,4,1,0
BRDA:10,5,0,0
BRDA:10,5,1,0
BRDA:10,6,0,0
BRDA:10,6,1,0
BRDA:10,7,0,0
BRDA:10,7,1,0
BRDA:10,8,0,0
BRDA:10,8,1,0
BRDA:10,9,0,0
BRDA:10,9,1,0
BRDA:11,10,0,0
BRDA:11,10,1,0
BRDA:11,11,0,0
BRDA:11,11,1,0
BRDA:11,12,0,0
BRDA:11,12,1,0
BRDA:11,13,0,0
BRDA:11,13,1,0
BRDA:12,14,0,0
BRDA:12,14,1,0
BRDA:12,15,0,0
BRDA:12,15,1,0
BRDA:12,15,2,0
BRDA:12,16,0,0
BRDA:12,16,1,0
BRDA:12,17,0,0
BRDA:12,17,1,0
BRDA:12,18,0,0
BRDA:12,18,1,0
BRDA:12,19,0,0
BRDA:12,19,1,0
BRDA:12,20,0,0
BRDA:12,20,1,0
BRDA:12,21,0,0
BRDA:12,21,1,0
BRDA:12,22,0,0
BRDA:12,22,1,0
BRDA:12,23,0,0
BRDA:12,23,1,0
BRDA:13,24,0,0
BRDA:13,24,1,0
BRDA:13,25,0,0
BRDA:13,25,1,0
BRDA:14,26,0,0
BRDA:14,26,1,0
BRDA:14,27,0,0
BRDA:14,27,1,0
BRDA:14,28,0,0
BRDA:14,28,1,0
BRDA:14,29,0,0
BRDA:14,29,1,0
BRDA:14,30,0,0
BRDA:14,30,1,0
BRDA:14,31,0,0
BRDA:14,31,1,0
BRDA:14,32,0,0
BRDA:14,32,1,0
BRDA:14,33,0,0
BRDA:14,33,1,0
BRDA:15,34,0,0
BRDA:15,34,1,0
BRDA:15,35,0,0
BRDA:15,35,1,0
BRDA:16,36,0,0
BRDA:16,36,1,0
BRDA:16,37,0,0
BRDA:16,37,1,0
BRDA:16,38,0,0
BRDA:16,38,1,0
BRDA:16,39,0,0
BRDA:16,39,1,0
BRDA:16,40,0,0
BRDA:16,40,1,0
BRDA:16,41,0,0
BRDA:16,41,1,0
BRDA:16,42,0,0
BRDA:16,42,1,0
BRDA:16,43,0,0
BRDA:16,43,1,0
BRDA:16,44,0,0
BRDA:16,44,1,0
BRDA:16,45,0,0
BRDA:16,45,1,0
BRDA:16,46,0,0
BRDA:16,46,1,0
BRDA:16,47,0,0
BRDA:16,47,1,0
BRDA:17,48,0,0
BRDA:17,48,1,0
BRDA:17,48,2,0
BRDA:17,48,3,0
BRDA:17,48,4,0
BRDA:18,49,0,0
BRDA:18,49,1,0
BRDA:18,50,0,0
BRDA:18,50,1,0
BRDA:18,51,0,0
BRDA:18,51,1,0
BRDA:18,51,2,0
BRDA:18,52,0,0
BRDA:18,52,1,0
BRDA:18,52,2,0
BRDA:18,52,3,0
BRDA:18,53,0,0
BRDA:18,53,1,0
BRDA:18,54,0,0
BRDA:18,54,1,0
BRDA:18,55,0,0
BRDA:18,55,1,0
BRDA:19,56,0,0
BRDA:19,56,1,0
BRDA:19,57,0,0
BRDA:19,57,1,0
BRDA:19,58,0,0
BRDA:19,58,1,0
BRF:125
BRH:0
end_of_record
TN:
SF:/Users/janelthomas/reactJS/ssr-react-router-node-app/build/webpack:/node_modules/value-equal/index.js
FN:1,(anonymous_16)
FN:3,e
FN:9,(anonymous_19)
FN:30,(anonymous_20)
FNF:4
FNH:0
FNDA:0,(anonymous_16)
FNDA:0,e
FNDA:0,(anonymous_19)
FNDA:0,(anonymous_20)
DA:1,0
DA:3,0
DA:4,0
DA:6,0
DA:8,0
DA:9,0
DA:10,0
DA:14,0
DA:17,0
DA:19,0
DA:20,0
DA:21,0
DA:23,0
DA:25,0
DA:26,0
DA:28,0
DA:31,0
DA:35,0
LF:18
LH:0
BRDA:1,0,0,0
BRDA:1,1,0,0
BRDA:1,1,1,0
BRDA:1,2,0,0
BRDA:1,2,1,0
BRDA:1,3,0,0
BRDA:1,3,1,0
BRDA:1,3,2,0
BRDA:1,3,3,0
BRDA:4,4,0,0
BRDA:4,4,1,0
BRDA:6,5,0,0
BRDA:6,5,1,0
BRDA:6,6,0,0
BRDA:6,6,1,0
BRDA:8,7,0,0
BRDA:8,7,1,0
BRDA:9,8,0,0
BRDA:9,8,1,0
BRDA:9,8,2,0
BRDA:14,9,0,0
BRDA:14,9,1,0
BRDA:17,10,0,0
BRDA:17,10,1,0
BRDA:15,11,0,0
BRDA:15,11,1,0
BRDA:19,12,0,0
BRDA:19,12,1,0
BRDA:23,13,0,0
BRDA:23,13,1,0
BRDA:23,14,0,0
BRDA:23,14,1,0
BRDA:28,15,0,0
BRDA:28,15,1,0
BRF:34
BRH:0
end_of_record
TN:
SF:/Users/janelthomas/reactJS/ssr-react-router-node-app/build/webpack:/node_modules/warning/warning.js
FN:19,r
FNF:1
FNH:0
FNDA:0,r
DA:19,0
DA:62,0
LF:2
LH:0
BRF:0
BRH:0
end_of_record
TN:
SF:/Users/janelthomas/reactJS/ssr-react-router-node-app/build/webpack:/webpack/bootstrap
FN:2,t
FN:34,n
FN:64,l
FN:95,(anonymous_7)
FN:102,(anonymous_8)
FN:114,(anonymous_9)
FN:121,(anonymous_10)
FN:126,(anonymous_11)
FN:128,(anonymous_12)
FN:129,(anonymous_13)
FN:135,(anonymous_14)
FN:151,_
FNF:12
FNH:0
FNDA:0,t
FNDA:0,n
FNDA:0,l
FNDA:0,(anonymous_7)
FNDA:0,(anonymous_8)
FNDA:0,(anonymous_9)
FNDA:0,(anonymous_10)
FNDA:0,(anonymous_11)
FNDA:0,(anonymous_12)
FNDA:0,(anonymous_13)
FNDA:0,(anonymous_14)
FNDA:0,_
DA:10,0
DA:11,0
DA:17,0
DA:18,0
DA:24,0
DA:25,0
DA:32,0
DA:36,0
DA:39,0
DA:40,0
DA:41,0
DA:43,0
DA:48,0
DA:52,0
DA:57,0
DA:61,0
DA:67,0
DA:68,0
DA:71,0
DA:84,0
DA:89,0
DA:96,0
DA:103,0
DA:116,0
DA:117,0
DA:118,0
DA:121,0
DA:122,0
DA:127,0
DA:128,0
DA:129,0
DA:131,0
DA:135,0
DA:140,0
DA:141,0
DA:142,0
DA:144,0
DA:145,0
DA:149,0
DA:151,0
LF:40
LH:0
BRDA:12,0,0,0
BRDA:12,0,1,0
BRDA:18,1,0,0
BRDA:18,1,1,0
BRDA:29,2,0,0
BRDA:29,2,1,0
BRDA:41,3,0,0
BRDA:41,3,1,0
BRDA:43,4,0,0
BRDA:43,4,1,0
BRDA:67,5,0,0
BRDA:67,5,1,0
BRDA:96,6,0,0
BRDA:96,6,1,0
BRDA:103,7,0,0
BRDA:103,7,1,0
BRDA:103,7,2,0
BRDA:116,8,0,0
BRDA:116,8,1,0
BRDA:115,9,0,0
BRDA:115,9,1,0
BRDA:117,10,0,0
BRDA:117,10,1,0
BRDA:117,11,0,0
BRDA:117,11,1,0
BRDA:117,11,2,0
BRDA:117,11,3,0
BRDA:121,12,0,0
BRDA:121,12,1,0
BRDA:121,13,0,0
BRDA:121,13,1,0
BRDA:128,14,0,0
BRDA:128,14,1,0
BRDA:127,15,0,0
BRDA:127,15,1,0
BRDA:140,16,0,0
BRDA:140,16,1,0
BRF:37
BRH:0
end_of_record
